2024-09-11 08:48:53,458 - INFO - Starting video processing for tmp/sample1.mp4
2024-09-11 08:48:53,514 - INFO - Grouping frame 0/734
2024-09-11 08:48:54,597 - INFO - Grouping frame 100/734
2024-09-11 08:48:55,617 - INFO - Grouping frame 200/734
2024-09-11 08:48:56,666 - INFO - Grouping frame 300/734
2024-09-11 08:48:57,703 - INFO - Grouping frame 400/734
2024-09-11 08:48:58,746 - INFO - Grouping frame 500/734
2024-09-11 08:48:59,742 - INFO - Grouping frame 600/734
2024-09-11 08:49:00,786 - INFO - Grouping frame 700/734
2024-09-11 08:49:01,133 - INFO - Grouped frames into 10 groups
2024-09-11 08:49:01,144 - INFO - Original video dimensions: 1440x1080
2024-09-11 08:49:01,145 - INFO - Analyzing group 1 with 14 frames
2024-09-11 08:49:01,145 - INFO - Original frame size: 1440x1080
2024-09-11 08:49:01,145 - INFO - Resized frame for API: 512x384
2024-09-11 08:49:05,690 - INFO - GPT Analysis: {
  "text_lines": []
}
2024-09-11 08:49:05,690 - INFO - Detected 0 text blocks
2024-09-11 08:49:05,690 - INFO - No text detected in group 1, skipping further analysis
2024-09-11 08:49:05,691 - INFO - Analyzing group 2 with 19 frames
2024-09-11 08:49:05,691 - INFO - Original frame size: 1440x1080
2024-09-11 08:49:05,692 - INFO - Resized frame for API: 512x384
2024-09-11 08:49:07,474 - INFO - GPT Analysis: {
  "text_lines": []
}
2024-09-11 08:49:07,474 - INFO - Detected 0 text blocks
2024-09-11 08:49:07,474 - INFO - No text detected in group 2, skipping further analysis
2024-09-11 08:49:07,474 - INFO - Analyzing group 3 with 24 frames
2024-09-11 08:49:07,474 - INFO - Original frame size: 1440x1080
2024-09-11 08:49:07,475 - INFO - Resized frame for API: 512x384
2024-09-11 08:49:09,573 - INFO - GPT Analysis: {
  "text_lines": []
}
2024-09-11 08:49:09,573 - INFO - Detected 0 text blocks
2024-09-11 08:49:09,574 - INFO - No text detected in group 3, skipping further analysis
2024-09-11 08:49:09,574 - INFO - Analyzing group 4 with 20 frames
2024-09-11 08:49:09,574 - INFO - Original frame size: 1440x1080
2024-09-11 08:49:09,575 - INFO - Resized frame for API: 512x384
2024-09-11 08:49:10,924 - INFO - GPT Analysis: {
  "text_lines": []
}
2024-09-11 08:49:10,924 - INFO - Detected 0 text blocks
2024-09-11 08:49:10,925 - INFO - No text detected in group 4, skipping further analysis
2024-09-11 08:49:10,925 - INFO - Analyzing group 5 with 15 frames
2024-09-11 08:49:10,925 - INFO - Original frame size: 1440x1080
2024-09-11 08:49:10,926 - INFO - Resized frame for API: 512x384
2024-09-11 08:49:13,264 - INFO - GPT Analysis: {
  "text_lines": []
}
2024-09-11 08:49:13,264 - INFO - Detected 0 text blocks
2024-09-11 08:49:13,264 - INFO - No text detected in group 5, skipping further analysis
2024-09-11 08:49:13,264 - INFO - Analyzing group 6 with 28 frames
2024-09-11 08:49:13,264 - INFO - Original frame size: 1440x1080
2024-09-11 08:49:13,265 - INFO - Resized frame for API: 512x384
2024-09-11 08:49:14,511 - INFO - GPT Analysis: {
  "text_lines": []
}
2024-09-11 08:49:14,512 - INFO - Detected 0 text blocks
2024-09-11 08:49:14,512 - INFO - No text detected in group 6, skipping further analysis
2024-09-11 08:49:14,512 - INFO - Analyzing group 7 with 45 frames
2024-09-11 08:49:14,513 - INFO - Original frame size: 1440x1080
2024-09-11 08:49:14,513 - INFO - Resized frame for API: 512x384
2024-09-11 08:49:16,934 - INFO - GPT Analysis: {
  "text_lines": []
}
2024-09-11 08:49:16,934 - INFO - Detected 0 text blocks
2024-09-11 08:49:16,934 - INFO - No text detected in group 7, skipping further analysis
2024-09-11 08:49:16,934 - INFO - Analyzing group 8 with 8 frames
2024-09-11 08:49:16,934 - INFO - Original frame size: 1440x1080
2024-09-11 08:49:16,935 - INFO - Resized frame for API: 512x384
2024-09-11 08:49:18,581 - INFO - GPT Analysis: {
  "text_lines": []
}
2024-09-11 08:49:18,581 - INFO - Detected 0 text blocks
2024-09-11 08:49:18,582 - INFO - No text detected in group 8, skipping further analysis
2024-09-11 08:49:18,582 - INFO - Analyzing group 9 with 305 frames
2024-09-11 08:49:18,582 - INFO - Original frame size: 1440x1080
2024-09-11 08:49:18,582 - INFO - Resized frame for API: 512x384
2024-09-11 08:49:23,356 - INFO - GPT Analysis: {
  "text_lines": [
    {
      "content": "You have lingered in stillness, but the pulse outside is growing louder. It's time.",
      "top_left_corner": {
        "x": 25,
        "y": 140
      },
      "bottom_right_corner": {
        "x": 490,
        "y": 165
      }
    },
    {
      "content": "The cave served its purpose, but now it threatens to swallow you whole.",
      "top_left_corner": {
        "x": 35,
        "y": 168
      },
      "bottom_right_corner": {
        "x": 505,
        "y": 195
      }
    }
  ]
}
2024-09-11 08:49:23,357 - INFO - Text block 1: Content: 'You have lingered in stillness, but the pulse outside is growing louder. It's time.', API position: [x=25, y=140, w=465, h=25]
2024-09-11 08:49:23,357 - INFO - Text block 2: Content: 'The cave served its purpose, but now it threatens to swallow you whole.', API position: [x=35, y=168, w=470, h=27]
2024-09-11 08:49:23,357 - INFO - Detected 2 text blocks
2024-09-11 08:49:23,357 - INFO - Original frame size: 1440x1080
2024-09-11 08:49:23,358 - INFO - Resized frame for API: 512x384
2024-09-11 08:49:27,296 - INFO - GPT Analysis: {
  "text_lines": [
    {
      "content": "You have lingered in stillness, but the pulse outside is growing louder. It's time.",
      "top_left_corner": {
        "x": 20,
        "y": 180
      },
      "bottom_right_corner": {
        "x": 490,
        "y": 210
      }
    },
    {
      "content": "The cave served its purpose, but now it threatens to swallow you whole.",
      "top_left_corner": {
        "x": 45,
        "y": 220
      },
      "bottom_right_corner": {
        "x": 460,
        "y": 250
      }
    }
  ]
}
2024-09-11 08:49:27,296 - INFO - Text block 1: Content: 'You have lingered in stillness, but the pulse outside is growing louder. It's time.', API position: [x=20, y=180, w=470, h=30]
2024-09-11 08:49:27,297 - INFO - Text block 2: Content: 'The cave served its purpose, but now it threatens to swallow you whole.', API position: [x=45, y=220, w=415, h=30]
2024-09-11 08:49:27,297 - INFO - Detected 2 text blocks
2024-09-11 08:49:27,297 - INFO - Analyzed frame 1/5 in group. Detected 2 text blocks.
2024-09-11 08:49:27,298 - INFO - Original frame size: 1440x1080
2024-09-11 08:49:27,299 - INFO - Resized frame for API: 512x384
2024-09-11 08:49:32,668 - INFO - GPT Analysis: {
  "text_lines": [
    {
      "content": "You have lingered in stillness, but the pulse outside is growing louder. It's time.",
      "top_left_corner": {
        "x": 40,
        "y": 110
      },
      "bottom_right_corner": {
        "x": 470,
        "y": 140
      }
    },
    {
      "content": "The cave served its purpose, but now it threatens to swallow you whole.",
      "top_left_corner": {
        "x": 60,
        "y": 150
      },
      "bottom_right_corner": {
        "x": 450,
        "y": 180
      }
    }
  ]
}
2024-09-11 08:49:32,668 - INFO - Text block 1: Content: 'You have lingered in stillness, but the pulse outside is growing louder. It's time.', API position: [x=40, y=110, w=430, h=30]
2024-09-11 08:49:32,669 - INFO - Text block 2: Content: 'The cave served its purpose, but now it threatens to swallow you whole.', API position: [x=60, y=150, w=390, h=30]
2024-09-11 08:49:32,669 - INFO - Detected 2 text blocks
2024-09-11 08:49:32,669 - INFO - Analyzed frame 77/5 in group. Detected 2 text blocks.
2024-09-11 08:49:32,670 - INFO - Original frame size: 1440x1080
2024-09-11 08:49:32,671 - INFO - Resized frame for API: 512x384
2024-09-11 08:49:38,907 - INFO - GPT Analysis: {
  "text_lines": [
    {
      "content": "You have lingered in stillness, but the pulse outside is growing louder. It's time.",
      "top_left_corner": {
        "x": 42,
        "y": 130
      },
      "bottom_right_corner": {
        "x": 469,
        "y": 155
      }
    },
    {
      "content": "The cave served its purpose, but now it threatens to swallow you whole.",
      "top_left_corner": {
        "x": 85,
        "y": 160
      },
      "bottom_right_corner": {
        "x": 451,
        "y": 185
      }
    }
  ]
}
2024-09-11 08:49:38,908 - INFO - Text block 1: Content: 'You have lingered in stillness, but the pulse outside is growing louder. It's time.', API position: [x=42, y=130, w=427, h=25]
2024-09-11 08:49:38,908 - INFO - Text block 2: Content: 'The cave served its purpose, but now it threatens to swallow you whole.', API position: [x=85, y=160, w=366, h=25]
2024-09-11 08:49:38,908 - INFO - Detected 2 text blocks
2024-09-11 08:49:38,908 - INFO - Analyzed frame 153/5 in group. Detected 2 text blocks.
2024-09-11 08:49:38,908 - INFO - Original frame size: 1440x1080
2024-09-11 08:49:38,909 - INFO - Resized frame for API: 512x384
2024-09-11 08:49:45,964 - INFO - GPT Analysis: {
  "text_lines": [
    {
      "content": "You have lingered in stillness, but the pulse outside is growing louder. It's time.",
      "top_left_corner": {
        "x": 34,
        "y": 180
      },
      "bottom_right_corner": {
        "x": 475,
        "y": 205
      }
    },
    {
      "content": "The cave served its purpose, but now it threatens to swallow you whole.",
      "top_left_corner": {
        "x": 60,
        "y": 210
      },
      "bottom_right_corner": {
        "x": 455,
        "y": 235
      }
    }
  ]
}
2024-09-11 08:49:45,966 - INFO - Text block 1: Content: 'You have lingered in stillness, but the pulse outside is growing louder. It's time.', API position: [x=34, y=180, w=441, h=25]
2024-09-11 08:49:45,967 - INFO - Text block 2: Content: 'The cave served its purpose, but now it threatens to swallow you whole.', API position: [x=60, y=210, w=395, h=25]
2024-09-11 08:49:45,968 - INFO - Detected 2 text blocks
2024-09-11 08:49:45,968 - INFO - Analyzed frame 229/5 in group. Detected 2 text blocks.
2024-09-11 08:49:45,969 - INFO - Original frame size: 1440x1080
2024-09-11 08:49:45,970 - INFO - Resized frame for API: 512x384
2024-09-11 08:49:50,289 - INFO - GPT Analysis: {
  "text_lines": [
    {
      "content": "You have lingered in stillness, but the pulse outside is growing louder. It's time.",
      "top_left_corner": {
        "x": 25,
        "y": 120
      },
      "bottom_right_corner": {
        "x": 472,
        "y": 140
      }
    },
    {
      "content": "The cave served its purpose, but now it threatens to swallow you whole.",
      "top_left_corner": {
        "x": 50,
        "y": 155
      },
      "bottom_right_corner": {
        "x": 440,
        "y": 175
      }
    }
  ]
}
2024-09-11 08:49:50,289 - INFO - Text block 1: Content: 'You have lingered in stillness, but the pulse outside is growing louder. It's time.', API position: [x=25, y=120, w=447, h=20]
2024-09-11 08:49:50,289 - INFO - Text block 2: Content: 'The cave served its purpose, but now it threatens to swallow you whole.', API position: [x=50, y=155, w=390, h=20]
2024-09-11 08:49:50,289 - INFO - Detected 2 text blocks
2024-09-11 08:49:50,289 - INFO - Analyzed frame 305/5 in group. Detected 2 text blocks.
2024-09-11 08:49:50,290 - INFO - Averaged text block: 'You have lingered in stillness, but the pulse outside is growing louder. It's time.', Position: x=32, y=144, w=443, h=26
2024-09-11 08:49:50,290 - INFO - Averaged text block: 'The cave served its purpose, but now it threatens to swallow you whole.', Position: x=60, y=179, w=391, h=26
2024-09-11 08:49:50,290 - INFO - Total averaged text blocks: 2
2024-09-11 08:49:51,385 - INFO - Original text: You have lingered in stillness, but the pulse outside is growing louder. It's time.
2024-09-11 08:49:51,385 - INFO - Translated text: Ты задержался в тишине, но пульс снаружи становится все громче. Пришло время.
2024-09-11 08:49:52,546 - INFO - Original text: The cave served its purpose, but now it threatens to swallow you whole.
2024-09-11 08:49:52,546 - INFO - Translated text: Пещера выполнила свою функцию, но теперь она угрожает поглотить тебя целиком.
2024-09-11 08:49:52,546 - INFO - Processed text block: Original: 'You have lingered in stillness, but the pulse outside is growing louder. It's time.', Translated: 'Ты задержался в тишине, но пульс снаружи становится все громче. Пришло время.', Position: [x=0, y=384, w=1440, h=87]
2024-09-11 08:49:52,546 - INFO - Processed text block: Original: 'The cave served its purpose, but now it threatens to swallow you whole.', Translated: 'Пещера выполнила свою функцию, но теперь она угрожает поглотить тебя целиком.', Position: [x=59, y=482, w=1318, h=87]
2024-09-11 08:49:52,546 - INFO - Group 9: Processed 2 unique text blocks
2024-09-11 08:49:52,546 - INFO - Analyzing group 10 with 256 frames
2024-09-11 08:49:52,547 - INFO - Original frame size: 1440x1080
2024-09-11 08:49:52,548 - INFO - Resized frame for API: 512x384
2024-09-11 08:50:02,789 - INFO - GPT Analysis: {
  "text_lines": [
    {
      "content": "Do not fear the light, nor the cold wind that greets you. They are not",
      "top_left_corner": {
        "x": 30,
        "y": 180
      },
      "bottom_right_corner": {
        "x": 480,
        "y": 210
      }
    },
    {
      "content": "enemies. They are the forces you must ride. The forces that will carry you",
      "top_left_corner": {
        "x": 30,
        "y": 215
      },
      "bottom_right_corner": {
        "x": 480,
        "y": 245
      }
    },
    {
      "content": "further than your patience ever could.",
      "top_left_corner": {
        "x": 30,
        "y": 250
      },
      "bottom_right_corner": {
        "x": 380,
        "y": 280
      }
    },
    {
      "content": "One step... then another. You were never meant to stay.",
      "top_left_corner": {
        "x": 30,
        "y": 300
      },
      "bottom_right_corner": {
        "x": 440,
        "y": 330
      }
    }
  ]
}
2024-09-11 08:50:02,789 - INFO - Text block 1: Content: 'Do not fear the light, nor the cold wind that greets you. They are not', API position: [x=30, y=180, w=450, h=30]
2024-09-11 08:50:02,790 - INFO - Text block 2: Content: 'enemies. They are the forces you must ride. The forces that will carry you', API position: [x=30, y=215, w=450, h=30]
2024-09-11 08:50:02,790 - INFO - Text block 3: Content: 'further than your patience ever could.', API position: [x=30, y=250, w=350, h=30]
2024-09-11 08:50:02,790 - INFO - Text block 4: Content: 'One step... then another. You were never meant to stay.', API position: [x=30, y=300, w=410, h=30]
2024-09-11 08:50:02,790 - INFO - Detected 4 text blocks
2024-09-11 08:50:02,791 - INFO - Original frame size: 1440x1080
2024-09-11 08:50:02,792 - INFO - Resized frame for API: 512x384
2024-09-11 08:50:13,403 - INFO - GPT Analysis: {
  "text_lines": [
    {
      "content": "Do not fear the light, nor the cold wind that greets you. They are not",
      "top_left_corner": {
        "x": 35,
        "y": 180
      },
      "bottom_right_corner": {
        "x": 498,
        "y": 215
      }
    },
    {
      "content": "enemies. They are the forces you must ride. The forces that will carry you",
      "top_left_corner": {
        "x": 35,
        "y": 220
      },
      "bottom_right_corner": {
        "x": 498,
        "y": 255
      }
    },
    {
      "content": "further than your patience ever could.",
      "top_left_corner": {
        "x": 35,
        "y": 260
      },
      "bottom_right_corner": {
        "x": 498,
        "y": 295
      }
    },
    {
      "content": "One step... then another. You were never meant to stay.",
      "top_left_corner": {
        "x": 105,
        "y": 305
      },
      "bottom_right_corner": {
        "x": 470,
        "y": 340
      }
    }
  ]
}
2024-09-11 08:50:13,403 - INFO - Text block 1: Content: 'Do not fear the light, nor the cold wind that greets you. They are not', API position: [x=35, y=180, w=463, h=35]
2024-09-11 08:50:13,403 - INFO - Text block 2: Content: 'enemies. They are the forces you must ride. The forces that will carry you', API position: [x=35, y=220, w=463, h=35]
2024-09-11 08:50:13,403 - INFO - Text block 3: Content: 'further than your patience ever could.', API position: [x=35, y=260, w=463, h=35]
2024-09-11 08:50:13,403 - INFO - Text block 4: Content: 'One step... then another. You were never meant to stay.', API position: [x=105, y=305, w=365, h=35]
2024-09-11 08:50:13,403 - INFO - Detected 4 text blocks
2024-09-11 08:50:13,403 - INFO - Analyzed frame 1/5 in group. Detected 4 text blocks.
2024-09-11 08:50:13,404 - INFO - Original frame size: 1440x1080
2024-09-11 08:50:13,404 - INFO - Resized frame for API: 512x384
2024-09-11 08:50:22,485 - INFO - GPT Analysis: {
  "text_lines": [
    {
      "content": "Do not fear the light, nor the cold wind that greets you.",
      "top_left_corner": {
        "x": 55,
        "y": 190
      },
      "bottom_right_corner": {
        "x": 425,
        "y": 210
      }
    },
    {
      "content": "They are not enemies. They are the forces you must ride.",
      "top_left_corner": {
        "x": 85,
        "y": 210
      },
      "bottom_right_corner": {
        "x": 405,
        "y": 230
      }
    },
    {
      "content": "The forces that will carry you further than your patience ever could.",
      "top_left_corner": {
        "x": 45,
        "y": 230
      },
      "bottom_right_corner": {
        "x": 455,
        "y": 250
      }
    },
    {
      "content": "One step... then another. You were never meant to stay.",
      "top_left_corner": {
        "x": 75,
        "y": 270
      },
      "bottom_right_corner": {
        "x": 405,
        "y": 290
      }
    }
  ]
}
2024-09-11 08:50:22,485 - INFO - Text block 1: Content: 'Do not fear the light, nor the cold wind that greets you.', API position: [x=55, y=190, w=370, h=20]
2024-09-11 08:50:22,485 - INFO - Text block 2: Content: 'They are not enemies. They are the forces you must ride.', API position: [x=85, y=210, w=320, h=20]
2024-09-11 08:50:22,485 - INFO - Text block 3: Content: 'The forces that will carry you further than your patience ever could.', API position: [x=45, y=230, w=410, h=20]
2024-09-11 08:50:22,486 - INFO - Text block 4: Content: 'One step... then another. You were never meant to stay.', API position: [x=75, y=270, w=330, h=20]
2024-09-11 08:50:22,486 - INFO - Detected 4 text blocks
2024-09-11 08:50:22,486 - INFO - Analyzed frame 64/5 in group. Detected 4 text blocks.
2024-09-11 08:50:22,486 - INFO - Original frame size: 1440x1080
2024-09-11 08:50:22,486 - INFO - Resized frame for API: 512x384
2024-09-11 08:50:34,800 - INFO - GPT Analysis: {
  "text_lines": [
    {
      "content": "Do not fear the light, nor the cold wind that greets you. They are not",
      "top_left_corner": {
        "x": 25,
        "y": 180
      },
      "bottom_right_corner": {
        "x": 470,
        "y": 205
      }
    },
    {
      "content": "enemies. They are the forces you must ride. The forces that will carry you",
      "top_left_corner": {
        "x": 25,
        "y": 210
      },
      "bottom_right_corner": {
        "x": 520,
        "y": 235
      }
    },
    {
      "content": "further than your patience ever could.",
      "top_left_corner": {
        "x": 25,
        "y": 240
      },
      "bottom_right_corner": {
        "x": 380,
        "y": 265
      }
    },
    {
      "content": "One step... then another. You were never meant to stay.",
      "top_left_corner": {
        "x": 25,
        "y": 285
      },
      "bottom_right_corner": {
        "x": 430,
        "y": 310
      }
    }
  ]
}
2024-09-11 08:50:34,801 - INFO - Text block 1: Content: 'Do not fear the light, nor the cold wind that greets you. They are not', API position: [x=25, y=180, w=445, h=25]
2024-09-11 08:50:34,801 - INFO - Text block 2: Content: 'enemies. They are the forces you must ride. The forces that will carry you', API position: [x=25, y=210, w=495, h=25]
2024-09-11 08:50:34,801 - INFO - Text block 3: Content: 'further than your patience ever could.', API position: [x=25, y=240, w=355, h=25]
2024-09-11 08:50:34,801 - INFO - Text block 4: Content: 'One step... then another. You were never meant to stay.', API position: [x=25, y=285, w=405, h=25]
2024-09-11 08:50:34,801 - INFO - Detected 4 text blocks
2024-09-11 08:50:34,801 - INFO - Analyzed frame 128/5 in group. Detected 4 text blocks.
2024-09-11 08:50:34,801 - INFO - Original frame size: 1440x1080
2024-09-11 08:50:34,802 - INFO - Resized frame for API: 512x384
2024-09-11 08:50:44,268 - INFO - GPT Analysis: {
  "text_lines": [
    {
      "content": "Do not fear the light, nor the cold wind that greets you. They are not",
      "top_left_corner": {
        "x": 45,
        "y": 125
      },
      "bottom_right_corner": {
        "x": 470,
        "y": 150
      }
    },
    {
      "content": "enemies. They are the forces you must ride. The forces that will carry you",
      "top_left_corner": {
        "x": 45,
        "y": 150
      },
      "bottom_right_corner": {
        "x": 470,
        "y": 175
      }
    },
    {
      "content": "further than your patience ever could.",
      "top_left_corner": {
        "x": 45,
        "y": 175
      },
      "bottom_right_corner": {
        "x": 470,
        "y": 200
      }
    },
    {
      "content": "One step... then another. You were never meant to stay.",
      "top_left_corner": {
        "x": 100,
        "y": 225
      },
      "bottom_right_corner": {
        "x": 450,
        "y": 250
      }
    }
  ]
}
2024-09-11 08:50:44,268 - INFO - Text block 1: Content: 'Do not fear the light, nor the cold wind that greets you. They are not', API position: [x=45, y=125, w=425, h=25]
2024-09-11 08:50:44,268 - INFO - Text block 2: Content: 'enemies. They are the forces you must ride. The forces that will carry you', API position: [x=45, y=150, w=425, h=25]
2024-09-11 08:50:44,268 - INFO - Text block 3: Content: 'further than your patience ever could.', API position: [x=45, y=175, w=425, h=25]
2024-09-11 08:50:44,268 - INFO - Text block 4: Content: 'One step... then another. You were never meant to stay.', API position: [x=100, y=225, w=350, h=25]
2024-09-11 08:50:44,268 - INFO - Detected 4 text blocks
2024-09-11 08:50:44,268 - INFO - Analyzed frame 192/5 in group. Detected 4 text blocks.
2024-09-11 08:50:44,268 - INFO - Original frame size: 1440x1080
2024-09-11 08:50:44,269 - INFO - Resized frame for API: 512x384
2024-09-11 08:50:53,663 - INFO - GPT Analysis: {
  "text_lines": [
    {
      "content": "Do not fear the light, nor the cold wind that greets you. They are not",
      "top_left_corner": {
        "x": 45,
        "y": 170
      },
      "bottom_right_corner": {
        "x": 470,
        "y": 200
      }
    },
    {
      "content": "enemies. They are the forces you must ride. The forces that will carry you",
      "top_left_corner": {
        "x": 40,
        "y": 200
      },
      "bottom_right_corner": {
        "x": 470,
        "y": 230
      }
    },
    {
      "content": "further than your patience ever could.",
      "top_left_corner": {
        "x": 120,
        "y": 230
      },
      "bottom_right_corner": {
        "x": 430,
        "y": 260
      }
    },
    {
      "content": "One step... then another. You were never meant to stay.",
      "top_left_corner": {
        "x": 110,
        "y": 290
      },
      "bottom_right_corner": {
        "x": 420,
        "y": 320
      }
    }
  ]
}
2024-09-11 08:50:53,663 - INFO - Text block 1: Content: 'Do not fear the light, nor the cold wind that greets you. They are not', API position: [x=45, y=170, w=425, h=30]
2024-09-11 08:50:53,664 - INFO - Text block 2: Content: 'enemies. They are the forces you must ride. The forces that will carry you', API position: [x=40, y=200, w=430, h=30]
2024-09-11 08:50:53,664 - INFO - Text block 3: Content: 'further than your patience ever could.', API position: [x=120, y=230, w=310, h=30]
2024-09-11 08:50:53,664 - INFO - Text block 4: Content: 'One step... then another. You were never meant to stay.', API position: [x=110, y=290, w=310, h=30]
2024-09-11 08:50:53,665 - INFO - Detected 4 text blocks
2024-09-11 08:50:53,665 - INFO - Analyzed frame 256/5 in group. Detected 4 text blocks.
2024-09-11 08:50:53,665 - INFO - Averaged text block: 'Do not fear the light, nor the cold wind that greets you. They are not', Position: x=37, y=163, w=439, h=28
2024-09-11 08:50:53,666 - INFO - Averaged text block: 'enemies. They are the forces you must ride. The forces that will carry you', Position: x=36, y=195, w=453, h=28
2024-09-11 08:50:53,666 - INFO - Averaged text block: 'further than your patience ever could.', Position: x=56, y=226, w=388, h=28
2024-09-11 08:50:53,667 - INFO - Averaged text block: 'One step... then another. You were never meant to stay.', Position: x=83, y=275, w=352, h=27
2024-09-11 08:50:53,667 - INFO - Averaged text block: 'Do not fear the light, nor the cold wind that greets you.', Position: x=55, y=190, w=370, h=20
2024-09-11 08:50:53,668 - INFO - Averaged text block: 'They are not enemies. They are the forces you must ride.', Position: x=85, y=210, w=320, h=20
2024-09-11 08:50:53,668 - INFO - Averaged text block: 'The forces that will carry you further than your patience ever could.', Position: x=45, y=230, w=410, h=20
2024-09-11 08:50:53,668 - INFO - Total averaged text blocks: 7
2024-09-11 08:50:54,409 - INFO - Original text: One step... then another. You were never meant to stay.
2024-09-11 08:50:54,410 - INFO - Translated text: Один шаг... затем другой. Ты никогда не должен был остаться.
2024-09-11 08:50:55,393 - INFO - Original text: Do not fear the light, nor the cold wind that greets you. They are not
2024-09-11 08:50:55,393 - INFO - Translated text: Не бойся света, ни холодного ветра, который тебя встречает. Они не
2024-09-11 08:50:57,282 - INFO - Original text: enemies. They are the forces you must ride. The forces that will carry you
2024-09-11 08:50:57,282 - INFO - Translated text: враги. Это силы, которые ты должен оседлать. Силы, которые понесут тебя.
2024-09-11 08:50:58,497 - INFO - Original text: further than your patience ever could.
2024-09-11 08:50:58,497 - INFO - Translated text: дальше, чем могла бы выдержать твоя терпеливость.
2024-09-11 08:51:00,646 - INFO - Original text: The forces that will carry you further than your patience ever could.
2024-09-11 08:51:00,646 - INFO - Translated text: Силы, которые приведут тебя дальше, чем могла бы твоя терпимость.
2024-09-11 08:51:01,482 - INFO - Original text: Do not fear the light, nor the cold wind that greets you.
2024-09-11 08:51:01,483 - INFO - Translated text: Не бойся света и холодного ветра, что встречает тебя.
2024-09-11 08:51:02,271 - INFO - Original text: They are not enemies. They are the forces you must ride.
2024-09-11 08:51:02,272 - INFO - Translated text: Они не враги. Это силы, на которых ты должен держаться.
2024-09-11 08:51:02,272 - INFO - Processed text block: Original: 'Do not fear the light, nor the cold wind that greets you. They are not', Translated: 'Не бойся света, ни холодного ветра, который тебя встречает. Они не', Position: [x=0, y=436, w=1440, h=93]
2024-09-11 08:51:02,272 - INFO - Processed text block: Original: 'enemies. They are the forces you must ride. The forces that will carry you', Translated: 'враги. Это силы, которые ты должен оседлать. Силы, которые понесут тебя.', Position: [x=0, y=526, w=1440, h=93]
2024-09-11 08:51:02,273 - INFO - Processed text block: Original: 'further than your patience ever could.', Translated: 'дальше, чем могла бы выдержать твоя терпеливость.', Position: [x=48, y=613, w=1309, h=93]
2024-09-11 08:51:02,273 - INFO - Processed text block: Original: 'One step... then another. You were never meant to stay.', Translated: 'Один шаг... затем другой. Ты никогда не должен был остаться.', Position: [x=134, y=751, w=1188, h=90]
2024-09-11 08:51:02,273 - INFO - Processed text block: Original: 'Do not fear the light, nor the cold wind that greets you.', Translated: 'Не бойся света и холодного ветра, что встречает тебя.', Position: [x=50, y=518, w=1248, h=67]
2024-09-11 08:51:02,273 - INFO - Processed text block: Original: 'They are not enemies. They are the forces you must ride.', Translated: 'Они не враги. Это силы, на которых ты должен держаться.', Position: [x=149, y=574, w=1080, h=67]
2024-09-11 08:51:02,274 - INFO - Processed text block: Original: 'The forces that will carry you further than your patience ever could.', Translated: 'Силы, которые приведут тебя дальше, чем могла бы твоя терпимость.', Position: [x=11, y=630, w=1383, h=67]
2024-09-11 08:51:02,274 - INFO - Group 10: Processed 7 unique text blocks
2024-09-11 08:51:02,274 - INFO - Creating output video...
2024-09-11 08:51:02,300 - INFO - No translation for group 1
2024-09-11 08:51:02,551 - INFO - Processed group 1, total frames: 14/734
2024-09-11 08:51:02,552 - INFO - No translation for group 2
2024-09-11 08:51:02,788 - INFO - Processed group 2, total frames: 33/734
2024-09-11 08:51:02,789 - INFO - No translation for group 3
2024-09-11 08:51:03,083 - INFO - Processed group 3, total frames: 57/734
2024-09-11 08:51:03,084 - INFO - No translation for group 4
2024-09-11 08:51:03,345 - INFO - Processed group 4, total frames: 77/734
2024-09-11 08:51:03,346 - INFO - No translation for group 5
2024-09-11 08:51:03,588 - INFO - Processed group 5, total frames: 92/734
2024-09-11 08:51:03,594 - INFO - No translation for group 6
2024-09-11 08:51:03,940 - INFO - Processed group 6, total frames: 120/734
2024-09-11 08:51:03,940 - INFO - No translation for group 7
2024-09-11 08:51:04,468 - INFO - Processed group 7, total frames: 165/734
2024-09-11 08:51:04,469 - INFO - No translation for group 8
2024-09-11 08:51:04,567 - INFO - Processed group 8, total frames: 173/734
2024-09-11 08:51:04,571 - INFO - Frame size for translation: 1440x1080
2024-09-11 08:51:04,769 - INFO - Text block before drawing:
2024-09-11 08:51:04,769 - INFO -   Original: You have lingered in stillness, but the pulse outside is growing louder. It's time.
2024-09-11 08:51:04,770 - INFO -   Translated: Ты задержался в тишине, но пульс снаружи становится все громче. Пришло время.
2024-09-11 08:51:04,770 - INFO -   Position: x=0, y=384, w=1440, h=87
2024-09-11 08:51:04,809 - INFO - Text block translation:
2024-09-11 08:51:04,810 - INFO -   Original: You have lingered in stillness, but the pulse outside is growing louder. It's time.
2024-09-11 08:51:04,810 - INFO -   Translated: Ты задержался в тишине, но пульс снаружи становится все громче. Пришло время.
2024-09-11 08:51:04,811 - INFO -   Original position: x=0, y=384, w=1440, h=87
2024-09-11 08:51:04,811 - INFO -   Translated text size: w=1292, h=28
2024-09-11 08:51:04,811 - INFO -   Translated text position: x=74, y=413
2024-09-11 08:51:04,812 - INFO - Text block before drawing:
2024-09-11 08:51:04,812 - INFO -   Original: The cave served its purpose, but now it threatens to swallow you whole.
2024-09-11 08:51:04,812 - INFO -   Translated: Пещера выполнила свою функцию, но теперь она угрожает поглотить тебя целиком.
2024-09-11 08:51:04,812 - INFO -   Position: x=59, y=482, w=1318, h=87
2024-09-11 08:51:04,843 - INFO - Text block translation:
2024-09-11 08:51:04,843 - INFO -   Original: The cave served its purpose, but now it threatens to swallow you whole.
2024-09-11 08:51:04,844 - INFO -   Translated: Пещера выполнила свою функцию, но теперь она угрожает поглотить тебя целиком.
2024-09-11 08:51:04,844 - INFO -   Original position: x=59, y=482, w=1318, h=87
2024-09-11 08:51:04,844 - INFO -   Translated text size: w=1309, h=30
2024-09-11 08:51:04,845 - INFO -   Translated text position: x=63, y=510
2024-09-11 08:51:04,845 - INFO - Created translated frame for group 9
2024-09-11 08:51:07,820 - INFO - Processed group 9, total frames: 478/734
2024-09-11 08:51:07,822 - INFO - Frame size for translation: 1440x1080
2024-09-11 08:51:08,262 - INFO - Text block before drawing:
2024-09-11 08:51:08,262 - INFO -   Original: Do not fear the light, nor the cold wind that greets you. They are not
2024-09-11 08:51:08,262 - INFO -   Translated: Не бойся света, ни холодного ветра, который тебя встречает. Они не
2024-09-11 08:51:08,262 - INFO -   Position: x=0, y=436, w=1440, h=93
2024-09-11 08:51:08,287 - INFO - Text block translation:
2024-09-11 08:51:08,287 - INFO -   Original: Do not fear the light, nor the cold wind that greets you. They are not
2024-09-11 08:51:08,287 - INFO -   Translated: Не бойся света, ни холодного ветра, который тебя встречает. Они не
2024-09-11 08:51:08,287 - INFO -   Original position: x=0, y=436, w=1440, h=93
2024-09-11 08:51:08,287 - INFO -   Translated text size: w=1270, h=37
2024-09-11 08:51:08,287 - INFO -   Translated text position: x=85, y=464
2024-09-11 08:51:08,288 - INFO - Text block before drawing:
2024-09-11 08:51:08,288 - INFO -   Original: enemies. They are the forces you must ride. The forces that will carry you
2024-09-11 08:51:08,288 - INFO -   Translated: враги. Это силы, которые ты должен оседлать. Силы, которые понесут тебя.
2024-09-11 08:51:08,288 - INFO -   Position: x=0, y=526, w=1440, h=93
2024-09-11 08:51:08,325 - INFO - Text block translation:
2024-09-11 08:51:08,325 - INFO -   Original: enemies. They are the forces you must ride. The forces that will carry you
2024-09-11 08:51:08,326 - INFO -   Translated: враги. Это силы, которые ты должен оседлать. Силы, которые понесут тебя.
2024-09-11 08:51:08,326 - INFO -   Original position: x=0, y=526, w=1440, h=93
2024-09-11 08:51:08,326 - INFO -   Translated text size: w=1407, h=37
2024-09-11 08:51:08,326 - INFO -   Translated text position: x=16, y=554
2024-09-11 08:51:08,326 - INFO - Text block before drawing:
2024-09-11 08:51:08,326 - INFO -   Original: further than your patience ever could.
2024-09-11 08:51:08,326 - INFO -   Translated: дальше, чем могла бы выдержать твоя терпеливость.
2024-09-11 08:51:08,326 - INFO -   Position: x=48, y=613, w=1309, h=93
2024-09-11 08:51:08,346 - INFO - Text block translation:
2024-09-11 08:51:08,346 - INFO -   Original: further than your patience ever could.
2024-09-11 08:51:08,346 - INFO -   Translated: дальше, чем могла бы выдержать твоя терпеливость.
2024-09-11 08:51:08,346 - INFO -   Original position: x=48, y=613, w=1309, h=93
2024-09-11 08:51:08,346 - INFO -   Translated text size: w=984, h=37
2024-09-11 08:51:08,346 - INFO -   Translated text position: x=210, y=641
2024-09-11 08:51:08,346 - INFO - Text block before drawing:
2024-09-11 08:51:08,346 - INFO -   Original: One step... then another. You were never meant to stay.
2024-09-11 08:51:08,346 - INFO -   Translated: Один шаг... затем другой. Ты никогда не должен был остаться.
2024-09-11 08:51:08,346 - INFO -   Position: x=134, y=751, w=1188, h=90
2024-09-11 08:51:08,369 - INFO - Text block translation:
2024-09-11 08:51:08,369 - INFO -   Original: One step... then another. You were never meant to stay.
2024-09-11 08:51:08,369 - INFO -   Translated: Один шаг... затем другой. Ты никогда не должен был остаться.
2024-09-11 08:51:08,369 - INFO -   Original position: x=134, y=751, w=1188, h=90
2024-09-11 08:51:08,369 - INFO -   Translated text size: w=1146, h=37
2024-09-11 08:51:08,369 - INFO -   Translated text position: x=155, y=777
2024-09-11 08:51:08,370 - INFO - Text block before drawing:
2024-09-11 08:51:08,370 - INFO -   Original: Do not fear the light, nor the cold wind that greets you.
2024-09-11 08:51:08,370 - INFO -   Translated: Не бойся света и холодного ветра, что встречает тебя.
2024-09-11 08:51:08,370 - INFO -   Position: x=50, y=518, w=1248, h=67
2024-09-11 08:51:08,389 - INFO - Text block translation:
2024-09-11 08:51:08,389 - INFO -   Original: Do not fear the light, nor the cold wind that greets you.
2024-09-11 08:51:08,389 - INFO -   Translated: Не бойся света и холодного ветра, что встречает тебя.
2024-09-11 08:51:08,389 - INFO -   Original position: x=50, y=518, w=1248, h=67
2024-09-11 08:51:08,389 - INFO -   Translated text size: w=1009, h=37
2024-09-11 08:51:08,389 - INFO -   Translated text position: x=169, y=533
2024-09-11 08:51:08,389 - INFO - Text block before drawing:
2024-09-11 08:51:08,389 - INFO -   Original: They are not enemies. They are the forces you must ride.
2024-09-11 08:51:08,389 - INFO -   Translated: Они не враги. Это силы, на которых ты должен держаться.
2024-09-11 08:51:08,389 - INFO -   Position: x=149, y=574, w=1080, h=67
2024-09-11 08:51:08,409 - INFO - Text block translation:
2024-09-11 08:51:08,409 - INFO -   Original: They are not enemies. They are the forces you must ride.
2024-09-11 08:51:08,409 - INFO -   Translated: Они не враги. Это силы, на которых ты должен держаться.
2024-09-11 08:51:08,409 - INFO -   Original position: x=149, y=574, w=1080, h=67
2024-09-11 08:51:08,410 - INFO -   Translated text size: w=1080, h=35
2024-09-11 08:51:08,410 - INFO -   Translated text position: x=149, y=590
2024-09-11 08:51:08,410 - INFO - Text block before drawing:
2024-09-11 08:51:08,410 - INFO -   Original: The forces that will carry you further than your patience ever could.
2024-09-11 08:51:08,410 - INFO -   Translated: Силы, которые приведут тебя дальше, чем могла бы твоя терпимость.
2024-09-11 08:51:08,410 - INFO -   Position: x=11, y=630, w=1383, h=67
2024-09-11 08:51:08,432 - INFO - Text block translation:
2024-09-11 08:51:08,432 - INFO -   Original: The forces that will carry you further than your patience ever could.
2024-09-11 08:51:08,432 - INFO -   Translated: Силы, которые приведут тебя дальше, чем могла бы твоя терпимость.
2024-09-11 08:51:08,432 - INFO -   Original position: x=11, y=630, w=1383, h=67
2024-09-11 08:51:08,432 - INFO -   Translated text size: w=1286, h=37
2024-09-11 08:51:08,432 - INFO -   Translated text position: x=59, y=645
2024-09-11 08:51:08,434 - INFO - Created translated frame for group 10
2024-09-11 08:51:10,863 - INFO - Processed group 10, total frames: 734/734
2024-09-11 08:51:10,865 - INFO - Adding audio to the output video...
2024-09-11 08:51:24,649 - INFO - Video processing complete!
