2024-09-11 11:10:45,118 - INFO - Starting video processing for tmp/sample1.mp4
2024-09-11 11:10:45,172 - INFO - Grouping frame 0/734
2024-09-11 11:10:46,333 - INFO - Grouping frame 100/734
2024-09-11 11:10:47,576 - INFO - Grouping frame 200/734
2024-09-11 11:10:48,682 - INFO - Grouping frame 300/734
2024-09-11 11:10:49,847 - INFO - Grouping frame 400/734
2024-09-11 11:10:51,007 - INFO - Grouping frame 500/734
2024-09-11 11:10:52,145 - INFO - Grouping frame 600/734
2024-09-11 11:10:53,282 - INFO - Grouping frame 700/734
2024-09-11 11:10:53,648 - INFO - Grouped frames into 10 groups
2024-09-11 11:10:53,660 - INFO - Original video dimensions: 1440x1080
2024-09-11 11:10:53,661 - INFO - Analyzing group 1 with 14 frames
2024-09-11 11:10:53,661 - INFO - Original frame size: 1440x1080
2024-09-11 11:10:53,662 - INFO - Resized frame for API: 512x384
2024-09-11 11:10:55,163 - INFO - GPT Analysis: {
  "text_lines": []
}
2024-09-11 11:10:55,163 - INFO - Detected 0 text blocks
2024-09-11 11:10:55,163 - INFO - No text detected in group 1, skipping further analysis
2024-09-11 11:10:55,164 - INFO - Analyzing group 2 with 19 frames
2024-09-11 11:10:55,164 - INFO - Original frame size: 1440x1080
2024-09-11 11:10:55,164 - INFO - Resized frame for API: 512x384
2024-09-11 11:10:57,838 - INFO - GPT Analysis: {
  "text_lines": []
}
2024-09-11 11:10:57,838 - INFO - Detected 0 text blocks
2024-09-11 11:10:57,838 - INFO - No text detected in group 2, skipping further analysis
2024-09-11 11:10:57,838 - INFO - Analyzing group 3 with 24 frames
2024-09-11 11:10:57,838 - INFO - Original frame size: 1440x1080
2024-09-11 11:10:57,839 - INFO - Resized frame for API: 512x384
2024-09-11 11:10:59,622 - INFO - GPT Analysis: {
  "text_lines": []
}
2024-09-11 11:10:59,622 - INFO - Detected 0 text blocks
2024-09-11 11:10:59,623 - INFO - No text detected in group 3, skipping further analysis
2024-09-11 11:10:59,623 - INFO - Analyzing group 4 with 20 frames
2024-09-11 11:10:59,623 - INFO - Original frame size: 1440x1080
2024-09-11 11:10:59,624 - INFO - Resized frame for API: 512x384
2024-09-11 11:11:01,765 - INFO - GPT Analysis: {
  "text_lines": []
}
2024-09-11 11:11:01,766 - INFO - Detected 0 text blocks
2024-09-11 11:11:01,766 - INFO - No text detected in group 4, skipping further analysis
2024-09-11 11:11:01,766 - INFO - Analyzing group 5 with 15 frames
2024-09-11 11:11:01,766 - INFO - Original frame size: 1440x1080
2024-09-11 11:11:01,767 - INFO - Resized frame for API: 512x384
2024-09-11 11:11:03,607 - INFO - GPT Analysis: {
  "text_lines": []
}
2024-09-11 11:11:03,607 - INFO - Detected 0 text blocks
2024-09-11 11:11:03,608 - INFO - No text detected in group 5, skipping further analysis
2024-09-11 11:11:03,608 - INFO - Analyzing group 6 with 28 frames
2024-09-11 11:11:03,608 - INFO - Original frame size: 1440x1080
2024-09-11 11:11:03,609 - INFO - Resized frame for API: 512x384
2024-09-11 11:11:05,381 - INFO - GPT Analysis: {
  "text_lines": []
}
2024-09-11 11:11:05,381 - INFO - Detected 0 text blocks
2024-09-11 11:11:05,381 - INFO - No text detected in group 6, skipping further analysis
2024-09-11 11:11:05,381 - INFO - Analyzing group 7 with 45 frames
2024-09-11 11:11:05,381 - INFO - Original frame size: 1440x1080
2024-09-11 11:11:05,382 - INFO - Resized frame for API: 512x384
2024-09-11 11:11:07,199 - INFO - GPT Analysis: {
  "text_lines": []
}
2024-09-11 11:11:07,200 - INFO - Detected 0 text blocks
2024-09-11 11:11:07,200 - INFO - No text detected in group 7, skipping further analysis
2024-09-11 11:11:07,200 - INFO - Analyzing group 8 with 8 frames
2024-09-11 11:11:07,200 - INFO - Original frame size: 1440x1080
2024-09-11 11:11:07,200 - INFO - Resized frame for API: 512x384
2024-09-11 11:11:08,834 - INFO - GPT Analysis: {
  "text_lines": []
}
2024-09-11 11:11:08,834 - INFO - Detected 0 text blocks
2024-09-11 11:11:08,834 - INFO - No text detected in group 8, skipping further analysis
2024-09-11 11:11:08,834 - INFO - Analyzing group 9 with 305 frames
2024-09-11 11:11:08,834 - INFO - Original frame size: 1440x1080
2024-09-11 11:11:08,835 - INFO - Resized frame for API: 512x384
2024-09-11 11:11:12,402 - INFO - GPT Analysis: {
  "text_lines": [
    {
      "content": "You have lingered in stillness, but the pulse outside is growing louder. It's time.",
      "top_left_corner": {
        "x": 40,
        "y": 190
      },
      "bottom_right_corner": {
        "x": 470,
        "y": 230
      }
    },
    {
      "content": "The cave served its purpose, but now it threatens to swallow you whole.",
      "top_left_corner": {
        "x": 70,
        "y": 235
      },
      "bottom_right_corner": {
        "x": 435,
        "y": 275
      }
    }
  ]
}
2024-09-11 11:11:12,402 - INFO - Text block 1: Content: 'You have lingered in stillness, but the pulse outside is growing louder. It's time.', API position: [x=40, y=190, w=430, h=40]
2024-09-11 11:11:12,402 - INFO - Text block 2: Content: 'The cave served its purpose, but now it threatens to swallow you whole.', API position: [x=70, y=235, w=365, h=40]
2024-09-11 11:11:12,402 - INFO - Detected 2 text blocks
2024-09-11 11:11:12,402 - INFO - Original frame size: 1440x1080
2024-09-11 11:11:12,403 - INFO - Resized frame for API: 512x384
2024-09-11 11:11:20,409 - INFO - GPT Analysis: {
  "text_lines": [
    {
      "content": "You have lingered in stillness, but the pulse outside is growing louder. It's time.",
      "top_left_corner": {
        "x": 65,
        "y": 170
      },
      "bottom_right_corner": {
        "x": 465,
        "y": 200
      }
    },
    {
      "content": "The cave served its purpose, but now it threatens to swallow you whole.",
      "top_left_corner": {
        "x": 80,
        "y": 210
      },
      "bottom_right_corner": {
        "x": 440,
        "y": 240
      }
    }
  ]
}
2024-09-11 11:11:20,409 - INFO - Text block 1: Content: 'You have lingered in stillness, but the pulse outside is growing louder. It's time.', API position: [x=65, y=170, w=400, h=30]
2024-09-11 11:11:20,410 - INFO - Text block 2: Content: 'The cave served its purpose, but now it threatens to swallow you whole.', API position: [x=80, y=210, w=360, h=30]
2024-09-11 11:11:20,410 - INFO - Detected 2 text blocks
2024-09-11 11:11:20,410 - INFO - Analyzed frame 1/5 in group. Detected 2 text blocks.
2024-09-11 11:11:20,410 - INFO - Original frame size: 1440x1080
2024-09-11 11:11:20,411 - INFO - Resized frame for API: 512x384
2024-09-11 11:11:24,895 - INFO - GPT Analysis: {
  "text_lines": [
    {
      "content": "You have lingered in stillness, but the pulse outside is growing louder. It's time.",
      "top_left_corner": {
        "x": 60,
        "y": 160
      },
      "bottom_right_corner": {
        "x": 460,
        "y": 185
      }
    },
    {
      "content": "The cave served its purpose, but now it threatens to swallow you whole.",
      "top_left_corner": {
        "x": 85,
        "y": 195
      },
      "bottom_right_corner": {
        "x": 445,
        "y": 220
      }
    }
  ]
}
2024-09-11 11:11:24,895 - INFO - Text block 1: Content: 'You have lingered in stillness, but the pulse outside is growing louder. It's time.', API position: [x=60, y=160, w=400, h=25]
2024-09-11 11:11:24,895 - INFO - Text block 2: Content: 'The cave served its purpose, but now it threatens to swallow you whole.', API position: [x=85, y=195, w=360, h=25]
2024-09-11 11:11:24,895 - INFO - Detected 2 text blocks
2024-09-11 11:11:24,895 - INFO - Analyzed frame 77/5 in group. Detected 2 text blocks.
2024-09-11 11:11:24,895 - INFO - Original frame size: 1440x1080
2024-09-11 11:11:24,896 - INFO - Resized frame for API: 512x384
2024-09-11 11:11:30,291 - INFO - GPT Analysis: {
  "text_lines": [
    {
      "content": "You have lingered in stillness, but the pulse outside is growing louder. It's time.",
      "top_left_corner": {
        "x": 20,
        "y": 100
      },
      "bottom_right_corner": {
        "x": 460,
        "y": 140
      }
    },
    {
      "content": "The cave served its purpose, but now it threatens to swallow you whole.",
      "top_left_corner": {
        "x": 60,
        "y": 150
      },
      "bottom_right_corner": {
        "x": 460,
        "y": 190
      }
    }
  ]
}
2024-09-11 11:11:30,291 - INFO - Text block 1: Content: 'You have lingered in stillness, but the pulse outside is growing louder. It's time.', API position: [x=20, y=100, w=440, h=40]
2024-09-11 11:11:30,291 - INFO - Text block 2: Content: 'The cave served its purpose, but now it threatens to swallow you whole.', API position: [x=60, y=150, w=400, h=40]
2024-09-11 11:11:30,292 - INFO - Detected 2 text blocks
2024-09-11 11:11:30,292 - INFO - Analyzed frame 153/5 in group. Detected 2 text blocks.
2024-09-11 11:11:30,292 - INFO - Original frame size: 1440x1080
2024-09-11 11:11:30,293 - INFO - Resized frame for API: 512x384
2024-09-11 11:11:34,828 - INFO - GPT Analysis: {
  "text_lines": [
    {
      "content": "You have lingered in stillness, but the pulse outside is growing louder. It's time.",
      "top_left_corner": {
        "x": 15,
        "y": 195
      },
      "bottom_right_corner": {
        "x": 499,
        "y": 220
      }
    },
    {
      "content": "The cave served its purpose, but now it threatens to swallow you whole.",
      "top_left_corner": {
        "x": 32,
        "y": 223
      },
      "bottom_right_corner": {
        "x": 478,
        "y": 251
      }
    }
  ]
}
2024-09-11 11:11:34,828 - INFO - Text block 1: Content: 'You have lingered in stillness, but the pulse outside is growing louder. It's time.', API position: [x=15, y=195, w=484, h=25]
2024-09-11 11:11:34,829 - INFO - Text block 2: Content: 'The cave served its purpose, but now it threatens to swallow you whole.', API position: [x=32, y=223, w=446, h=28]
2024-09-11 11:11:34,829 - INFO - Detected 2 text blocks
2024-09-11 11:11:34,829 - INFO - Analyzed frame 229/5 in group. Detected 2 text blocks.
2024-09-11 11:11:34,829 - INFO - Original frame size: 1440x1080
2024-09-11 11:11:34,829 - INFO - Resized frame for API: 512x384
2024-09-11 11:11:40,394 - INFO - GPT Analysis: {
  "text_lines": [
    {
      "content": "You have lingered in stillness, but the pulse outside is growing louder. It's time.",
      "top_left_corner": {
        "x": 15,
        "y": 100
      },
      "bottom_right_corner": {
        "x": 500,
        "y": 140
      }
    },
    {
      "content": "The cave served its purpose, but now it threatens to swallow you whole.",
      "top_left_corner": {
        "x": 15,
        "y": 150
      },
      "bottom_right_corner": {
        "x": 470,
        "y": 190
      }
    }
  ]
}
2024-09-11 11:11:40,395 - INFO - Text block 1: Content: 'You have lingered in stillness, but the pulse outside is growing louder. It's time.', API position: [x=15, y=100, w=485, h=40]
2024-09-11 11:11:40,395 - INFO - Text block 2: Content: 'The cave served its purpose, but now it threatens to swallow you whole.', API position: [x=15, y=150, w=455, h=40]
2024-09-11 11:11:40,395 - INFO - Detected 2 text blocks
2024-09-11 11:11:40,395 - INFO - Analyzed frame 305/5 in group. Detected 2 text blocks.
2024-09-11 11:11:40,395 - INFO - Averaged text block: 'You have lingered in stillness, but the pulse outside is growing louder. It's time.', Position: x=35, y=145, w=441, h=32
2024-09-11 11:11:40,396 - INFO - Averaged text block: 'The cave served its purpose, but now it threatens to swallow you whole.', Position: x=54, y=185, w=404, h=32
2024-09-11 11:11:40,396 - INFO - Total averaged text blocks: 2
2024-09-11 11:11:42,088 - INFO - Original text: You have lingered in stillness, but the pulse outside is growing louder. It's time.
2024-09-11 11:11:42,089 - INFO - Translated text: Ты задержался в безмолвии, но пульс снаружи становится всё громче. Пора.
2024-09-11 11:11:43,486 - INFO - Original text: The cave served its purpose, but now it threatens to swallow you whole.
2024-09-11 11:11:43,486 - INFO - Translated text: Пещера выполнила свою задачу, но теперь она грозит поглотить тебя полностью.
2024-09-11 11:11:43,486 - INFO - Processed text block: Original: 'You have lingered in stillness, but the pulse outside is growing louder. It's time.', Translated: 'Ты задержался в безмолвии, но пульс снаружи становится всё громче. Пора.', Position: [x=0, y=371, w=1440, h=117]
2024-09-11 11:11:43,486 - INFO - Processed text block: Original: 'The cave served its purpose, but now it threatens to swallow you whole.', Translated: 'Пещера выполнила свою задачу, но теперь она грозит поглотить тебя полностью.', Position: [x=0, y=484, w=1440, h=117]
2024-09-11 11:11:43,486 - INFO - Group 9: Processed 2 unique text blocks with averaged positions
2024-09-11 11:11:43,486 - INFO - Analyzing group 10 with 256 frames
2024-09-11 11:11:43,486 - INFO - Original frame size: 1440x1080
2024-09-11 11:11:43,487 - INFO - Resized frame for API: 512x384
2024-09-11 11:11:57,240 - INFO - GPT Analysis: {
  "text_lines": [
    {
      "content": "Do not fear the light, nor the cold wind that greets you. They are not",
      "top_left_corner": {
        "x": 60,
        "y": 180
      },
      "bottom_right_corner": {
        "x": 450,
        "y": 200
      }
    },
    {
      "content": "enemies. They are the forces you must ride. The forces that will carry you",
      "top_left_corner": {
        "x": 60,
        "y": 210
      },
      "bottom_right_corner": {
        "x": 450,
        "y": 230
      }
    },
    {
      "content": "further than your patience ever could.",
      "top_left_corner": {
        "x": 120,
        "y": 240
      },
      "bottom_right_corner": {
        "x": 400,
        "y": 260
      }
    },
    {
      "content": "One step... then another. You were never meant to stay.",
      "top_left_corner": {
        "x": 130,
        "y": 280
      },
      "bottom_right_corner": {
        "x": 400,
        "y": 300
      }
    }
  ]
}
2024-09-11 11:11:57,241 - INFO - Text block 1: Content: 'Do not fear the light, nor the cold wind that greets you. They are not', API position: [x=60, y=180, w=390, h=20]
2024-09-11 11:11:57,241 - INFO - Text block 2: Content: 'enemies. They are the forces you must ride. The forces that will carry you', API position: [x=60, y=210, w=390, h=20]
2024-09-11 11:11:57,241 - INFO - Text block 3: Content: 'further than your patience ever could.', API position: [x=120, y=240, w=280, h=20]
2024-09-11 11:11:57,241 - INFO - Text block 4: Content: 'One step... then another. You were never meant to stay.', API position: [x=130, y=280, w=270, h=20]
2024-09-11 11:11:57,242 - INFO - Detected 4 text blocks
2024-09-11 11:11:57,242 - INFO - Original frame size: 1440x1080
2024-09-11 11:11:57,243 - INFO - Resized frame for API: 512x384
2024-09-11 11:12:04,774 - INFO - GPT Analysis: {
  "text_lines": [
    {
      "content": "Do not fear the light, nor the cold wind that greets you. They are not",
      "top_left_corner": {
        "x": 55,
        "y": 180
      },
      "bottom_right_corner": {
        "x": 460,
        "y": 200
      }
    },
    {
      "content": "enemies. They are the forces you must ride. The forces that will carry you",
      "top_left_corner": {
        "x": 55,
        "y": 200
      },
      "bottom_right_corner": {
        "x": 460,
        "y": 220
      }
    },
    {
      "content": "further than your patience ever could.",
      "top_left_corner": {
        "x": 55,
        "y": 220
      },
      "bottom_right_corner": {
        "x": 460,
        "y": 240
      }
    },
    {
      "content": "One step... then another. You were never meant to stay.",
      "top_left_corner": {
        "x": 95,
        "y": 250
      },
      "bottom_right_corner": {
        "x": 430,
        "y": 270
      }
    }
  ]
}
2024-09-11 11:12:04,774 - INFO - Text block 1: Content: 'Do not fear the light, nor the cold wind that greets you. They are not', API position: [x=55, y=180, w=405, h=20]
2024-09-11 11:12:04,775 - INFO - Text block 2: Content: 'enemies. They are the forces you must ride. The forces that will carry you', API position: [x=55, y=200, w=405, h=20]
2024-09-11 11:12:04,775 - INFO - Text block 3: Content: 'further than your patience ever could.', API position: [x=55, y=220, w=405, h=20]
2024-09-11 11:12:04,775 - INFO - Text block 4: Content: 'One step... then another. You were never meant to stay.', API position: [x=95, y=250, w=335, h=20]
2024-09-11 11:12:04,775 - INFO - Detected 4 text blocks
2024-09-11 11:12:04,776 - INFO - Analyzed frame 1/5 in group. Detected 4 text blocks.
2024-09-11 11:12:04,776 - INFO - Original frame size: 1440x1080
2024-09-11 11:12:04,776 - INFO - Resized frame for API: 512x384
2024-09-11 11:12:09,744 - INFO - GPT Analysis: {
  "text_lines": [
    {
      "content": "Do not fear the light, nor the cold wind that greets you. They are not",
      "top_left_corner": {
        "x": 24,
        "y": 122
      },
      "bottom_right_corner": {
        "x": 398,
        "y": 146
      }
    },
    {
      "content": "enemies. They are the forces you must ride. The forces that will carry you",
      "top_left_corner": {
        "x": 22,
        "y": 149
      },
      "bottom_right_corner": {
        "x": 411,
        "y": 173
      }
    },
    {
      "content": "further than your patience ever could.",
      "top_left_corner": {
        "x": 121,
        "y": 176
      },
      "bottom_right_corner": {
        "x": 329,
        "y": 198
      }
    },
    {
      "content": "One step. . .then another. You were never meant to stay.",
      "top_left_corner": {
        "x": 97,
        "y": 225
      },
      "bottom_right_corner": {
        "x": 363,
        "y": 249
      }
    }
  ]
}
2024-09-11 11:12:09,745 - INFO - Text block 1: Content: 'Do not fear the light, nor the cold wind that greets you. They are not', API position: [x=24, y=122, w=374, h=24]
2024-09-11 11:12:09,745 - INFO - Text block 2: Content: 'enemies. They are the forces you must ride. The forces that will carry you', API position: [x=22, y=149, w=389, h=24]
2024-09-11 11:12:09,746 - INFO - Text block 3: Content: 'further than your patience ever could.', API position: [x=121, y=176, w=208, h=22]
2024-09-11 11:12:09,746 - INFO - Text block 4: Content: 'One step. . .then another. You were never meant to stay.', API position: [x=97, y=225, w=266, h=24]
2024-09-11 11:12:09,746 - INFO - Detected 4 text blocks
2024-09-11 11:12:09,747 - INFO - Analyzed frame 64/5 in group. Detected 4 text blocks.
2024-09-11 11:12:09,747 - INFO - Original frame size: 1440x1080
2024-09-11 11:12:09,748 - INFO - Resized frame for API: 512x384
2024-09-11 11:12:25,670 - INFO - GPT Analysis: {
  "text_lines": [
    {
      "content": "Do not fear the light, nor the cold wind that greets you. They are not",
      "top_left_corner": {
        "x": 35,
        "y": 190
      },
      "bottom_right_corner": {
        "x": 480,
        "y": 220
      }
    },
    {
      "content": "enemies. They are the forces you must ride. The forces that will carry you",
      "top_left_corner": {
        "x": 35,
        "y": 220
      },
      "bottom_right_corner": {
        "x": 480,
        "y": 250
      }
    },
    {
      "content": "further than your patience ever could.",
      "top_left_corner": {
        "x": 35,
        "y": 250
      },
      "bottom_right_corner": {
        "x": 480,
        "y": 280
      }
    },
    {
      "content": "One step... then another. You were never meant to stay.",
      "top_left_corner": {
        "x": 100,
        "y": 320
      },
      "bottom_right_corner": {
        "x": 525,
        "y": 350
      }
    }
  ]
}
2024-09-11 11:12:25,671 - INFO - Text block 1: Content: 'Do not fear the light, nor the cold wind that greets you. They are not', API position: [x=35, y=190, w=445, h=30]
2024-09-11 11:12:25,671 - INFO - Text block 2: Content: 'enemies. They are the forces you must ride. The forces that will carry you', API position: [x=35, y=220, w=445, h=30]
2024-09-11 11:12:25,671 - INFO - Text block 3: Content: 'further than your patience ever could.', API position: [x=35, y=250, w=445, h=30]
2024-09-11 11:12:25,671 - INFO - Text block 4: Content: 'One step... then another. You were never meant to stay.', API position: [x=100, y=320, w=425, h=30]
2024-09-11 11:12:25,671 - INFO - Detected 4 text blocks
2024-09-11 11:12:25,671 - INFO - Analyzed frame 128/5 in group. Detected 4 text blocks.
2024-09-11 11:12:25,671 - INFO - Original frame size: 1440x1080
2024-09-11 11:12:25,672 - INFO - Resized frame for API: 512x384
2024-09-11 11:12:31,876 - INFO - GPT Analysis: {
  "text_lines": [
    {
      "content": "Do not fear the light, nor the cold wind that greets you. They are not",
      "top_left_corner": {
        "x": 30,
        "y": 200
      },
      "bottom_right_corner": {
        "x": 475,
        "y": 220
      }
    },
    {
      "content": "enemies. They are the forces you must ride. The forces that will carry you",
      "top_left_corner": {
        "x": 28,
        "y": 225
      },
      "bottom_right_corner": {
        "x": 500,
        "y": 245
      }
    },
    {
      "content": "further than your patience ever could.",
      "top_left_corner": {
        "x": 155,
        "y": 250
      },
      "bottom_right_corner": {
        "x": 435,
        "y": 270
      }
    },
    {
      "content": "One step... then another. You were never meant to stay.",
      "top_left_corner": {
        "x": 130,
        "y": 290
      },
      "bottom_right_corner": {
        "x": 450,
        "y": 310
      }
    }
  ]
}
2024-09-11 11:12:31,876 - INFO - Text block 1: Content: 'Do not fear the light, nor the cold wind that greets you. They are not', API position: [x=30, y=200, w=445, h=20]
2024-09-11 11:12:31,876 - INFO - Text block 2: Content: 'enemies. They are the forces you must ride. The forces that will carry you', API position: [x=28, y=225, w=472, h=20]
2024-09-11 11:12:31,877 - INFO - Text block 3: Content: 'further than your patience ever could.', API position: [x=155, y=250, w=280, h=20]
2024-09-11 11:12:31,877 - INFO - Text block 4: Content: 'One step... then another. You were never meant to stay.', API position: [x=130, y=290, w=320, h=20]
2024-09-11 11:12:31,877 - INFO - Detected 4 text blocks
2024-09-11 11:12:31,878 - INFO - Analyzed frame 192/5 in group. Detected 4 text blocks.
2024-09-11 11:12:31,878 - INFO - Original frame size: 1440x1080
2024-09-11 11:12:31,879 - INFO - Resized frame for API: 512x384
2024-09-11 11:12:39,595 - INFO - GPT Analysis: {
  "text_lines": [
    {
      "content": "Do not fear the light, nor the cold wind that greets you.",
      "top_left_corner": {
        "x": 24,
        "y": 100
      },
      "bottom_right_corner": {
        "x": 458,
        "y": 130
      }
    },
    {
      "content": "They are not enemies. They are the forces you must ride.",
      "top_left_corner": {
        "x": 100,
        "y": 135
      },
      "bottom_right_corner": {
        "x": 491,
        "y": 165
      }
    },
    {
      "content": "The forces that will carry you further than your patience ever could.",
      "top_left_corner": {
        "x": 19,
        "y": 170
      },
      "bottom_right_corner": {
        "x": 505,
        "y": 200
      }
    },
    {
      "content": "One step... then another. You were never meant to stay.",
      "top_left_corner": {
        "x": 95,
        "y": 220
      },
      "bottom_right_corner": {
        "x": 480,
        "y": 250
      }
    }
  ]
}
2024-09-11 11:12:39,595 - INFO - Text block 1: Content: 'Do not fear the light, nor the cold wind that greets you.', API position: [x=24, y=100, w=434, h=30]
2024-09-11 11:12:39,595 - INFO - Text block 2: Content: 'They are not enemies. They are the forces you must ride.', API position: [x=100, y=135, w=391, h=30]
2024-09-11 11:12:39,595 - INFO - Text block 3: Content: 'The forces that will carry you further than your patience ever could.', API position: [x=19, y=170, w=486, h=30]
2024-09-11 11:12:39,595 - INFO - Text block 4: Content: 'One step... then another. You were never meant to stay.', API position: [x=95, y=220, w=385, h=30]
2024-09-11 11:12:39,595 - INFO - Detected 4 text blocks
2024-09-11 11:12:39,595 - INFO - Analyzed frame 256/5 in group. Detected 4 text blocks.
2024-09-11 11:12:39,596 - INFO - Averaged text block: 'Do not fear the light, nor the cold wind that greets you. They are not', Position: x=36, y=173, w=417, h=23
2024-09-11 11:12:39,596 - INFO - Averaged text block: 'enemies. They are the forces you must ride. The forces that will carry you', Position: x=35, y=198, w=427, h=23
2024-09-11 11:12:39,596 - INFO - Averaged text block: 'further than your patience ever could.', Position: x=91, y=224, w=334, h=23
2024-09-11 11:12:39,596 - INFO - Averaged text block: 'One step... then another. You were never meant to stay.', Position: x=105, y=270, w=366, h=25
2024-09-11 11:12:39,596 - INFO - Averaged text block: 'One step. . .then another. You were never meant to stay.', Position: x=97, y=225, w=266, h=24
2024-09-11 11:12:39,597 - INFO - Averaged text block: 'Do not fear the light, nor the cold wind that greets you.', Position: x=24, y=100, w=434, h=30
2024-09-11 11:12:39,597 - INFO - Averaged text block: 'They are not enemies. They are the forces you must ride.', Position: x=100, y=135, w=391, h=30
2024-09-11 11:12:39,597 - INFO - Averaged text block: 'The forces that will carry you further than your patience ever could.', Position: x=19, y=170, w=486, h=30
2024-09-11 11:12:39,597 - INFO - Total averaged text blocks: 8
2024-09-11 11:12:40,309 - INFO - Original text: Do not fear the light, nor the cold wind that greets you.
2024-09-11 11:12:40,309 - INFO - Translated text: Не бойся света, и холодного ветра, что встречает тебя.
2024-09-11 11:12:41,669 - INFO - Original text: One step. . .then another. You were never meant to stay.
2024-09-11 11:12:41,669 - INFO - Translated text: Один шаг. . . затем другой. Тебе никогда не предназначалось остаться.
2024-09-11 11:12:43,340 - INFO - Original text: Do not fear the light, nor the cold wind that greets you. They are not
2024-09-11 11:12:43,341 - INFO - Translated text: Не бойся света и холодного ветра, что встречает тебя. Они не
2024-09-11 11:12:43,948 - INFO - Original text: further than your patience ever could.
2024-09-11 11:12:43,948 - INFO - Translated text: дальше, чем могла бы твоя терпимость.
2024-09-11 11:12:45,295 - INFO - Original text: The forces that will carry you further than your patience ever could.
2024-09-11 11:12:45,295 - INFO - Translated text: Силы, которые уведут тебя дальше, чем могла бы твоя терпеливость.
2024-09-11 11:12:46,047 - INFO - Original text: One step... then another. You were never meant to stay.
2024-09-11 11:12:46,047 - INFO - Translated text: Один шаг... потом другой. Ты никогда не был предназначен, чтобы остаться.
2024-09-11 11:12:48,852 - INFO - Original text: They are not enemies. They are the forces you must ride.
2024-09-11 11:12:48,852 - INFO - Translated text: Они не враги. Это силы, которые ты должен оседлать.
2024-09-11 11:12:49,829 - INFO - Original text: enemies. They are the forces you must ride. The forces that will carry you
2024-09-11 11:12:49,829 - INFO - Translated text: враги. Это силы, на которых ты должен ехать. Силы, которые понесут тебя.
2024-09-11 11:12:49,829 - INFO - Processed text block: Original: 'Do not fear the light, nor the cold wind that greets you. They are not', Translated: 'Не бойся света и холодного ветра, что встречает тебя. Они не', Position: [x=0, y=461, w=1440, h=83]
2024-09-11 11:12:49,829 - INFO - Processed text block: Original: 'enemies. They are the forces you must ride. The forces that will carry you', Translated: 'враги. Это силы, на которых ты должен ехать. Силы, которые понесут тебя.', Position: [x=0, y=531, w=1440, h=83]
2024-09-11 11:12:49,829 - INFO - Processed text block: Original: 'further than your patience ever could.', Translated: 'дальше, чем могла бы твоя терпимость.', Position: [x=115, y=605, w=1220, h=83]
2024-09-11 11:12:49,830 - INFO - Processed text block: Original: 'One step... then another. You were never meant to stay.', Translated: 'Один шаг... потом другой. Ты никогда не был предназначен, чтобы остаться.', Position: [x=103, y=731, w=1337, h=91]
2024-09-11 11:12:49,830 - INFO - Processed text block: Original: 'One step. . .then another. You were never meant to stay.', Translated: 'Один шаг. . . затем другой. Тебе никогда не предназначалось остаться.', Position: [x=160, y=605, w=972, h=87]
2024-09-11 11:12:49,830 - INFO - Processed text block: Original: 'Do not fear the light, nor the cold wind that greets you.', Translated: 'Не бойся света, и холодного ветра, что встречает тебя.', Position: [x=0, y=248, w=1440, h=109]
2024-09-11 11:12:49,830 - INFO - Processed text block: Original: 'They are not enemies. They are the forces you must ride.', Translated: 'Они не враги. Это силы, которые ты должен оседлать.', Position: [x=12, y=346, w=1428, h=109]
2024-09-11 11:12:49,830 - INFO - Processed text block: Original: 'The forces that will carry you further than your patience ever could.', Translated: 'Силы, которые уведут тебя дальше, чем могла бы твоя терпеливость.', Position: [x=0, y=445, w=1440, h=109]
2024-09-11 11:12:49,830 - INFO - Group 10: Processed 8 unique text blocks with averaged positions
2024-09-11 11:12:49,830 - INFO - Creating output video...
2024-09-11 11:12:49,845 - INFO - No translation for group 1
2024-09-11 11:12:49,988 - INFO - Processed group 1, total frames: 14/734
2024-09-11 11:12:49,989 - INFO - No translation for group 2
2024-09-11 11:12:50,175 - INFO - Processed group 2, total frames: 33/734
2024-09-11 11:12:50,176 - INFO - No translation for group 3
2024-09-11 11:12:50,410 - INFO - Processed group 3, total frames: 57/734
2024-09-11 11:12:50,411 - INFO - No translation for group 4
2024-09-11 11:12:50,587 - INFO - Processed group 4, total frames: 77/734
2024-09-11 11:12:50,587 - INFO - No translation for group 5
2024-09-11 11:12:50,723 - INFO - Processed group 5, total frames: 92/734
2024-09-11 11:12:50,723 - INFO - No translation for group 6
2024-09-11 11:12:51,022 - INFO - Processed group 6, total frames: 120/734
2024-09-11 11:12:51,023 - INFO - No translation for group 7
2024-09-11 11:12:51,458 - INFO - Processed group 7, total frames: 165/734
2024-09-11 11:12:51,459 - INFO - No translation for group 8
2024-09-11 11:12:51,554 - INFO - Processed group 8, total frames: 173/734
2024-09-11 11:12:51,557 - INFO - Frame size for translation: 1440x1080
2024-09-11 11:12:51,690 - INFO - Text block before drawing:
2024-09-11 11:12:51,690 - INFO -   Original: You have lingered in stillness, but the pulse outside is growing louder. It's time.
2024-09-11 11:12:51,691 - INFO -   Translated: Ты задержался в безмолвии, но пульс снаружи становится всё громче. Пора.
2024-09-11 11:12:51,691 - INFO -   Position: x=0, y=371, w=1440, h=117
2024-09-11 11:12:51,727 - INFO - Text block translation:
2024-09-11 11:12:51,728 - INFO -   Original: You have lingered in stillness, but the pulse outside is growing louder. It's time.
2024-09-11 11:12:51,728 - INFO -   Translated: Ты задержался в безмолвии, но пульс снаружи становится всё громче. Пора.
2024-09-11 11:12:51,728 - INFO -   Original position: x=0, y=371, w=1440, h=117
2024-09-11 11:12:51,728 - INFO -   Translated text size: w=1350, h=34
2024-09-11 11:12:51,728 - INFO -   Translated text position: x=45, y=412
2024-09-11 11:12:51,728 - INFO - Text block before drawing:
2024-09-11 11:12:51,729 - INFO -   Original: The cave served its purpose, but now it threatens to swallow you whole.
2024-09-11 11:12:51,729 - INFO -   Translated: Пещера выполнила свою задачу, но теперь она грозит поглотить тебя полностью.
2024-09-11 11:12:51,729 - INFO -   Position: x=0, y=484, w=1440, h=117
2024-09-11 11:12:51,756 - INFO - Text block translation:
2024-09-11 11:12:51,756 - INFO -   Original: The cave served its purpose, but now it threatens to swallow you whole.
2024-09-11 11:12:51,757 - INFO -   Translated: Пещера выполнила свою задачу, но теперь она грозит поглотить тебя полностью.
2024-09-11 11:12:51,757 - INFO -   Original position: x=0, y=484, w=1440, h=117
2024-09-11 11:12:51,757 - INFO -   Translated text size: w=1429, h=34
2024-09-11 11:12:51,757 - INFO -   Translated text position: x=5, y=525
2024-09-11 11:12:51,757 - INFO - Created translated frame for group 9
2024-09-11 11:12:54,274 - INFO - Processed group 9, total frames: 478/734
2024-09-11 11:12:54,275 - INFO - Frame size for translation: 1440x1080
2024-09-11 11:12:54,670 - INFO - Text block before drawing:
2024-09-11 11:12:54,671 - INFO -   Original: Do not fear the light, nor the cold wind that greets you. They are not
2024-09-11 11:12:54,671 - INFO -   Translated: Не бойся света и холодного ветра, что встречает тебя. Они не
2024-09-11 11:12:54,671 - INFO -   Position: x=0, y=461, w=1440, h=83
2024-09-11 11:12:54,695 - INFO - Text block translation:
2024-09-11 11:12:54,696 - INFO -   Original: Do not fear the light, nor the cold wind that greets you. They are not
2024-09-11 11:12:54,696 - INFO -   Translated: Не бойся света и холодного ветра, что встречает тебя. Они не
2024-09-11 11:12:54,696 - INFO -   Original position: x=0, y=461, w=1440, h=83
2024-09-11 11:12:54,696 - INFO -   Translated text size: w=834, h=27
2024-09-11 11:12:54,697 - INFO -   Translated text position: x=303, y=489
2024-09-11 11:12:54,697 - INFO - Text block before drawing:
2024-09-11 11:12:54,697 - INFO -   Original: enemies. They are the forces you must ride. The forces that will carry you
2024-09-11 11:12:54,697 - INFO -   Translated: враги. Это силы, на которых ты должен ехать. Силы, которые понесут тебя.
2024-09-11 11:12:54,697 - INFO -   Position: x=0, y=531, w=1440, h=83
2024-09-11 11:12:54,724 - INFO - Text block translation:
2024-09-11 11:12:54,724 - INFO -   Original: enemies. They are the forces you must ride. The forces that will carry you
2024-09-11 11:12:54,724 - INFO -   Translated: враги. Это силы, на которых ты должен ехать. Силы, которые понесут тебя.
2024-09-11 11:12:54,725 - INFO -   Original position: x=0, y=531, w=1440, h=83
2024-09-11 11:12:54,725 - INFO -   Translated text size: w=1016, h=27
2024-09-11 11:12:54,725 - INFO -   Translated text position: x=212, y=559
2024-09-11 11:12:54,725 - INFO - Text block before drawing:
2024-09-11 11:12:54,725 - INFO -   Original: further than your patience ever could.
2024-09-11 11:12:54,726 - INFO -   Translated: дальше, чем могла бы твоя терпимость.
2024-09-11 11:12:54,726 - INFO -   Position: x=115, y=605, w=1220, h=83
2024-09-11 11:12:54,745 - INFO - Text block translation:
2024-09-11 11:12:54,745 - INFO -   Original: further than your patience ever could.
2024-09-11 11:12:54,745 - INFO -   Translated: дальше, чем могла бы твоя терпимость.
2024-09-11 11:12:54,745 - INFO -   Original position: x=115, y=605, w=1220, h=83
2024-09-11 11:12:54,745 - INFO -   Translated text size: w=531, h=27
2024-09-11 11:12:54,745 - INFO -   Translated text position: x=459, y=633
2024-09-11 11:12:54,745 - INFO - Text block before drawing:
2024-09-11 11:12:54,745 - INFO -   Original: One step... then another. You were never meant to stay.
2024-09-11 11:12:54,745 - INFO -   Translated: Один шаг... потом другой. Ты никогда не был предназначен, чтобы остаться.
2024-09-11 11:12:54,745 - INFO -   Position: x=103, y=731, w=1337, h=91
2024-09-11 11:12:54,765 - INFO - Text block translation:
2024-09-11 11:12:54,765 - INFO -   Original: One step... then another. You were never meant to stay.
2024-09-11 11:12:54,765 - INFO -   Translated: Один шаг... потом другой. Ты никогда не был предназначен, чтобы остаться.
2024-09-11 11:12:54,765 - INFO -   Original position: x=103, y=731, w=1337, h=91
2024-09-11 11:12:54,766 - INFO -   Translated text size: w=1024, h=27
2024-09-11 11:12:54,766 - INFO -   Translated text position: x=259, y=763
2024-09-11 11:12:54,766 - INFO - Text block before drawing:
2024-09-11 11:12:54,766 - INFO -   Original: One step. . .then another. You were never meant to stay.
2024-09-11 11:12:54,766 - INFO -   Translated: Один шаг. . . затем другой. Тебе никогда не предназначалось остаться.
2024-09-11 11:12:54,766 - INFO -   Position: x=160, y=605, w=972, h=87
2024-09-11 11:12:54,784 - INFO - Text block translation:
2024-09-11 11:12:54,784 - INFO -   Original: One step. . .then another. You were never meant to stay.
2024-09-11 11:12:54,784 - INFO -   Translated: Один шаг. . . затем другой. Тебе никогда не предназначалось остаться.
2024-09-11 11:12:54,784 - INFO -   Original position: x=160, y=605, w=972, h=87
2024-09-11 11:12:54,785 - INFO -   Translated text size: w=949, h=27
2024-09-11 11:12:54,785 - INFO -   Translated text position: x=171, y=635
2024-09-11 11:12:54,785 - INFO - Text block before drawing:
2024-09-11 11:12:54,785 - INFO -   Original: Do not fear the light, nor the cold wind that greets you.
2024-09-11 11:12:54,785 - INFO -   Translated: Не бойся света, и холодного ветра, что встречает тебя.
2024-09-11 11:12:54,785 - INFO -   Position: x=0, y=248, w=1440, h=109
2024-09-11 11:12:54,803 - INFO - Text block translation:
2024-09-11 11:12:54,803 - INFO -   Original: Do not fear the light, nor the cold wind that greets you.
2024-09-11 11:12:54,803 - INFO -   Translated: Не бойся света, и холодного ветра, что встречает тебя.
2024-09-11 11:12:54,803 - INFO -   Original position: x=0, y=248, w=1440, h=109
2024-09-11 11:12:54,803 - INFO -   Translated text size: w=744, h=27
2024-09-11 11:12:54,803 - INFO -   Translated text position: x=348, y=289
2024-09-11 11:12:54,803 - INFO - Text block before drawing:
2024-09-11 11:12:54,803 - INFO -   Original: They are not enemies. They are the forces you must ride.
2024-09-11 11:12:54,803 - INFO -   Translated: Они не враги. Это силы, которые ты должен оседлать.
2024-09-11 11:12:54,803 - INFO -   Position: x=12, y=346, w=1428, h=109
2024-09-11 11:12:54,820 - INFO - Text block translation:
2024-09-11 11:12:54,821 - INFO -   Original: They are not enemies. They are the forces you must ride.
2024-09-11 11:12:54,821 - INFO -   Translated: Они не враги. Это силы, которые ты должен оседлать.
2024-09-11 11:12:54,821 - INFO -   Original position: x=12, y=346, w=1428, h=109
2024-09-11 11:12:54,821 - INFO -   Translated text size: w=728, h=26
2024-09-11 11:12:54,821 - INFO -   Translated text position: x=362, y=387
2024-09-11 11:12:54,821 - INFO - Text block before drawing:
2024-09-11 11:12:54,821 - INFO -   Original: The forces that will carry you further than your patience ever could.
2024-09-11 11:12:54,821 - INFO -   Translated: Силы, которые уведут тебя дальше, чем могла бы твоя терпеливость.
2024-09-11 11:12:54,821 - INFO -   Position: x=0, y=445, w=1440, h=109
2024-09-11 11:12:54,842 - INFO - Text block translation:
2024-09-11 11:12:54,842 - INFO -   Original: The forces that will carry you further than your patience ever could.
2024-09-11 11:12:54,842 - INFO -   Translated: Силы, которые уведут тебя дальше, чем могла бы твоя терпеливость.
2024-09-11 11:12:54,842 - INFO -   Original position: x=0, y=445, w=1440, h=109
2024-09-11 11:12:54,842 - INFO -   Translated text size: w=932, h=27
2024-09-11 11:12:54,842 - INFO -   Translated text position: x=254, y=486
2024-09-11 11:12:54,845 - INFO - Created translated frame for group 10
2024-09-11 11:12:57,037 - INFO - Processed group 10, total frames: 734/734
2024-09-11 11:12:57,039 - INFO - Adding audio to the output video...
2024-09-11 11:13:11,418 - INFO - Video processing complete!
