2024-09-11 08:45:14,577 - INFO - Starting video processing for tmp/sample1.mp4
2024-09-11 08:45:14,637 - INFO - Grouping frame 0/734
2024-09-11 08:45:15,976 - INFO - Grouping frame 100/734
2024-09-11 08:45:17,035 - INFO - Grouping frame 200/734
2024-09-11 08:45:18,144 - INFO - Grouping frame 300/734
2024-09-11 08:45:19,220 - INFO - Grouping frame 400/734
2024-09-11 08:45:20,211 - INFO - Grouping frame 500/734
2024-09-11 08:45:21,190 - INFO - Grouping frame 600/734
2024-09-11 08:45:22,214 - INFO - Grouping frame 700/734
2024-09-11 08:45:22,588 - INFO - Grouped frames into 10 groups
2024-09-11 08:45:22,600 - INFO - Original video dimensions: 1440x1080
2024-09-11 08:45:22,601 - INFO - Analyzing group 1 with 14 frames
2024-09-11 08:45:22,601 - INFO - Original frame size: 1440x1080
2024-09-11 08:45:22,602 - INFO - Resized frame for API: 512x384
2024-09-11 08:45:24,802 - INFO - GPT Analysis: {
  "text_lines": []
}
2024-09-11 08:45:24,802 - INFO - Detected 0 text blocks
2024-09-11 08:45:24,802 - INFO - No text detected in group 1, skipping further analysis
2024-09-11 08:45:24,802 - INFO - Analyzing group 2 with 19 frames
2024-09-11 08:45:24,802 - INFO - Original frame size: 1440x1080
2024-09-11 08:45:24,803 - INFO - Resized frame for API: 512x384
2024-09-11 08:45:25,792 - INFO - GPT Analysis: {
  "text_lines": []
}
2024-09-11 08:45:25,792 - INFO - Detected 0 text blocks
2024-09-11 08:45:25,792 - INFO - No text detected in group 2, skipping further analysis
2024-09-11 08:45:25,792 - INFO - Analyzing group 3 with 24 frames
2024-09-11 08:45:25,792 - INFO - Original frame size: 1440x1080
2024-09-11 08:45:25,793 - INFO - Resized frame for API: 512x384
2024-09-11 08:45:28,085 - INFO - GPT Analysis: {
  "text_lines": []
}
2024-09-11 08:45:28,085 - INFO - Detected 0 text blocks
2024-09-11 08:45:28,085 - INFO - No text detected in group 3, skipping further analysis
2024-09-11 08:45:28,085 - INFO - Analyzing group 4 with 20 frames
2024-09-11 08:45:28,085 - INFO - Original frame size: 1440x1080
2024-09-11 08:45:28,086 - INFO - Resized frame for API: 512x384
2024-09-11 08:45:30,683 - INFO - GPT Analysis: {
  "text_lines": []
}
2024-09-11 08:45:30,684 - INFO - Detected 0 text blocks
2024-09-11 08:45:30,684 - INFO - No text detected in group 4, skipping further analysis
2024-09-11 08:45:30,684 - INFO - Analyzing group 5 with 15 frames
2024-09-11 08:45:30,684 - INFO - Original frame size: 1440x1080
2024-09-11 08:45:30,684 - INFO - Resized frame for API: 512x384
2024-09-11 08:45:31,826 - INFO - GPT Analysis: {
  "text_lines": []
}
2024-09-11 08:45:31,826 - INFO - Detected 0 text blocks
2024-09-11 08:45:31,826 - INFO - No text detected in group 5, skipping further analysis
2024-09-11 08:45:31,826 - INFO - Analyzing group 6 with 28 frames
2024-09-11 08:45:31,826 - INFO - Original frame size: 1440x1080
2024-09-11 08:45:31,827 - INFO - Resized frame for API: 512x384
2024-09-11 08:45:33,025 - INFO - GPT Analysis: {
  "text_lines": []
}
2024-09-11 08:45:33,026 - INFO - Detected 0 text blocks
2024-09-11 08:45:33,026 - INFO - No text detected in group 6, skipping further analysis
2024-09-11 08:45:33,026 - INFO - Analyzing group 7 with 45 frames
2024-09-11 08:45:33,026 - INFO - Original frame size: 1440x1080
2024-09-11 08:45:33,027 - INFO - Resized frame for API: 512x384
2024-09-11 08:45:34,845 - INFO - GPT Analysis: {
  "text_lines": []
}
2024-09-11 08:45:34,845 - INFO - Detected 0 text blocks
2024-09-11 08:45:34,845 - INFO - No text detected in group 7, skipping further analysis
2024-09-11 08:45:34,845 - INFO - Analyzing group 8 with 8 frames
2024-09-11 08:45:34,845 - INFO - Original frame size: 1440x1080
2024-09-11 08:45:34,846 - INFO - Resized frame for API: 512x384
2024-09-11 08:45:36,031 - INFO - GPT Analysis: {
  "text_lines": []
}
2024-09-11 08:45:36,031 - INFO - Detected 0 text blocks
2024-09-11 08:45:36,031 - INFO - No text detected in group 8, skipping further analysis
2024-09-11 08:45:36,031 - INFO - Analyzing group 9 with 305 frames
2024-09-11 08:45:36,031 - INFO - Original frame size: 1440x1080
2024-09-11 08:45:36,032 - INFO - Resized frame for API: 512x384
2024-09-11 08:45:39,975 - INFO - GPT Analysis: {
  "text_lines": [
    {
      "content": "You have lingered in stillness, but the pulse outside is growing louder. It's time.",
      "top_left_corner": {
        "x": 30,
        "y": 90
      },
      "bottom_right_corner": {
        "x": 480,
        "y": 110
      }
    },
    {
      "content": "The cave served its purpose, but now it threatens to swallow you whole.",
      "top_left_corner": {
        "x": 40,
        "y": 130
      },
      "bottom_right_corner": {
        "x": 470,
        "y": 150
      }
    }
  ]
}
2024-09-11 08:45:39,976 - INFO - Text block 1: Content: 'You have lingered in stillness, but the pulse outside is growing louder. It's time.', API position: [x=30, y=90, w=450, h=20]
2024-09-11 08:45:39,976 - INFO - Text block 2: Content: 'The cave served its purpose, but now it threatens to swallow you whole.', API position: [x=40, y=130, w=430, h=20]
2024-09-11 08:45:39,976 - INFO - Detected 2 text blocks
2024-09-11 08:45:39,976 - INFO - Original frame size: 1440x1080
2024-09-11 08:45:39,977 - INFO - Resized frame for API: 512x384
2024-09-11 08:45:44,727 - INFO - GPT Analysis: {
  "text_lines": [
    {
      "content": "You have lingered in stillness, but the pulse outside is growing louder. It's time.",
      "top_left_corner": {
        "x": 20,
        "y": 220
      },
      "bottom_right_corner": {
        "x": 475,
        "y": 250
      }
    },
    {
      "content": "The cave served its purpose, but now it threatens to swallow you whole.",
      "top_left_corner": {
        "x": 55,
        "y": 260
      },
      "bottom_right_corner": {
        "x": 470,
        "y": 290
      }
    }
  ]
}
2024-09-11 08:45:44,727 - INFO - Text block 1: Content: 'You have lingered in stillness, but the pulse outside is growing louder. It's time.', API position: [x=20, y=220, w=455, h=30]
2024-09-11 08:45:44,727 - INFO - Text block 2: Content: 'The cave served its purpose, but now it threatens to swallow you whole.', API position: [x=55, y=260, w=415, h=30]
2024-09-11 08:45:44,727 - INFO - Detected 2 text blocks
2024-09-11 08:45:44,727 - INFO - Analyzed frame 1/5 in group. Detected 2 text blocks.
2024-09-11 08:45:44,727 - INFO - Original frame size: 1440x1080
2024-09-11 08:45:44,728 - INFO - Resized frame for API: 512x384
2024-09-11 08:45:50,804 - INFO - GPT Analysis: {
  "text_lines": [
    {
      "content": "You have lingered in stillness, but the pulse outside is growing louder. It's time.",
      "top_left_corner": {
        "x": 20,
        "y": 160
      },
      "bottom_right_corner": {
        "x": 500,
        "y": 185
      }
    },
    {
      "content": "The cave served its purpose, but now it threatens to swallow you whole.",
      "top_left_corner": {
        "x": 40,
        "y": 190
      },
      "bottom_right_corner": {
        "x": 490,
        "y": 215
      }
    }
  ]
}
2024-09-11 08:45:50,804 - INFO - Text block 1: Content: 'You have lingered in stillness, but the pulse outside is growing louder. It's time.', API position: [x=20, y=160, w=480, h=25]
2024-09-11 08:45:50,804 - INFO - Text block 2: Content: 'The cave served its purpose, but now it threatens to swallow you whole.', API position: [x=40, y=190, w=450, h=25]
2024-09-11 08:45:50,805 - INFO - Detected 2 text blocks
2024-09-11 08:45:50,805 - INFO - Analyzed frame 77/5 in group. Detected 2 text blocks.
2024-09-11 08:45:50,805 - INFO - Original frame size: 1440x1080
2024-09-11 08:45:50,806 - INFO - Resized frame for API: 512x384
2024-09-11 08:45:54,774 - INFO - GPT Analysis: {
  "text_lines": [
    {
      "content": "You have lingered in stillness, but the pulse outside is growing louder. It's time.",
      "top_left_corner": {
        "x": 22,
        "y": 165
      },
      "bottom_right_corner": {
        "x": 487,
        "y": 197
      }
    },
    {
      "content": "The cave served its purpose, but now it threatens to swallow you whole.",
      "top_left_corner": {
        "x": 59,
        "y": 197
      },
      "bottom_right_corner": {
        "x": 479,
        "y": 232
      }
    }
  ]
}
2024-09-11 08:45:54,774 - INFO - Text block 1: Content: 'You have lingered in stillness, but the pulse outside is growing louder. It's time.', API position: [x=22, y=165, w=465, h=32]
2024-09-11 08:45:54,774 - INFO - Text block 2: Content: 'The cave served its purpose, but now it threatens to swallow you whole.', API position: [x=59, y=197, w=420, h=35]
2024-09-11 08:45:54,774 - INFO - Detected 2 text blocks
2024-09-11 08:45:54,774 - INFO - Analyzed frame 153/5 in group. Detected 2 text blocks.
2024-09-11 08:45:54,774 - INFO - Original frame size: 1440x1080
2024-09-11 08:45:54,775 - INFO - Resized frame for API: 512x384
2024-09-11 08:46:01,628 - INFO - GPT Analysis: {
  "text_lines": [
    {
      "content": "You have lingered in stillness, but the pulse outside is growing louder. It's time.",
      "top_left_corner": {
        "x": 25,
        "y": 220
      },
      "bottom_right_corner": {
        "x": 480,
        "y": 245
      }
    },
    {
      "content": "The cave served its purpose, but now it threatens to swallow you whole.",
      "top_left_corner": {
        "x": 30,
        "y": 260
      },
      "bottom_right_corner": {
        "x": 450,
        "y": 285
      }
    }
  ]
}
2024-09-11 08:46:01,628 - INFO - Text block 1: Content: 'You have lingered in stillness, but the pulse outside is growing louder. It's time.', API position: [x=25, y=220, w=455, h=25]
2024-09-11 08:46:01,628 - INFO - Text block 2: Content: 'The cave served its purpose, but now it threatens to swallow you whole.', API position: [x=30, y=260, w=420, h=25]
2024-09-11 08:46:01,628 - INFO - Detected 2 text blocks
2024-09-11 08:46:01,628 - INFO - Analyzed frame 229/5 in group. Detected 2 text blocks.
2024-09-11 08:46:01,629 - INFO - Original frame size: 1440x1080
2024-09-11 08:46:01,630 - INFO - Resized frame for API: 512x384
2024-09-11 08:46:08,889 - INFO - GPT Analysis: {
  "text_lines": [
    {
      "content": "You have lingered in stillness, but the pulse outside is growing louder. It's time.",
      "top_left_corner": {
        "x": 25,
        "y": 110
      },
      "bottom_right_corner": {
        "x": 480,
        "y": 130
      }
    },
    {
      "content": "The cave served its purpose, but now it threatens to swallow you whole.",
      "top_left_corner": {
        "x": 55,
        "y": 140
      },
      "bottom_right_corner": {
        "x": 465,
        "y": 160
      }
    }
  ]
}
2024-09-11 08:46:08,889 - INFO - Text block 1: Content: 'You have lingered in stillness, but the pulse outside is growing louder. It's time.', API position: [x=25, y=110, w=455, h=20]
2024-09-11 08:46:08,890 - INFO - Text block 2: Content: 'The cave served its purpose, but now it threatens to swallow you whole.', API position: [x=55, y=140, w=410, h=20]
2024-09-11 08:46:08,890 - INFO - Detected 2 text blocks
2024-09-11 08:46:08,890 - INFO - Analyzed frame 305/5 in group. Detected 2 text blocks.
2024-09-11 08:46:08,891 - INFO - Averaged text block: 'You have lingered in stillness, but the pulse outside is growing louder. It's time.', Position: x=22, y=175, w=462, h=26
2024-09-11 08:46:08,891 - INFO - Averaged text block: 'The cave served its purpose, but now it threatens to swallow you whole.', Position: x=47, y=209, w=423, h=27
2024-09-11 08:46:08,891 - INFO - Total averaged text blocks: 2
2024-09-11 08:46:09,826 - INFO - Original text: You have lingered in stillness, but the pulse outside is growing louder. It's time.
2024-09-11 08:46:09,826 - INFO - Translated text: Ты задержался в тишине, но пульс снаружи становится всё громче. Пора.
2024-09-11 08:46:09,826 - INFO - Processed text block: Original: 'You have lingered in stillness, but the pulse outside is growing louder. It's time.', Translated: 'Ты задержался в тишине, но пульс снаружи становится всё громче. Пора.', Position: [x=0, y=471, w=1440, h=87]
2024-09-11 08:46:10,790 - INFO - Original text: The cave served its purpose, but now it threatens to swallow you whole.
2024-09-11 08:46:10,790 - INFO - Translated text: Пещера выполнила свою задачу, но теперь она угрожает поглотить тебя целиком.
2024-09-11 08:46:10,790 - INFO - Processed text block: Original: 'The cave served its purpose, but now it threatens to swallow you whole.', Translated: 'Пещера выполнила свою задачу, но теперь она угрожает поглотить тебя целиком.', Position: [x=14, y=565, w=1426, h=90]
2024-09-11 08:46:10,790 - INFO - Group 9: Processed 2 unique text blocks
2024-09-11 08:46:10,790 - INFO - Analyzing group 10 with 256 frames
2024-09-11 08:46:10,791 - INFO - Original frame size: 1440x1080
2024-09-11 08:46:10,791 - INFO - Resized frame for API: 512x384
2024-09-11 08:46:17,680 - INFO - GPT Analysis: {
  "text_lines": [
    {
      "content": "Do not fear the light, nor the cold wind that greets you. They are not",
      "top_left_corner": {
        "x": 30,
        "y": 180
      },
      "bottom_right_corner": {
        "x": 475,
        "y": 210
      }
    },
    {
      "content": "enemies. They are the forces you must ride. The forces that will carry you",
      "top_left_corner": {
        "x": 30,
        "y": 215
      },
      "bottom_right_corner": {
        "x": 475,
        "y": 245
      }
    },
    {
      "content": "further than your patience ever could.",
      "top_left_corner": {
        "x": 30,
        "y": 250
      },
      "bottom_right_corner": {
        "x": 410,
        "y": 280
      }
    },
    {
      "content": "One step... then another. You were never meant to stay.",
      "top_left_corner": {
        "x": 60,
        "y": 300
      },
      "bottom_right_corner": {
        "x": 455,
        "y": 330
      }
    }
  ]
}
2024-09-11 08:46:17,680 - INFO - Text block 1: Content: 'Do not fear the light, nor the cold wind that greets you. They are not', API position: [x=30, y=180, w=445, h=30]
2024-09-11 08:46:17,680 - INFO - Text block 2: Content: 'enemies. They are the forces you must ride. The forces that will carry you', API position: [x=30, y=215, w=445, h=30]
2024-09-11 08:46:17,680 - INFO - Text block 3: Content: 'further than your patience ever could.', API position: [x=30, y=250, w=380, h=30]
2024-09-11 08:46:17,680 - INFO - Text block 4: Content: 'One step... then another. You were never meant to stay.', API position: [x=60, y=300, w=395, h=30]
2024-09-11 08:46:17,681 - INFO - Detected 4 text blocks
2024-09-11 08:46:17,681 - INFO - Original frame size: 1440x1080
2024-09-11 08:46:17,681 - INFO - Resized frame for API: 512x384
2024-09-11 08:46:32,140 - INFO - GPT Analysis: {
  "text_lines": [
    {
      "content": "Do not fear the light, nor the cold wind that greets you. They are not",
      "top_left_corner": {
        "x": 20,
        "y": 200
      },
      "bottom_right_corner": {
        "x": 490,
        "y": 220
      }
    },
    {
      "content": "enemies. They are the forces you must ride. The forces that will carry you",
      "top_left_corner": {
        "x": 20,
        "y": 225
      },
      "bottom_right_corner": {
        "x": 490,
        "y": 245
      }
    },
    {
      "content": "further than your patience ever could.",
      "top_left_corner": {
        "x": 20,
        "y": 250
      },
      "bottom_right_corner": {
        "x": 360,
        "y": 270
      }
    },
    {
      "content": "One step... then another. You were never meant to stay.",
      "top_left_corner": {
        "x": 50,
        "y": 290
      },
      "bottom_right_corner": {
        "x": 470,
        "y": 310
      }
    }
  ]
}
2024-09-11 08:46:32,141 - INFO - Text block 1: Content: 'Do not fear the light, nor the cold wind that greets you. They are not', API position: [x=20, y=200, w=470, h=20]
2024-09-11 08:46:32,141 - INFO - Text block 2: Content: 'enemies. They are the forces you must ride. The forces that will carry you', API position: [x=20, y=225, w=470, h=20]
2024-09-11 08:46:32,141 - INFO - Text block 3: Content: 'further than your patience ever could.', API position: [x=20, y=250, w=340, h=20]
2024-09-11 08:46:32,141 - INFO - Text block 4: Content: 'One step... then another. You were never meant to stay.', API position: [x=50, y=290, w=420, h=20]
2024-09-11 08:46:32,141 - INFO - Detected 4 text blocks
2024-09-11 08:46:32,141 - INFO - Analyzed frame 1/5 in group. Detected 4 text blocks.
2024-09-11 08:46:32,142 - INFO - Original frame size: 1440x1080
2024-09-11 08:46:32,142 - INFO - Resized frame for API: 512x384
2024-09-11 08:46:44,527 - INFO - GPT Analysis: {
  "text_lines": [
    {
      "content": "Do not fear the light, nor the cold wind that greets you. They are not",
      "top_left_corner": {
        "x": 20,
        "y": 175
      },
      "bottom_right_corner": {
        "x": 500,
        "y": 200
      }
    },
    {
      "content": "enemies. They are the forces you must ride. The forces that will carry you",
      "top_left_corner": {
        "x": 20,
        "y": 210
      },
      "bottom_right_corner": {
        "x": 500,
        "y": 235
      }
    },
    {
      "content": "further than your patience ever could.",
      "top_left_corner": {
        "x": 20,
        "y": 245
      },
      "bottom_right_corner": {
        "x": 350,
        "y": 270
      }
    },
    {
      "content": "One step. . . then another. You were never meant to stay.",
      "top_left_corner": {
        "x": 20,
        "y": 290
      },
      "bottom_right_corner": {
        "x": 470,
        "y": 315
      }
    }
  ]
}
2024-09-11 08:46:44,527 - INFO - Text block 1: Content: 'Do not fear the light, nor the cold wind that greets you. They are not', API position: [x=20, y=175, w=480, h=25]
2024-09-11 08:46:44,527 - INFO - Text block 2: Content: 'enemies. They are the forces you must ride. The forces that will carry you', API position: [x=20, y=210, w=480, h=25]
2024-09-11 08:46:44,527 - INFO - Text block 3: Content: 'further than your patience ever could.', API position: [x=20, y=245, w=330, h=25]
2024-09-11 08:46:44,527 - INFO - Text block 4: Content: 'One step. . . then another. You were never meant to stay.', API position: [x=20, y=290, w=450, h=25]
2024-09-11 08:46:44,527 - INFO - Detected 4 text blocks
2024-09-11 08:46:44,528 - INFO - Analyzed frame 64/5 in group. Detected 4 text blocks.
2024-09-11 08:46:44,528 - INFO - Original frame size: 1440x1080
2024-09-11 08:46:44,528 - INFO - Resized frame for API: 512x384
2024-09-11 08:46:54,792 - INFO - GPT Analysis: {
  "text_lines": [
    {
      "content": "Do not fear the light, nor the cold wind that greets you. They are not",
      "top_left_corner": {
        "x": 20,
        "y": 180
      },
      "bottom_right_corner": {
        "x": 460,
        "y": 200
      }
    },
    {
      "content": "enemies. They are the forces you must ride. The forces that will carry you",
      "top_left_corner": {
        "x": 20,
        "y": 200
      },
      "bottom_right_corner": {
        "x": 465,
        "y": 220
      }
    },
    {
      "content": "further than your patience ever could.",
      "top_left_corner": {
        "x": 20,
        "y": 220
      },
      "bottom_right_corner": {
        "x": 335,
        "y": 240
      }
    },
    {
      "content": "One step... then another. You were never meant to stay.",
      "top_left_corner": {
        "x": 20,
        "y": 260
      },
      "bottom_right_corner": {
        "x": 430,
        "y": 280
      }
    }
  ]
}
2024-09-11 08:46:54,792 - INFO - Text block 1: Content: 'Do not fear the light, nor the cold wind that greets you. They are not', API position: [x=20, y=180, w=440, h=20]
2024-09-11 08:46:54,792 - INFO - Text block 2: Content: 'enemies. They are the forces you must ride. The forces that will carry you', API position: [x=20, y=200, w=445, h=20]
2024-09-11 08:46:54,792 - INFO - Text block 3: Content: 'further than your patience ever could.', API position: [x=20, y=220, w=315, h=20]
2024-09-11 08:46:54,793 - INFO - Text block 4: Content: 'One step... then another. You were never meant to stay.', API position: [x=20, y=260, w=410, h=20]
2024-09-11 08:46:54,793 - INFO - Detected 4 text blocks
2024-09-11 08:46:54,793 - INFO - Analyzed frame 128/5 in group. Detected 4 text blocks.
2024-09-11 08:46:54,793 - INFO - Original frame size: 1440x1080
2024-09-11 08:46:54,794 - INFO - Resized frame for API: 512x384
2024-09-11 08:47:06,439 - INFO - GPT Analysis: {
  "text_lines": [
    {
      "content": "Do not fear the light, nor the cold wind that greets you.",
      "top_left_corner": {
        "x": 48,
        "y": 129
      },
      "bottom_right_corner": {
        "x": 462,
        "y": 151
      }
    },
    {
      "content": "They are not enemies. They are the forces you must ride.",
      "top_left_corner": {
        "x": 59,
        "y": 153
      },
      "bottom_right_corner": {
        "x": 438,
        "y": 171
      }
    },
    {
      "content": "The forces that will carry you further than your patience ever could.",
      "top_left_corner": {
        "x": 35,
        "y": 177
      },
      "bottom_right_corner": {
        "x": 478,
        "y": 195
      }
    },
    {
      "content": "One step... then another. You were never meant to stay.",
      "top_left_corner": {
        "x": 90,
        "y": 213
      },
      "bottom_right_corner": {
        "x": 417,
        "y": 230
      }
    }
  ]
}
2024-09-11 08:47:06,439 - INFO - Text block 1: Content: 'Do not fear the light, nor the cold wind that greets you.', API position: [x=48, y=129, w=414, h=22]
2024-09-11 08:47:06,440 - INFO - Text block 2: Content: 'They are not enemies. They are the forces you must ride.', API position: [x=59, y=153, w=379, h=18]
2024-09-11 08:47:06,440 - INFO - Text block 3: Content: 'The forces that will carry you further than your patience ever could.', API position: [x=35, y=177, w=443, h=18]
2024-09-11 08:47:06,440 - INFO - Text block 4: Content: 'One step... then another. You were never meant to stay.', API position: [x=90, y=213, w=327, h=17]
2024-09-11 08:47:06,441 - INFO - Detected 4 text blocks
2024-09-11 08:47:06,441 - INFO - Analyzed frame 192/5 in group. Detected 4 text blocks.
2024-09-11 08:47:06,441 - INFO - Original frame size: 1440x1080
2024-09-11 08:47:06,442 - INFO - Resized frame for API: 512x384
2024-09-11 08:47:13,858 - INFO - GPT Analysis: {
  "text_lines": [
    {
      "content": "Do not fear the light, nor the cold wind that greets you. They are not",
      "top_left_corner": {
        "x": 20,
        "y": 140
      },
      "bottom_right_corner": {
        "x": 470,
        "y": 170
      }
    },
    {
      "content": "enemies. They are the forces you must ride. The forces that will carry you",
      "top_left_corner": {
        "x": 20,
        "y": 175
      },
      "bottom_right_corner": {
        "x": 515,
        "y": 205
      }
    },
    {
      "content": "further than your patience ever could.",
      "top_left_corner": {
        "x": 20,
        "y": 210
      },
      "bottom_right_corner": {
        "x": 370,
        "y": 240
      }
    },
    {
      "content": "One step... then another. You were never meant to stay.",
      "top_left_corner": {
        "x": 20,
        "y": 255
      },
      "bottom_right_corner": {
        "x": 470,
        "y": 285
      }
    }
  ]
}
2024-09-11 08:47:13,858 - INFO - Text block 1: Content: 'Do not fear the light, nor the cold wind that greets you. They are not', API position: [x=20, y=140, w=450, h=30]
2024-09-11 08:47:13,858 - INFO - Text block 2: Content: 'enemies. They are the forces you must ride. The forces that will carry you', API position: [x=20, y=175, w=495, h=30]
2024-09-11 08:47:13,858 - INFO - Text block 3: Content: 'further than your patience ever could.', API position: [x=20, y=210, w=350, h=30]
2024-09-11 08:47:13,858 - INFO - Text block 4: Content: 'One step... then another. You were never meant to stay.', API position: [x=20, y=255, w=450, h=30]
2024-09-11 08:47:13,859 - INFO - Detected 4 text blocks
2024-09-11 08:47:13,859 - INFO - Analyzed frame 256/5 in group. Detected 4 text blocks.
2024-09-11 08:47:13,859 - INFO - Averaged text block: 'Do not fear the light, nor the cold wind that greets you. They are not', Position: x=20, y=173, w=460, h=23
2024-09-11 08:47:13,859 - INFO - Averaged text block: 'enemies. They are the forces you must ride. The forces that will carry you', Position: x=20, y=202, w=472, h=23
2024-09-11 08:47:13,859 - INFO - Averaged text block: 'further than your patience ever could.', Position: x=20, y=231, w=333, h=23
2024-09-11 08:47:13,860 - INFO - Averaged text block: 'One step... then another. You were never meant to stay.', Position: x=45, y=254, w=401, h=21
2024-09-11 08:47:13,860 - INFO - Total averaged text blocks: 4
2024-09-11 08:47:14,807 - INFO - Original text: Do not fear the light, nor the cold wind that greets you. They are not
2024-09-11 08:47:14,808 - INFO - Translated text: Не бойся света и холодного ветра, который встречает тебя. Они не
2024-09-11 08:47:14,808 - INFO - Processed text block: Original: 'Do not fear the light, nor the cold wind that greets you. They are not', Translated: 'Не бойся света и холодного ветра, который встречает тебя. Они не', Position: [x=0, y=468, w=1440, h=76]
2024-09-11 08:47:18,013 - INFO - Original text: enemies. They are the forces you must ride. The forces that will carry you
2024-09-11 08:47:18,014 - INFO - Translated text: враги. Это силы, которыми ты должен управлять. Силы, которые понесут тебя.
2024-09-11 08:47:18,014 - INFO - Processed text block: Original: 'enemies. They are the forces you must ride. The forces that will carry you', Translated: 'враги. Это силы, которыми ты должен управлять. Силы, которые понесут тебя.', Position: [x=0, y=550, w=1440, h=76]
2024-09-11 08:47:18,667 - INFO - Original text: further than your patience ever could.
2024-09-11 08:47:18,667 - INFO - Translated text: дальше, чем позволило бы твое терпение.
2024-09-11 08:47:18,667 - INFO - Processed text block: Original: 'further than your patience ever could.', Translated: 'дальше, чем позволило бы твое терпение.', Position: [x=0, y=631, w=1123, h=76]
2024-09-11 08:47:19,724 - INFO - Original text: One step... then another. You were never meant to stay.
2024-09-11 08:47:19,725 - INFO - Translated text: Один шаг... потом другой. Ты никогда не был предназначен, чтобы остаться.
2024-09-11 08:47:19,725 - INFO - Processed text block: Original: 'One step... then another. You were never meant to stay.', Translated: 'Один шаг... потом другой. Ты никогда не был предназначен, чтобы остаться.', Position: [x=14, y=698, w=1352, h=70]
2024-09-11 08:47:19,725 - INFO - Group 10: Processed 4 unique text blocks
2024-09-11 08:47:19,725 - INFO - Creating output video...
2024-09-11 08:47:19,740 - INFO - No translation for group 1
2024-09-11 08:47:19,881 - INFO - Processed group 1, total frames: 14/734
2024-09-11 08:47:19,881 - INFO - No translation for group 2
2024-09-11 08:47:20,050 - INFO - Processed group 2, total frames: 33/734
2024-09-11 08:47:20,050 - INFO - No translation for group 3
2024-09-11 08:47:20,271 - INFO - Processed group 3, total frames: 57/734
2024-09-11 08:47:20,271 - INFO - No translation for group 4
2024-09-11 08:47:20,480 - INFO - Processed group 4, total frames: 77/734
2024-09-11 08:47:20,481 - INFO - No translation for group 5
2024-09-11 08:47:20,625 - INFO - Processed group 5, total frames: 92/734
2024-09-11 08:47:20,625 - INFO - No translation for group 6
2024-09-11 08:47:20,900 - INFO - Processed group 6, total frames: 120/734
2024-09-11 08:47:20,901 - INFO - No translation for group 7
2024-09-11 08:47:21,319 - INFO - Processed group 7, total frames: 165/734
2024-09-11 08:47:21,320 - INFO - No translation for group 8
2024-09-11 08:47:21,390 - INFO - Processed group 8, total frames: 173/734
2024-09-11 08:47:21,393 - INFO - Frame size for translation: 1440x1080
2024-09-11 08:47:21,520 - INFO - Text block before drawing:
2024-09-11 08:47:21,521 - INFO -   Original: You have lingered in stillness, but the pulse outside is growing louder. It's time.
2024-09-11 08:47:21,521 - INFO -   Translated: Ты задержался в тишине, но пульс снаружи становится всё громче. Пора.
2024-09-11 08:47:21,521 - INFO -   Position: x=0, y=471, w=1440, h=87
2024-09-11 08:47:21,559 - INFO - Text block translation:
2024-09-11 08:47:21,559 - INFO -   Original: You have lingered in stillness, but the pulse outside is growing louder. It's time.
2024-09-11 08:47:21,559 - INFO -   Translated: Ты задержался в тишине, но пульс снаружи становится всё громче. Пора.
2024-09-11 08:47:21,559 - INFO -   Original position: x=0, y=471, w=1440, h=87
2024-09-11 08:47:21,560 - INFO -   Translated text size: w=1255, h=32
2024-09-11 08:47:21,560 - INFO -   Translated text position: x=92, y=498
2024-09-11 08:47:21,560 - INFO - Text block before drawing:
2024-09-11 08:47:21,560 - INFO -   Original: The cave served its purpose, but now it threatens to swallow you whole.
2024-09-11 08:47:21,560 - INFO -   Translated: Пещера выполнила свою задачу, но теперь она угрожает поглотить тебя целиком.
2024-09-11 08:47:21,560 - INFO -   Position: x=14, y=565, w=1426, h=90
2024-09-11 08:47:21,584 - INFO - Text block translation:
2024-09-11 08:47:21,585 - INFO -   Original: The cave served its purpose, but now it threatens to swallow you whole.
2024-09-11 08:47:21,585 - INFO -   Translated: Пещера выполнила свою задачу, но теперь она угрожает поглотить тебя целиком.
2024-09-11 08:47:21,585 - INFO -   Original position: x=14, y=565, w=1426, h=90
2024-09-11 08:47:21,585 - INFO -   Translated text size: w=1395, h=33
2024-09-11 08:47:21,585 - INFO -   Translated text position: x=29, y=593
2024-09-11 08:47:21,585 - INFO - Created translated frame for group 9
2024-09-11 08:47:24,261 - INFO - Processed group 9, total frames: 478/734
2024-09-11 08:47:24,263 - INFO - Frame size for translation: 1440x1080
2024-09-11 08:47:24,485 - INFO - Text block before drawing:
2024-09-11 08:47:24,486 - INFO -   Original: Do not fear the light, nor the cold wind that greets you. They are not
2024-09-11 08:47:24,486 - INFO -   Translated: Не бойся света и холодного ветра, который встречает тебя. Они не
2024-09-11 08:47:24,486 - INFO -   Position: x=0, y=468, w=1440, h=76
2024-09-11 08:47:24,510 - INFO - Text block translation:
2024-09-11 08:47:24,510 - INFO -   Original: Do not fear the light, nor the cold wind that greets you. They are not
2024-09-11 08:47:24,510 - INFO -   Translated: Не бойся света и холодного ветра, который встречает тебя. Они не
2024-09-11 08:47:24,510 - INFO -   Original position: x=0, y=468, w=1440, h=76
2024-09-11 08:47:24,510 - INFO -   Translated text size: w=1170, h=34
2024-09-11 08:47:24,510 - INFO -   Translated text position: x=135, y=489
2024-09-11 08:47:24,510 - INFO - Text block before drawing:
2024-09-11 08:47:24,510 - INFO -   Original: enemies. They are the forces you must ride. The forces that will carry you
2024-09-11 08:47:24,510 - INFO -   Translated: враги. Это силы, которыми ты должен управлять. Силы, которые понесут тебя.
2024-09-11 08:47:24,510 - INFO -   Position: x=0, y=550, w=1440, h=76
2024-09-11 08:47:24,534 - INFO - Text block translation:
2024-09-11 08:47:24,534 - INFO -   Original: enemies. They are the forces you must ride. The forces that will carry you
2024-09-11 08:47:24,534 - INFO -   Translated: враги. Это силы, которыми ты должен управлять. Силы, которые понесут тебя.
2024-09-11 08:47:24,534 - INFO -   Original position: x=0, y=550, w=1440, h=76
2024-09-11 08:47:24,535 - INFO -   Translated text size: w=1378, h=34
2024-09-11 08:47:24,535 - INFO -   Translated text position: x=31, y=571
2024-09-11 08:47:24,535 - INFO - Text block before drawing:
2024-09-11 08:47:24,535 - INFO -   Original: further than your patience ever could.
2024-09-11 08:47:24,535 - INFO -   Translated: дальше, чем позволило бы твое терпение.
2024-09-11 08:47:24,535 - INFO -   Position: x=0, y=631, w=1123, h=76
2024-09-11 08:47:24,551 - INFO - Text block translation:
2024-09-11 08:47:24,552 - INFO -   Original: further than your patience ever could.
2024-09-11 08:47:24,552 - INFO -   Translated: дальше, чем позволило бы твое терпение.
2024-09-11 08:47:24,552 - INFO -   Original position: x=0, y=631, w=1123, h=76
2024-09-11 08:47:24,552 - INFO -   Translated text size: w=733, h=34
2024-09-11 08:47:24,552 - INFO -   Translated text position: x=195, y=652
2024-09-11 08:47:24,552 - INFO - Text block before drawing:
2024-09-11 08:47:24,552 - INFO -   Original: One step... then another. You were never meant to stay.
2024-09-11 08:47:24,552 - INFO -   Translated: Один шаг... потом другой. Ты никогда не был предназначен, чтобы остаться.
2024-09-11 08:47:24,552 - INFO -   Position: x=14, y=698, w=1352, h=70
2024-09-11 08:47:24,571 - INFO - Text block translation:
2024-09-11 08:47:24,571 - INFO -   Original: One step... then another. You were never meant to stay.
2024-09-11 08:47:24,571 - INFO -   Translated: Один шаг... потом другой. Ты никогда не был предназначен, чтобы остаться.
2024-09-11 08:47:24,571 - INFO -   Original position: x=14, y=698, w=1352, h=70
2024-09-11 08:47:24,571 - INFO -   Translated text size: w=1327, h=34
2024-09-11 08:47:24,571 - INFO -   Translated text position: x=26, y=716
2024-09-11 08:47:24,573 - INFO - Created translated frame for group 10
2024-09-11 08:47:26,760 - INFO - Processed group 10, total frames: 734/734
2024-09-11 08:47:26,762 - INFO - Adding audio to the output video...
2024-09-11 08:47:39,351 - INFO - Video processing complete!
