2024-09-11 07:57:59,905 - INFO - Starting video processing for tmp/sample1.mp4
2024-09-11 07:57:59,956 - INFO - Grouping frame 0/734
2024-09-11 07:58:01,071 - INFO - Grouping frame 100/734
2024-09-11 07:58:02,402 - INFO - Grouping frame 200/734
2024-09-11 07:58:03,608 - INFO - Grouping frame 300/734
2024-09-11 07:58:04,776 - INFO - Grouping frame 400/734
2024-09-11 07:58:05,925 - INFO - Grouping frame 500/734
2024-09-11 07:58:07,043 - INFO - Grouping frame 600/734
2024-09-11 07:58:08,196 - INFO - Grouping frame 700/734
2024-09-11 07:58:08,538 - INFO - Grouped frames into 10 groups
2024-09-11 07:58:08,547 - INFO - Original video dimensions: 1440x1080
2024-09-11 07:58:08,548 - INFO - Analyzing group 1 with 14 frames
2024-09-11 07:58:08,548 - INFO - Original frame size: 1440x1080
2024-09-11 07:58:08,549 - INFO - Resized frame for API: 512x384
2024-09-11 07:58:09,642 - INFO - GPT Analysis: {
  "text_lines": []
}
2024-09-11 07:58:09,642 - INFO - Detected 0 text blocks
2024-09-11 07:58:09,642 - INFO - Analyzed frame 1/5 in group. Detected 0 text blocks.
2024-09-11 07:58:09,642 - INFO - Original frame size: 1440x1080
2024-09-11 07:58:09,643 - INFO - Resized frame for API: 512x384
2024-09-11 07:58:10,815 - INFO - GPT Analysis: {
  "text_lines": []
}
2024-09-11 07:58:10,815 - INFO - Detected 0 text blocks
2024-09-11 07:58:10,815 - INFO - Analyzed frame 4/5 in group. Detected 0 text blocks.
2024-09-11 07:58:10,815 - INFO - Original frame size: 1440x1080
2024-09-11 07:58:10,816 - INFO - Resized frame for API: 512x384
2024-09-11 07:58:12,372 - INFO - GPT Analysis: {
  "text_lines": []
}
2024-09-11 07:58:12,373 - INFO - Detected 0 text blocks
2024-09-11 07:58:12,373 - INFO - Analyzed frame 7/5 in group. Detected 0 text blocks.
2024-09-11 07:58:12,374 - INFO - Original frame size: 1440x1080
2024-09-11 07:58:12,374 - INFO - Resized frame for API: 512x384
2024-09-11 07:58:14,044 - INFO - GPT Analysis: {
  "text_lines": []
}
2024-09-11 07:58:14,045 - INFO - Detected 0 text blocks
2024-09-11 07:58:14,045 - INFO - Analyzed frame 10/5 in group. Detected 0 text blocks.
2024-09-11 07:58:14,045 - INFO - Original frame size: 1440x1080
2024-09-11 07:58:14,046 - INFO - Resized frame for API: 512x384
2024-09-11 07:58:15,199 - INFO - GPT Analysis: {
  "text_lines": []
}
2024-09-11 07:58:15,200 - INFO - Detected 0 text blocks
2024-09-11 07:58:15,201 - INFO - Analyzed frame 14/5 in group. Detected 0 text blocks.
2024-09-11 07:58:15,201 - INFO - Total averaged text blocks: 0
2024-09-11 07:58:15,201 - INFO - No text detected in group 1
2024-09-11 07:58:15,202 - INFO - Analyzing group 2 with 19 frames
2024-09-11 07:58:15,202 - INFO - Original frame size: 1440x1080
2024-09-11 07:58:15,203 - INFO - Resized frame for API: 512x384
2024-09-11 07:58:16,312 - INFO - GPT Analysis: {
  "text_lines": []
}
2024-09-11 07:58:16,312 - INFO - Detected 0 text blocks
2024-09-11 07:58:16,313 - INFO - Analyzed frame 1/5 in group. Detected 0 text blocks.
2024-09-11 07:58:16,313 - INFO - Original frame size: 1440x1080
2024-09-11 07:58:16,313 - INFO - Resized frame for API: 512x384
2024-09-11 07:58:17,860 - INFO - GPT Analysis: {
  "text_lines": []
}
2024-09-11 07:58:17,860 - INFO - Detected 0 text blocks
2024-09-11 07:58:17,860 - INFO - Analyzed frame 5/5 in group. Detected 0 text blocks.
2024-09-11 07:58:17,860 - INFO - Original frame size: 1440x1080
2024-09-11 07:58:17,861 - INFO - Resized frame for API: 512x384
2024-09-11 07:58:19,418 - INFO - GPT Analysis: {
  "text_lines": []
}
2024-09-11 07:58:19,418 - INFO - Detected 0 text blocks
2024-09-11 07:58:19,418 - INFO - Analyzed frame 10/5 in group. Detected 0 text blocks.
2024-09-11 07:58:19,418 - INFO - Original frame size: 1440x1080
2024-09-11 07:58:19,419 - INFO - Resized frame for API: 512x384
2024-09-11 07:58:21,562 - INFO - GPT Analysis: {
  "text_lines": []
}
2024-09-11 07:58:21,562 - INFO - Detected 0 text blocks
2024-09-11 07:58:21,562 - INFO - Analyzed frame 14/5 in group. Detected 0 text blocks.
2024-09-11 07:58:21,562 - INFO - Original frame size: 1440x1080
2024-09-11 07:58:21,563 - INFO - Resized frame for API: 512x384
2024-09-11 07:58:24,446 - INFO - GPT Analysis: {
  "text_lines": []
}
2024-09-11 07:58:24,446 - INFO - Detected 0 text blocks
2024-09-11 07:58:24,446 - INFO - Analyzed frame 19/5 in group. Detected 0 text blocks.
2024-09-11 07:58:24,446 - INFO - Total averaged text blocks: 0
2024-09-11 07:58:24,446 - INFO - No text detected in group 2
2024-09-11 07:58:24,446 - INFO - Analyzing group 3 with 24 frames
2024-09-11 07:58:24,447 - INFO - Original frame size: 1440x1080
2024-09-11 07:58:24,447 - INFO - Resized frame for API: 512x384
2024-09-11 07:58:26,109 - INFO - GPT Analysis: {
  "text_lines": []
}
2024-09-11 07:58:26,109 - INFO - Detected 0 text blocks
2024-09-11 07:58:26,109 - INFO - Analyzed frame 1/5 in group. Detected 0 text blocks.
2024-09-11 07:58:26,110 - INFO - Original frame size: 1440x1080
2024-09-11 07:58:26,110 - INFO - Resized frame for API: 512x384
2024-09-11 07:58:27,485 - INFO - GPT Analysis: {
  "text_lines": []
}
2024-09-11 07:58:27,486 - INFO - Detected 0 text blocks
2024-09-11 07:58:27,486 - INFO - Analyzed frame 6/5 in group. Detected 0 text blocks.
2024-09-11 07:58:27,486 - INFO - Original frame size: 1440x1080
2024-09-11 07:58:27,486 - INFO - Resized frame for API: 512x384
2024-09-11 07:58:29,651 - INFO - GPT Analysis: {
  "text_lines": []
}
2024-09-11 07:58:29,652 - INFO - Detected 0 text blocks
2024-09-11 07:58:29,652 - INFO - Analyzed frame 12/5 in group. Detected 0 text blocks.
2024-09-11 07:58:29,652 - INFO - Original frame size: 1440x1080
2024-09-11 07:58:29,653 - INFO - Resized frame for API: 512x384
2024-09-11 07:58:32,592 - INFO - GPT Analysis: {
  "text_lines": []
}
2024-09-11 07:58:32,592 - INFO - Detected 0 text blocks
2024-09-11 07:58:32,593 - INFO - Analyzed frame 18/5 in group. Detected 0 text blocks.
2024-09-11 07:58:32,593 - INFO - Original frame size: 1440x1080
2024-09-11 07:58:32,593 - INFO - Resized frame for API: 512x384
2024-09-11 07:58:33,681 - INFO - GPT Analysis: {
  "text_lines": []
}
2024-09-11 07:58:33,682 - INFO - Detected 0 text blocks
2024-09-11 07:58:33,682 - INFO - Analyzed frame 24/5 in group. Detected 0 text blocks.
2024-09-11 07:58:33,682 - INFO - Total averaged text blocks: 0
2024-09-11 07:58:33,682 - INFO - No text detected in group 3
2024-09-11 07:58:33,682 - INFO - Analyzing group 4 with 20 frames
2024-09-11 07:58:33,682 - INFO - Original frame size: 1440x1080
2024-09-11 07:58:33,683 - INFO - Resized frame for API: 512x384
2024-09-11 07:58:34,884 - INFO - GPT Analysis: {
  "text_lines": []
}
2024-09-11 07:58:34,885 - INFO - Detected 0 text blocks
2024-09-11 07:58:34,885 - INFO - Analyzed frame 1/5 in group. Detected 0 text blocks.
2024-09-11 07:58:34,885 - INFO - Original frame size: 1440x1080
2024-09-11 07:58:34,885 - INFO - Resized frame for API: 512x384
2024-09-11 07:58:36,517 - INFO - GPT Analysis: {
  "text_lines": []
}
2024-09-11 07:58:36,518 - INFO - Detected 0 text blocks
2024-09-11 07:58:36,518 - INFO - Analyzed frame 5/5 in group. Detected 0 text blocks.
2024-09-11 07:58:36,518 - INFO - Original frame size: 1440x1080
2024-09-11 07:58:36,519 - INFO - Resized frame for API: 512x384
2024-09-11 07:58:38,716 - INFO - GPT Analysis: {
  "text_lines": []
}
2024-09-11 07:58:38,716 - INFO - Detected 0 text blocks
2024-09-11 07:58:38,716 - INFO - Analyzed frame 10/5 in group. Detected 0 text blocks.
2024-09-11 07:58:38,716 - INFO - Original frame size: 1440x1080
2024-09-11 07:58:38,717 - INFO - Resized frame for API: 512x384
2024-09-11 07:58:41,079 - INFO - GPT Analysis: {
  "text_lines": []
}
2024-09-11 07:58:41,079 - INFO - Detected 0 text blocks
2024-09-11 07:58:41,080 - INFO - Analyzed frame 15/5 in group. Detected 0 text blocks.
2024-09-11 07:58:41,080 - INFO - Original frame size: 1440x1080
2024-09-11 07:58:41,081 - INFO - Resized frame for API: 512x384
2024-09-11 07:58:42,425 - INFO - GPT Analysis: {
  "text_lines": []
}
2024-09-11 07:58:42,426 - INFO - Detected 0 text blocks
2024-09-11 07:58:42,426 - INFO - Analyzed frame 20/5 in group. Detected 0 text blocks.
2024-09-11 07:58:42,426 - INFO - Total averaged text blocks: 0
2024-09-11 07:58:42,427 - INFO - No text detected in group 4
2024-09-11 07:58:42,427 - INFO - Analyzing group 5 with 15 frames
2024-09-11 07:58:42,427 - INFO - Original frame size: 1440x1080
2024-09-11 07:58:42,428 - INFO - Resized frame for API: 512x384
2024-09-11 07:58:43,645 - INFO - GPT Analysis: {
  "text_lines": []
}
2024-09-11 07:58:43,645 - INFO - Detected 0 text blocks
2024-09-11 07:58:43,646 - INFO - Analyzed frame 1/5 in group. Detected 0 text blocks.
2024-09-11 07:58:43,646 - INFO - Original frame size: 1440x1080
2024-09-11 07:58:43,646 - INFO - Resized frame for API: 512x384
2024-09-11 07:58:45,437 - INFO - GPT Analysis: {
  "text_lines": []
}
2024-09-11 07:58:45,437 - INFO - Detected 0 text blocks
2024-09-11 07:58:45,438 - INFO - Analyzed frame 4/5 in group. Detected 0 text blocks.
2024-09-11 07:58:45,438 - INFO - Original frame size: 1440x1080
2024-09-11 07:58:45,438 - INFO - Resized frame for API: 512x384
2024-09-11 07:58:46,803 - INFO - GPT Analysis: {
  "text_lines": []
}
2024-09-11 07:58:46,803 - INFO - Detected 0 text blocks
2024-09-11 07:58:46,803 - INFO - Analyzed frame 8/5 in group. Detected 0 text blocks.
2024-09-11 07:58:46,803 - INFO - Original frame size: 1440x1080
2024-09-11 07:58:46,804 - INFO - Resized frame for API: 512x384
2024-09-11 07:58:48,819 - INFO - GPT Analysis: {
  "text_lines": []
}
2024-09-11 07:58:48,820 - INFO - Detected 0 text blocks
2024-09-11 07:58:48,820 - INFO - Analyzed frame 11/5 in group. Detected 0 text blocks.
2024-09-11 07:58:48,820 - INFO - Original frame size: 1440x1080
2024-09-11 07:58:48,821 - INFO - Resized frame for API: 512x384
2024-09-11 07:58:51,031 - INFO - GPT Analysis: {
  "text_lines": []
}
2024-09-11 07:58:51,031 - INFO - Detected 0 text blocks
2024-09-11 07:58:51,031 - INFO - Analyzed frame 15/5 in group. Detected 0 text blocks.
2024-09-11 07:58:51,031 - INFO - Total averaged text blocks: 0
2024-09-11 07:58:51,031 - INFO - No text detected in group 5
2024-09-11 07:58:51,032 - INFO - Analyzing group 6 with 28 frames
2024-09-11 07:58:51,032 - INFO - Original frame size: 1440x1080
2024-09-11 07:58:51,033 - INFO - Resized frame for API: 512x384
2024-09-11 07:58:52,171 - INFO - GPT Analysis: {
  "text_lines": []
}
2024-09-11 07:58:52,171 - INFO - Detected 0 text blocks
2024-09-11 07:58:52,171 - INFO - Analyzed frame 1/5 in group. Detected 0 text blocks.
2024-09-11 07:58:52,172 - INFO - Original frame size: 1440x1080
2024-09-11 07:58:52,172 - INFO - Resized frame for API: 512x384
2024-09-11 07:58:53,830 - INFO - GPT Analysis: {
  "text_lines": []
}
2024-09-11 07:58:53,830 - INFO - Detected 0 text blocks
2024-09-11 07:58:53,830 - INFO - Analyzed frame 7/5 in group. Detected 0 text blocks.
2024-09-11 07:58:53,830 - INFO - Original frame size: 1440x1080
2024-09-11 07:58:53,831 - INFO - Resized frame for API: 512x384
2024-09-11 07:58:55,069 - INFO - GPT Analysis: {
  "text_lines": []
}
2024-09-11 07:58:55,070 - INFO - Detected 0 text blocks
2024-09-11 07:58:55,070 - INFO - Analyzed frame 14/5 in group. Detected 0 text blocks.
2024-09-11 07:58:55,070 - INFO - Original frame size: 1440x1080
2024-09-11 07:58:55,071 - INFO - Resized frame for API: 512x384
2024-09-11 07:58:56,854 - INFO - GPT Analysis: {
  "text_lines": []
}
2024-09-11 07:58:56,854 - INFO - Detected 0 text blocks
2024-09-11 07:58:56,855 - INFO - Analyzed frame 21/5 in group. Detected 0 text blocks.
2024-09-11 07:58:56,855 - INFO - Original frame size: 1440x1080
2024-09-11 07:58:56,855 - INFO - Resized frame for API: 512x384
2024-09-11 07:58:59,213 - INFO - GPT Analysis: {
  "text_lines": []
}
2024-09-11 07:58:59,213 - INFO - Detected 0 text blocks
2024-09-11 07:58:59,214 - INFO - Analyzed frame 28/5 in group. Detected 0 text blocks.
2024-09-11 07:58:59,214 - INFO - Total averaged text blocks: 0
2024-09-11 07:58:59,214 - INFO - No text detected in group 6
2024-09-11 07:58:59,214 - INFO - Analyzing group 7 with 45 frames
2024-09-11 07:58:59,214 - INFO - Original frame size: 1440x1080
2024-09-11 07:58:59,215 - INFO - Resized frame for API: 512x384
2024-09-11 07:59:01,369 - INFO - GPT Analysis: {
  "text_lines": []
}
2024-09-11 07:59:01,369 - INFO - Detected 0 text blocks
2024-09-11 07:59:01,369 - INFO - Analyzed frame 1/5 in group. Detected 0 text blocks.
2024-09-11 07:59:01,369 - INFO - Original frame size: 1440x1080
2024-09-11 07:59:01,370 - INFO - Resized frame for API: 512x384
2024-09-11 07:59:03,130 - INFO - GPT Analysis: {
  "text_lines": []
}
2024-09-11 07:59:03,130 - INFO - Detected 0 text blocks
2024-09-11 07:59:03,130 - INFO - Analyzed frame 12/5 in group. Detected 0 text blocks.
2024-09-11 07:59:03,130 - INFO - Original frame size: 1440x1080
2024-09-11 07:59:03,131 - INFO - Resized frame for API: 512x384
2024-09-11 07:59:08,165 - INFO - GPT Analysis: {
  "text_lines": []
}
2024-09-11 07:59:08,165 - INFO - Detected 0 text blocks
2024-09-11 07:59:08,166 - INFO - Analyzed frame 23/5 in group. Detected 0 text blocks.
2024-09-11 07:59:08,166 - INFO - Original frame size: 1440x1080
2024-09-11 07:59:08,166 - INFO - Resized frame for API: 512x384
2024-09-11 07:59:11,290 - INFO - GPT Analysis: {
  "text_lines": []
}
2024-09-11 07:59:11,290 - INFO - Detected 0 text blocks
2024-09-11 07:59:11,290 - INFO - Analyzed frame 34/5 in group. Detected 0 text blocks.
2024-09-11 07:59:11,291 - INFO - Original frame size: 1440x1080
2024-09-11 07:59:11,291 - INFO - Resized frame for API: 512x384
2024-09-11 07:59:12,606 - INFO - GPT Analysis: {
  "text_lines": []
}
2024-09-11 07:59:12,606 - INFO - Detected 0 text blocks
2024-09-11 07:59:12,607 - INFO - Analyzed frame 45/5 in group. Detected 0 text blocks.
2024-09-11 07:59:12,607 - INFO - Total averaged text blocks: 0
2024-09-11 07:59:12,607 - INFO - No text detected in group 7
2024-09-11 07:59:12,607 - INFO - Analyzing group 8 with 8 frames
2024-09-11 07:59:12,607 - INFO - Original frame size: 1440x1080
2024-09-11 07:59:12,608 - INFO - Resized frame for API: 512x384
2024-09-11 07:59:14,128 - INFO - GPT Analysis: {
  "text_lines": []
}
2024-09-11 07:59:14,128 - INFO - Detected 0 text blocks
2024-09-11 07:59:14,128 - INFO - Analyzed frame 1/5 in group. Detected 0 text blocks.
2024-09-11 07:59:14,128 - INFO - Original frame size: 1440x1080
2024-09-11 07:59:14,128 - INFO - Resized frame for API: 512x384
2024-09-11 07:59:15,828 - INFO - GPT Analysis: {
  "text_lines": []
}
2024-09-11 07:59:15,828 - INFO - Detected 0 text blocks
2024-09-11 07:59:15,828 - INFO - Analyzed frame 2/5 in group. Detected 0 text blocks.
2024-09-11 07:59:15,828 - INFO - Original frame size: 1440x1080
2024-09-11 07:59:15,829 - INFO - Resized frame for API: 512x384
2024-09-11 07:59:17,425 - INFO - GPT Analysis: {
  "text_lines": []
}
2024-09-11 07:59:17,425 - INFO - Detected 0 text blocks
2024-09-11 07:59:17,425 - INFO - Analyzed frame 4/5 in group. Detected 0 text blocks.
2024-09-11 07:59:17,425 - INFO - Original frame size: 1440x1080
2024-09-11 07:59:17,426 - INFO - Resized frame for API: 512x384
2024-09-11 07:59:19,688 - INFO - GPT Analysis: {
  "text_lines": []
}
2024-09-11 07:59:19,688 - INFO - Detected 0 text blocks
2024-09-11 07:59:19,689 - INFO - Analyzed frame 6/5 in group. Detected 0 text blocks.
2024-09-11 07:59:19,689 - INFO - Original frame size: 1440x1080
2024-09-11 07:59:19,689 - INFO - Resized frame for API: 512x384
2024-09-11 07:59:21,308 - INFO - GPT Analysis: {
  "text_lines": []
}
2024-09-11 07:59:21,308 - INFO - Detected 0 text blocks
2024-09-11 07:59:21,308 - INFO - Analyzed frame 8/5 in group. Detected 0 text blocks.
2024-09-11 07:59:21,308 - INFO - Total averaged text blocks: 0
2024-09-11 07:59:21,308 - INFO - No text detected in group 8
2024-09-11 07:59:21,308 - INFO - Analyzing group 9 with 305 frames
2024-09-11 07:59:21,308 - INFO - Original frame size: 1440x1080
2024-09-11 07:59:21,309 - INFO - Resized frame for API: 512x384
2024-09-11 07:59:27,797 - INFO - GPT Analysis: {
  "text_lines": [
    {
      "content": "You have lingered in stillness, but the pulse outside is growing louder. It's time.",
      "top_left": {
        "x": 30,
        "y": 210
      },
      "bottom_right": {
        "x": 470,
        "y": 240
      }
    },
    {
      "content": "The cave served its purpose, but now it threatens to swallow you whole.",
      "top_left": {
        "x": 30,
        "y": 250
      },
      "bottom_right": {
        "x": 460,
        "y": 280
      }
    }
  ]
}
2024-09-11 07:59:27,798 - INFO - Text block 1: Content: 'You have lingered in stillness, but the pulse outside is growing louder. It's time.', API position: [x=30, y=210, w=440, h=30]
2024-09-11 07:59:27,798 - INFO - Text block 2: Content: 'The cave served its purpose, but now it threatens to swallow you whole.', API position: [x=30, y=250, w=430, h=30]
2024-09-11 07:59:27,798 - INFO - Detected 2 text blocks
2024-09-11 07:59:27,798 - INFO - Analyzed frame 1/5 in group. Detected 2 text blocks.
2024-09-11 07:59:27,798 - INFO - Original frame size: 1440x1080
2024-09-11 07:59:27,799 - INFO - Resized frame for API: 512x384
2024-09-11 07:59:34,273 - INFO - GPT Analysis: {
  "text_lines": [
    {
      "content": "You have lingered in stillness, but the pulse outside is growing louder. It's time.",
      "top_left": {
        "x": 15,
        "y": 220
      },
      "bottom_right": {
        "x": 545,
        "y": 250
      }
    },
    {
      "content": "The cave served its purpose, but now it threatens to swallow you whole.",
      "top_left": {
        "x": 70,
        "y": 260
      },
      "bottom_right": {
        "x": 520,
        "y": 290
      }
    }
  ]
}
2024-09-11 07:59:34,273 - INFO - Text block 1: Content: 'You have lingered in stillness, but the pulse outside is growing louder. It's time.', API position: [x=15, y=220, w=530, h=30]
2024-09-11 07:59:34,273 - INFO - Text block 2: Content: 'The cave served its purpose, but now it threatens to swallow you whole.', API position: [x=70, y=260, w=450, h=30]
2024-09-11 07:59:34,273 - INFO - Detected 2 text blocks
2024-09-11 07:59:34,273 - INFO - Analyzed frame 77/5 in group. Detected 2 text blocks.
2024-09-11 07:59:34,274 - INFO - Original frame size: 1440x1080
2024-09-11 07:59:34,274 - INFO - Resized frame for API: 512x384
2024-09-11 07:59:42,504 - INFO - GPT Analysis: {
  "text_lines": [
    {
      "content": "You have lingered in stillness, but the pulse outside is growing louder. It's time.",
      "top_left": {
        "x": 15,
        "y": 190
      },
      "bottom_right": {
        "x": 485,
        "y": 222
      }
    },
    {
      "content": "The cave served its purpose, but now it threatens to swallow you whole.",
      "top_left": {
        "x": 40,
        "y": 225
      },
      "bottom_right": {
        "x": 480,
        "y": 262
      }
    }
  ]
}
2024-09-11 07:59:42,504 - INFO - Text block 1: Content: 'You have lingered in stillness, but the pulse outside is growing louder. It's time.', API position: [x=15, y=190, w=470, h=32]
2024-09-11 07:59:42,504 - INFO - Text block 2: Content: 'The cave served its purpose, but now it threatens to swallow you whole.', API position: [x=40, y=225, w=440, h=37]
2024-09-11 07:59:42,504 - INFO - Detected 2 text blocks
2024-09-11 07:59:42,504 - INFO - Analyzed frame 153/5 in group. Detected 2 text blocks.
2024-09-11 07:59:42,504 - INFO - Original frame size: 1440x1080
2024-09-11 07:59:42,505 - INFO - Resized frame for API: 512x384
2024-09-11 07:59:48,421 - INFO - GPT Analysis: {
  "text_lines": [
    {
      "content": "You have lingered in stillness, but the pulse outside is growing louder. It's time.",
      "top_left": {
        "x": 10,
        "y": 190
      },
      "bottom_right": {
        "x": 500,
        "y": 220
      }
    },
    {
      "content": "The cave served its purpose, but now it threatens to swallow you whole.",
      "top_left": {
        "x": 20,
        "y": 230
      },
      "bottom_right": {
        "x": 480,
        "y": 260
      }
    }
  ]
}
2024-09-11 07:59:48,421 - INFO - Text block 1: Content: 'You have lingered in stillness, but the pulse outside is growing louder. It's time.', API position: [x=10, y=190, w=490, h=30]
2024-09-11 07:59:48,421 - INFO - Text block 2: Content: 'The cave served its purpose, but now it threatens to swallow you whole.', API position: [x=20, y=230, w=460, h=30]
2024-09-11 07:59:48,421 - INFO - Detected 2 text blocks
2024-09-11 07:59:48,422 - INFO - Analyzed frame 229/5 in group. Detected 2 text blocks.
2024-09-11 07:59:48,422 - INFO - Original frame size: 1440x1080
2024-09-11 07:59:48,422 - INFO - Resized frame for API: 512x384
2024-09-11 07:59:52,712 - INFO - GPT Analysis: {
  "text_lines": [
    {
      "content": "You have lingered in stillness, but the pulse outside is growing louder. It's time.",
      "top_left": {
        "x": 110,
        "y": 180
      },
      "bottom_right": {
        "x": 520,
        "y": 205
      }
    },
    {
      "content": "The cave served its purpose, but now it threatens to swallow you whole.",
      "top_left": {
        "x": 130,
        "y": 215
      },
      "bottom_right": {
        "x": 490,
        "y": 240
      }
    }
  ]
}
2024-09-11 07:59:52,712 - INFO - Text block 1: Content: 'You have lingered in stillness, but the pulse outside is growing louder. It's time.', API position: [x=110, y=180, w=410, h=25]
2024-09-11 07:59:52,713 - INFO - Text block 2: Content: 'The cave served its purpose, but now it threatens to swallow you whole.', API position: [x=130, y=215, w=360, h=25]
2024-09-11 07:59:52,713 - INFO - Detected 2 text blocks
2024-09-11 07:59:52,713 - INFO - Analyzed frame 305/5 in group. Detected 2 text blocks.
2024-09-11 07:59:52,715 - INFO - Averaged text block: 'You have lingered in stillness, but the pulse outside is growing louder. It's time.', Position: x=18, y=206, w=486, h=30
2024-09-11 07:59:52,718 - INFO - Averaged text block: 'The cave served its purpose, but now it threatens to swallow you whole.', Position: x=40, y=246, w=446, h=30
2024-09-11 07:59:52,718 - INFO - Total averaged text blocks: 2
2024-09-11 07:59:54,146 - INFO - Original text: You have lingered in stillness, but the pulse outside is growing louder. It's time.
2024-09-11 07:59:54,146 - INFO - Translated text: Ты задержался в тишине, но пульс снаружи становится громче. Время пришло.
2024-09-11 07:59:54,146 - INFO - Processed text block: Original: 'You have lingered in stillness, but the pulse outside is growing louder. It's time.', Translated: 'Ты задержался в тишине, но пульс снаружи становится громче. Время пришло.', Position: [x=50, y=579, w=1366, h=84]
2024-09-11 07:59:54,969 - INFO - Original text: The cave served its purpose, but now it threatens to swallow you whole.
2024-09-11 07:59:54,969 - INFO - Translated text: Пещера выполнила свое назначение, но теперь угрожает поглотить тебя целиком.
2024-09-11 07:59:54,969 - INFO - Processed text block: Original: 'The cave served its purpose, but now it threatens to swallow you whole.', Translated: 'Пещера выполнила свое назначение, но теперь угрожает поглотить тебя целиком.', Position: [x=112, y=691, w=1254, h=84]
2024-09-11 07:59:54,969 - INFO - Group 9: Processed 2 text blocks
2024-09-11 07:59:54,969 - INFO - Analyzing group 10 with 256 frames
2024-09-11 07:59:54,970 - INFO - Original frame size: 1440x1080
2024-09-11 07:59:54,970 - INFO - Resized frame for API: 512x384
2024-09-11 08:00:05,588 - INFO - GPT Analysis: {
  "text_lines": [
    {
      "content": "Do not fear the light, nor the cold wind that greets you. They are not",
      "top_left": {
        "x": 40,
        "y": 150
      },
      "bottom_right": {
        "x": 470,
        "y": 180
      }
    },
    {
      "content": "enemies. They are the forces you must ride. The forces that will carry you",
      "top_left": {
        "x": 50,
        "y": 185
      },
      "bottom_right": {
        "x": 470,
        "y": 215
      }
    },
    {
      "content": "further than your patience ever could.",
      "top_left": {
        "x": 130,
        "y": 220
      },
      "bottom_right": {
        "x": 450,
        "y": 250
      }
    },
    {
      "content": "One step... then another. You were never meant to stay.",
      "top_left": {
        "x": 120,
        "y": 260
      },
      "bottom_right": {
        "x": 470,
        "y": 290
      }
    }
  ]
}
2024-09-11 08:00:05,589 - INFO - Text block 1: Content: 'Do not fear the light, nor the cold wind that greets you. They are not', API position: [x=40, y=150, w=430, h=30]
2024-09-11 08:00:05,589 - INFO - Text block 2: Content: 'enemies. They are the forces you must ride. The forces that will carry you', API position: [x=50, y=185, w=420, h=30]
2024-09-11 08:00:05,589 - INFO - Text block 3: Content: 'further than your patience ever could.', API position: [x=130, y=220, w=320, h=30]
2024-09-11 08:00:05,589 - INFO - Text block 4: Content: 'One step... then another. You were never meant to stay.', API position: [x=120, y=260, w=350, h=30]
2024-09-11 08:00:05,589 - INFO - Detected 4 text blocks
2024-09-11 08:00:05,589 - INFO - Analyzed frame 1/5 in group. Detected 4 text blocks.
2024-09-11 08:00:05,589 - INFO - Original frame size: 1440x1080
2024-09-11 08:00:05,594 - INFO - Resized frame for API: 512x384
2024-09-11 08:00:12,871 - INFO - GPT Analysis: {
  "text_lines": [
    {
      "content": "Do not fear the light, nor the cold wind that greets you. They are not",
      "top_left": {
        "x": 25,
        "y": 170
      },
      "bottom_right": {
        "x": 490,
        "y": 215
      }
    },
    {
      "content": "enemies. They are the forces you must ride. The forces that will carry you",
      "top_left": {
        "x": 20,
        "y": 220
      },
      "bottom_right": {
        "x": 490,
        "y": 260
      }
    },
    {
      "content": "further than your patience ever could.",
      "top_left": {
        "x": 100,
        "y": 270
      },
      "bottom_right": {
        "x": 460,
        "y": 305
      }
    },
    {
      "content": "One step... then another. You were never meant to stay.",
      "top_left": {
        "x": 110,
        "y": 320
      },
      "bottom_right": {
        "x": 470,
        "y": 360
      }
    }
  ]
}
2024-09-11 08:00:12,871 - INFO - Text block 1: Content: 'Do not fear the light, nor the cold wind that greets you. They are not', API position: [x=25, y=170, w=465, h=45]
2024-09-11 08:00:12,871 - INFO - Text block 2: Content: 'enemies. They are the forces you must ride. The forces that will carry you', API position: [x=20, y=220, w=470, h=40]
2024-09-11 08:00:12,871 - INFO - Text block 3: Content: 'further than your patience ever could.', API position: [x=100, y=270, w=360, h=35]
2024-09-11 08:00:12,872 - INFO - Text block 4: Content: 'One step... then another. You were never meant to stay.', API position: [x=110, y=320, w=360, h=40]
2024-09-11 08:00:12,872 - INFO - Detected 4 text blocks
2024-09-11 08:00:12,872 - INFO - Analyzed frame 64/5 in group. Detected 4 text blocks.
2024-09-11 08:00:12,872 - INFO - Original frame size: 1440x1080
2024-09-11 08:00:12,873 - INFO - Resized frame for API: 512x384
2024-09-11 08:00:22,630 - INFO - GPT Analysis: {
  "text_lines": [
    {
      "content": "Do not fear the light, nor the cold wind that greets you. They are not",
      "top_left": {
        "x": 50,
        "y": 180
      },
      "bottom_right": {
        "x": 450,
        "y": 210
      }
    },
    {
      "content": "enemies. They are the forces you must ride. The forces that will carry you",
      "top_left": {
        "x": 50,
        "y": 215
      },
      "bottom_right": {
        "x": 460,
        "y": 245
      }
    },
    {
      "content": "further than your patience ever could.",
      "top_left": {
        "x": 50,
        "y": 250
      },
      "bottom_right": {
        "x": 400,
        "y": 280
      }
    },
    {
      "content": "One step... then another. You were never meant to stay.",
      "top_left": {
        "x": 100,
        "y": 300
      },
      "bottom_right": {
        "x": 450,
        "y": 330
      }
    }
  ]
}
2024-09-11 08:00:22,631 - INFO - Text block 1: Content: 'Do not fear the light, nor the cold wind that greets you. They are not', API position: [x=50, y=180, w=400, h=30]
2024-09-11 08:00:22,631 - INFO - Text block 2: Content: 'enemies. They are the forces you must ride. The forces that will carry you', API position: [x=50, y=215, w=410, h=30]
2024-09-11 08:00:22,631 - INFO - Text block 3: Content: 'further than your patience ever could.', API position: [x=50, y=250, w=350, h=30]
2024-09-11 08:00:22,631 - INFO - Text block 4: Content: 'One step... then another. You were never meant to stay.', API position: [x=100, y=300, w=350, h=30]
2024-09-11 08:00:22,631 - INFO - Detected 4 text blocks
2024-09-11 08:00:22,631 - INFO - Analyzed frame 128/5 in group. Detected 4 text blocks.
2024-09-11 08:00:22,631 - INFO - Original frame size: 1440x1080
2024-09-11 08:00:22,632 - INFO - Resized frame for API: 512x384
2024-09-11 08:00:40,868 - INFO - GPT Analysis: {
  "text_lines": [
    {
      "content": "Do not fear the light, nor the cold wind that greets you. They are not",
      "top_left": {
        "x": 35,
        "y": 170
      },
      "bottom_right": {
        "x": 475,
        "y": 200
      }
    },
    {
      "content": "enemies. They are the forces you must ride. The forces that will carry you",
      "top_left": {
        "x": 30,
        "y": 200
      },
      "bottom_right": {
        "x": 475,
        "y": 230
      }
    },
    {
      "content": "further than your patience ever could.",
      "top_left": {
        "x": 105,
        "y": 230
      },
      "bottom_right": {
        "x": 405,
        "y": 260
      }
    },
    {
      "content": "One step... then another. You were never meant to stay.",
      "top_left": {
        "x": 135,
        "y": 290
      },
      "bottom_right": {
        "x": 460,
        "y": 320
      }
    }
  ]
}
2024-09-11 08:00:40,868 - INFO - Text block 1: Content: 'Do not fear the light, nor the cold wind that greets you. They are not', API position: [x=35, y=170, w=440, h=30]
2024-09-11 08:00:40,868 - INFO - Text block 2: Content: 'enemies. They are the forces you must ride. The forces that will carry you', API position: [x=30, y=200, w=445, h=30]
2024-09-11 08:00:40,868 - INFO - Text block 3: Content: 'further than your patience ever could.', API position: [x=105, y=230, w=300, h=30]
2024-09-11 08:00:40,868 - INFO - Text block 4: Content: 'One step... then another. You were never meant to stay.', API position: [x=135, y=290, w=325, h=30]
2024-09-11 08:00:40,868 - INFO - Detected 4 text blocks
2024-09-11 08:00:40,869 - INFO - Analyzed frame 192/5 in group. Detected 4 text blocks.
2024-09-11 08:00:40,869 - INFO - Original frame size: 1440x1080
2024-09-11 08:00:40,869 - INFO - Resized frame for API: 512x384
2024-09-11 08:00:58,215 - INFO - Original frame size: 1440x1080
2024-09-11 08:00:58,216 - INFO - Resized frame for API: 512x384
2024-09-11 08:01:07,655 - INFO - GPT Analysis: {
  "text_lines": [
    {
      "content": "Do not fear the light, nor the cold wind that greets you.",
      "top_left": {
        "x": 40,
        "y": 150
      },
      "bottom_right": {
        "x": 465,
        "y": 180
      }
    },
    {
      "content": "They are not enemies. They are the forces you must ride.",
      "top_left": {
        "x": 55,
        "y": 185
      },
      "bottom_right": {
        "x": 460,
        "y": 215
      }
    },
    {
      "content": "The forces that will carry you further than your patience ever could.",
      "top_left": {
        "x": 30,
        "y": 220
      },
      "bottom_right": {
        "x": 500,
        "y": 250
      }
    },
    {
      "content": "One step... then another. You were never meant to stay.",
      "top_left": {
        "x": 85,
        "y": 280
      },
      "bottom_right": {
        "x": 445,
        "y": 310
      }
    }
  ]
}
2024-09-11 08:01:07,656 - INFO - Text block 1: Content: 'Do not fear the light, nor the cold wind that greets you.', API position: [x=40, y=150, w=425, h=30]
2024-09-11 08:01:07,656 - INFO - Text block 2: Content: 'They are not enemies. They are the forces you must ride.', API position: [x=55, y=185, w=405, h=30]
2024-09-11 08:01:07,656 - INFO - Text block 3: Content: 'The forces that will carry you further than your patience ever could.', API position: [x=30, y=220, w=470, h=30]
2024-09-11 08:01:07,657 - INFO - Text block 4: Content: 'One step... then another. You were never meant to stay.', API position: [x=85, y=280, w=360, h=30]
2024-09-11 08:01:07,657 - INFO - Detected 4 text blocks
2024-09-11 08:01:07,657 - INFO - Analyzed frame 256/5 in group. Detected 4 text blocks.
2024-09-11 08:01:07,661 - INFO - Averaged text block: 'Do not fear the light, nor the cold wind that greets you. They are not', Position: x=42, y=175, w=420, h=30
2024-09-11 08:01:07,663 - INFO - Averaged text block: 'enemies. They are the forces you must ride. The forces that will carry you', Position: x=43, y=200, w=425, h=30
2024-09-11 08:01:07,666 - INFO - Averaged text block: 'further than your patience ever could.', Position: x=117, y=225, w=310, h=30
2024-09-11 08:01:07,670 - INFO - Averaged text block: 'One step... then another. You were never meant to stay.', Position: x=101, y=280, w=353, h=30
2024-09-11 08:01:07,670 - INFO - Total averaged text blocks: 4
2024-09-11 08:01:09,646 - INFO - Original text: Do not fear the light, nor the cold wind that greets you. They are not
2024-09-11 08:01:09,646 - INFO - Translated text: Не бойся света и холодного ветра, который тебя встречает. Они не
2024-09-11 08:01:09,646 - INFO - Processed text block: Original: 'Do not fear the light, nor the cold wind that greets you. They are not', Translated: 'Не бойся света и холодного ветра, который тебя встречает. Они не', Position: [x=118, y=492, w=1181, h=84]
2024-09-11 08:01:10,479 - INFO - Original text: enemies. They are the forces you must ride. The forces that will carry you
2024-09-11 08:01:10,479 - INFO - Translated text: враги. Это силы, которые ты должен оседлать. Силы, которые понесут тебя.
2024-09-11 08:01:10,479 - INFO - Processed text block: Original: 'enemies. They are the forces you must ride. The forces that will carry you', Translated: 'враги. Это силы, которые ты должен оседлать. Силы, которые понесут тебя.', Position: [x=120, y=562, w=1195, h=84]
2024-09-11 08:01:11,186 - INFO - Original text: further than your patience ever could.
2024-09-11 08:01:11,186 - INFO - Translated text: дальше, чем могла бы позволить твоя терпимость.
2024-09-11 08:01:11,187 - INFO - Processed text block: Original: 'further than your patience ever could.', Translated: 'дальше, чем могла бы позволить твоя терпимость.', Position: [x=329, y=632, w=871, h=84]
2024-09-11 08:01:12,367 - INFO - Original text: One step... then another. You were never meant to stay.
2024-09-11 08:01:12,368 - INFO - Translated text: Шаг за шагом... Ты никогда не должен был оставаться.
2024-09-11 08:01:12,368 - INFO - Processed text block: Original: 'One step... then another. You were never meant to stay.', Translated: 'Шаг за шагом... Ты никогда не должен был оставаться.', Position: [x=284, y=787, w=992, h=84]
2024-09-11 08:01:12,368 - INFO - Group 10: Processed 4 text blocks
2024-09-11 08:01:12,368 - INFO - Creating output video...
2024-09-11 08:01:12,386 - INFO - No translation for group 1
2024-09-11 08:01:12,556 - INFO - Processed group 1, total frames: 14/734
2024-09-11 08:01:12,557 - INFO - No translation for group 2
2024-09-11 08:01:12,748 - INFO - Processed group 2, total frames: 33/734
2024-09-11 08:01:12,749 - INFO - No translation for group 3
2024-09-11 08:01:12,968 - INFO - Processed group 3, total frames: 57/734
2024-09-11 08:01:12,969 - INFO - No translation for group 4
2024-09-11 08:01:13,167 - INFO - Processed group 4, total frames: 77/734
2024-09-11 08:01:13,168 - INFO - No translation for group 5
2024-09-11 08:01:13,314 - INFO - Processed group 5, total frames: 92/734
2024-09-11 08:01:13,314 - INFO - No translation for group 6
2024-09-11 08:01:13,586 - INFO - Processed group 6, total frames: 120/734
2024-09-11 08:01:13,587 - INFO - No translation for group 7
2024-09-11 08:01:14,016 - INFO - Processed group 7, total frames: 165/734
2024-09-11 08:01:14,017 - INFO - No translation for group 8
2024-09-11 08:01:14,085 - INFO - Processed group 8, total frames: 173/734
2024-09-11 08:01:14,088 - INFO - Frame size for translation: 1440x1080
2024-09-11 08:01:14,088 - INFO - Text block 1 before drawing:
2024-09-11 08:01:14,088 - INFO -   Original: You have lingered in stillness, but the pulse outside is growing louder. It's time.
2024-09-11 08:01:14,088 - INFO -   Translated: Ты задержался в тишине, но пульс снаружи становится громче. Время пришло.
2024-09-11 08:01:14,088 - INFO -   Position: x=50, y=579, w=1366, h=84
2024-09-11 08:01:14,186 - INFO - Text block 1 translation:
2024-09-11 08:01:14,186 - INFO -   Original: You have lingered in stillness, but the pulse outside is growing louder. It's time.
2024-09-11 08:01:14,186 - INFO -   Translated: Ты задержался в тишине, но пульс снаружи становится громче. Время пришло.
2024-09-11 08:01:14,186 - INFO -   Original position: x=50, y=579, w=1366, h=84
2024-09-11 08:01:14,186 - INFO -   Translated text size: w=1349, h=31
2024-09-11 08:01:14,186 - INFO -   Translated text position: x=58, y=579
2024-09-11 08:01:14,186 - INFO - Text block 2 before drawing:
2024-09-11 08:01:14,187 - INFO -   Original: The cave served its purpose, but now it threatens to swallow you whole.
2024-09-11 08:01:14,187 - INFO -   Translated: Пещера выполнила свое назначение, но теперь угрожает поглотить тебя целиком.
2024-09-11 08:01:14,187 - INFO -   Position: x=112, y=691, w=1254, h=84
2024-09-11 08:01:14,279 - INFO - Text block 2 translation:
2024-09-11 08:01:14,279 - INFO -   Original: The cave served its purpose, but now it threatens to swallow you whole.
2024-09-11 08:01:14,279 - INFO -   Translated: Пещера выполнила свое назначение, но теперь угрожает поглотить тебя целиком.
2024-09-11 08:01:14,280 - INFO -   Original position: x=112, y=691, w=1254, h=84
2024-09-11 08:01:14,280 - INFO -   Translated text size: w=1238, h=29
2024-09-11 08:01:14,280 - INFO -   Translated text position: x=120, y=691
2024-09-11 08:01:14,280 - INFO - Created translated frame for group 9
2024-09-11 08:01:16,829 - INFO - Processed group 9, total frames: 478/734
2024-09-11 08:01:16,830 - INFO - Frame size for translation: 1440x1080
2024-09-11 08:01:16,830 - INFO - Text block 1 before drawing:
2024-09-11 08:01:16,830 - INFO -   Original: Do not fear the light, nor the cold wind that greets you. They are not
2024-09-11 08:01:16,830 - INFO -   Translated: Не бойся света и холодного ветра, который тебя встречает. Они не
2024-09-11 08:01:16,830 - INFO -   Position: x=118, y=492, w=1181, h=84
2024-09-11 08:01:16,919 - INFO - Text block 1 translation:
2024-09-11 08:01:16,919 - INFO -   Original: Do not fear the light, nor the cold wind that greets you. They are not
2024-09-11 08:01:16,919 - INFO -   Translated: Не бойся света и холодного ветра, который тебя встречает. Они не
2024-09-11 08:01:16,919 - INFO -   Original position: x=118, y=492, w=1181, h=84
2024-09-11 08:01:16,919 - INFO -   Translated text size: w=1170, h=34
2024-09-11 08:01:16,919 - INFO -   Translated text position: x=123, y=492
2024-09-11 08:01:16,919 - INFO - Text block 2 before drawing:
2024-09-11 08:01:16,920 - INFO -   Original: enemies. They are the forces you must ride. The forces that will carry you
2024-09-11 08:01:16,920 - INFO -   Translated: враги. Это силы, которые ты должен оседлать. Силы, которые понесут тебя.
2024-09-11 08:01:16,920 - INFO -   Position: x=120, y=562, w=1195, h=84
2024-09-11 08:01:17,018 - INFO - Text block 2 translation:
2024-09-11 08:01:17,019 - INFO -   Original: enemies. They are the forces you must ride. The forces that will carry you
2024-09-11 08:01:17,019 - INFO -   Translated: враги. Это силы, которые ты должен оседлать. Силы, которые понесут тебя.
2024-09-11 08:01:17,019 - INFO -   Original position: x=120, y=562, w=1195, h=84
2024-09-11 08:01:17,019 - INFO -   Translated text size: w=1179, h=30
2024-09-11 08:01:17,019 - INFO -   Translated text position: x=128, y=562
2024-09-11 08:01:17,019 - INFO - Text block 3 before drawing:
2024-09-11 08:01:17,019 - INFO -   Original: further than your patience ever could.
2024-09-11 08:01:17,019 - INFO -   Translated: дальше, чем могла бы позволить твоя терпимость.
2024-09-11 08:01:17,019 - INFO -   Position: x=329, y=632, w=871, h=84
2024-09-11 08:01:17,095 - INFO - Text block 3 translation:
2024-09-11 08:01:17,095 - INFO -   Original: further than your patience ever could.
2024-09-11 08:01:17,095 - INFO -   Translated: дальше, чем могла бы позволить твоя терпимость.
2024-09-11 08:01:17,095 - INFO -   Original position: x=329, y=632, w=871, h=84
2024-09-11 08:01:17,095 - INFO -   Translated text size: w=853, h=33
2024-09-11 08:01:17,095 - INFO -   Translated text position: x=338, y=632
2024-09-11 08:01:17,096 - INFO - Text block 4 before drawing:
2024-09-11 08:01:17,096 - INFO -   Original: One step... then another. You were never meant to stay.
2024-09-11 08:01:17,096 - INFO -   Translated: Шаг за шагом... Ты никогда не должен был оставаться.
2024-09-11 08:01:17,096 - INFO -   Position: x=284, y=787, w=992, h=84
2024-09-11 08:01:17,173 - INFO - Text block 4 translation:
2024-09-11 08:01:17,174 - INFO -   Original: One step... then another. You were never meant to stay.
2024-09-11 08:01:17,174 - INFO -   Translated: Шаг за шагом... Ты никогда не должен был оставаться.
2024-09-11 08:01:17,174 - INFO -   Original position: x=284, y=787, w=992, h=84
2024-09-11 08:01:17,174 - INFO -   Translated text size: w=978, h=32
2024-09-11 08:01:17,174 - INFO -   Translated text position: x=291, y=787
2024-09-11 08:01:17,176 - INFO - Created translated frame for group 10
2024-09-11 08:01:19,575 - INFO - Processed group 10, total frames: 734/734
2024-09-11 08:01:19,576 - INFO - Adding audio to the output video...
2024-09-11 08:01:31,902 - INFO - Video processing complete!
