2024-09-11 08:30:28,648 - INFO - Starting video processing for tmp/sample1.mp4
2024-09-11 08:30:28,700 - INFO - Grouping frame 0/734
2024-09-11 08:30:29,702 - INFO - Grouping frame 100/734
2024-09-11 08:30:30,698 - INFO - Grouping frame 200/734
2024-09-11 08:30:31,673 - INFO - Grouping frame 300/734
2024-09-11 08:30:32,723 - INFO - Grouping frame 400/734
2024-09-11 08:30:33,786 - INFO - Grouping frame 500/734
2024-09-11 08:30:34,758 - INFO - Grouping frame 600/734
2024-09-11 08:30:35,752 - INFO - Grouping frame 700/734
2024-09-11 08:30:36,097 - INFO - Grouped frames into 10 groups
2024-09-11 08:30:36,108 - INFO - Original video dimensions: 1440x1080
2024-09-11 08:30:36,108 - INFO - Analyzing group 1 with 14 frames
2024-09-11 08:30:36,109 - INFO - Original frame size: 1440x1080
2024-09-11 08:30:36,109 - INFO - Resized frame for API: 512x384
2024-09-11 08:30:37,991 - INFO - GPT Analysis: {
  "text_lines": []
}
2024-09-11 08:30:37,992 - INFO - Detected 0 text blocks
2024-09-11 08:30:37,992 - INFO - No text detected in group 1, skipping further analysis
2024-09-11 08:30:37,992 - INFO - Analyzing group 2 with 19 frames
2024-09-11 08:30:37,993 - INFO - Original frame size: 1440x1080
2024-09-11 08:30:37,994 - INFO - Resized frame for API: 512x384
2024-09-11 08:30:39,427 - INFO - GPT Analysis: {
  "text_lines": []
}
2024-09-11 08:30:39,428 - INFO - Detected 0 text blocks
2024-09-11 08:30:39,428 - INFO - No text detected in group 2, skipping further analysis
2024-09-11 08:30:39,429 - INFO - Analyzing group 3 with 24 frames
2024-09-11 08:30:39,429 - INFO - Original frame size: 1440x1080
2024-09-11 08:30:39,430 - INFO - Resized frame for API: 512x384
2024-09-11 08:30:40,587 - INFO - GPT Analysis: {
  "text_lines": []
}
2024-09-11 08:30:40,587 - INFO - Detected 0 text blocks
2024-09-11 08:30:40,588 - INFO - No text detected in group 3, skipping further analysis
2024-09-11 08:30:40,588 - INFO - Analyzing group 4 with 20 frames
2024-09-11 08:30:40,588 - INFO - Original frame size: 1440x1080
2024-09-11 08:30:40,589 - INFO - Resized frame for API: 512x384
2024-09-11 08:30:42,921 - INFO - GPT Analysis: {
  "text_lines": []
}
2024-09-11 08:30:42,921 - INFO - Detected 0 text blocks
2024-09-11 08:30:42,921 - INFO - No text detected in group 4, skipping further analysis
2024-09-11 08:30:42,921 - INFO - Analyzing group 5 with 15 frames
2024-09-11 08:30:42,921 - INFO - Original frame size: 1440x1080
2024-09-11 08:30:42,922 - INFO - Resized frame for API: 512x384
2024-09-11 08:30:44,077 - INFO - GPT Analysis: {
  "text_lines": []
}
2024-09-11 08:30:44,077 - INFO - Detected 0 text blocks
2024-09-11 08:30:44,078 - INFO - No text detected in group 5, skipping further analysis
2024-09-11 08:30:44,078 - INFO - Analyzing group 6 with 28 frames
2024-09-11 08:30:44,078 - INFO - Original frame size: 1440x1080
2024-09-11 08:30:44,078 - INFO - Resized frame for API: 512x384
2024-09-11 08:30:45,589 - INFO - GPT Analysis: {
  "text_lines": []
}
2024-09-11 08:30:45,590 - INFO - Detected 0 text blocks
2024-09-11 08:30:45,590 - INFO - No text detected in group 6, skipping further analysis
2024-09-11 08:30:45,590 - INFO - Analyzing group 7 with 45 frames
2024-09-11 08:30:45,590 - INFO - Original frame size: 1440x1080
2024-09-11 08:30:45,591 - INFO - Resized frame for API: 512x384
2024-09-11 08:30:46,879 - INFO - GPT Analysis: {
  "text_lines": []
}
2024-09-11 08:30:46,880 - INFO - Detected 0 text blocks
2024-09-11 08:30:46,880 - INFO - No text detected in group 7, skipping further analysis
2024-09-11 08:30:46,880 - INFO - Analyzing group 8 with 8 frames
2024-09-11 08:30:46,880 - INFO - Original frame size: 1440x1080
2024-09-11 08:30:46,881 - INFO - Resized frame for API: 512x384
2024-09-11 08:30:48,960 - INFO - GPT Analysis: {
  "text_lines": []
}
2024-09-11 08:30:48,960 - INFO - Detected 0 text blocks
2024-09-11 08:30:48,960 - INFO - No text detected in group 8, skipping further analysis
2024-09-11 08:30:48,960 - INFO - Analyzing group 9 with 305 frames
2024-09-11 08:30:48,960 - INFO - Original frame size: 1440x1080
2024-09-11 08:30:48,961 - INFO - Resized frame for API: 512x384
2024-09-11 08:30:55,473 - INFO - GPT Analysis: {
  "text_lines": [
    {
      "content": "You have lingered in stillness, but the pulse outside is growing louder. It's time.",
      "top_left": {
        "x": 80,
        "y": 220
      },
      "bottom_right": {
        "x": 445,
        "y": 250
      }
    },
    {
      "content": "The cave served its purpose, but now it threatens to swallow you whole.",
      "top_left": {
        "x": 95,
        "y": 260
      },
      "bottom_right": {
        "x": 440,
        "y": 290
      }
    }
  ]
}
2024-09-11 08:30:55,473 - INFO - Text block 1: Content: 'You have lingered in stillness, but the pulse outside is growing louder. It's time.', API position: [x=80, y=220, w=365, h=30]
2024-09-11 08:30:55,473 - INFO - Text block 2: Content: 'The cave served its purpose, but now it threatens to swallow you whole.', API position: [x=95, y=260, w=345, h=30]
2024-09-11 08:30:55,473 - INFO - Detected 2 text blocks
2024-09-11 08:30:55,473 - INFO - Original frame size: 1440x1080
2024-09-11 08:30:55,474 - INFO - Resized frame for API: 512x384
2024-09-11 08:31:02,320 - INFO - GPT Analysis: {
  "text_lines": [
    {
      "content": "You have lingered in stillness, but the pulse outside is growing louder. It's time.",
      "top_left": {
        "x": 28,
        "y": 192
      },
      "bottom_right": {
        "x": 473,
        "y": 215
      }
    },
    {
      "content": "The cave served its purpose, but now it threatens to swallow you whole.",
      "top_left": {
        "x": 57,
        "y": 218
      },
      "bottom_right": {
        "x": 462,
        "y": 238
      }
    }
  ]
}
2024-09-11 08:31:02,320 - INFO - Text block 1: Content: 'You have lingered in stillness, but the pulse outside is growing louder. It's time.', API position: [x=28, y=192, w=445, h=23]
2024-09-11 08:31:02,321 - INFO - Text block 2: Content: 'The cave served its purpose, but now it threatens to swallow you whole.', API position: [x=57, y=218, w=405, h=20]
2024-09-11 08:31:02,321 - INFO - Detected 2 text blocks
2024-09-11 08:31:02,321 - INFO - Analyzed frame 1/5 in group. Detected 2 text blocks.
2024-09-11 08:31:02,321 - INFO - Original frame size: 1440x1080
2024-09-11 08:31:02,322 - INFO - Resized frame for API: 512x384
2024-09-11 08:31:08,530 - INFO - GPT Analysis: {
  "text_lines": [
    {
      "content": "You have lingered in stillness, but the pulse outside is growing louder. It's time.",
      "top_left": {
        "x": 32,
        "y": 180
      },
      "bottom_right": {
        "x": 482,
        "y": 210
      }
    },
    {
      "content": "The cave served its purpose, but now it threatens to swallow you whole.",
      "top_left": {
        "x": 50,
        "y": 220
      },
      "bottom_right": {
        "x": 460,
        "y": 250
      }
    }
  ]
}
2024-09-11 08:31:08,531 - INFO - Text block 1: Content: 'You have lingered in stillness, but the pulse outside is growing louder. It's time.', API position: [x=32, y=180, w=450, h=30]
2024-09-11 08:31:08,531 - INFO - Text block 2: Content: 'The cave served its purpose, but now it threatens to swallow you whole.', API position: [x=50, y=220, w=410, h=30]
2024-09-11 08:31:08,531 - INFO - Detected 2 text blocks
2024-09-11 08:31:08,531 - INFO - Analyzed frame 77/5 in group. Detected 2 text blocks.
2024-09-11 08:31:08,531 - INFO - Original frame size: 1440x1080
2024-09-11 08:31:08,532 - INFO - Resized frame for API: 512x384
2024-09-11 08:31:14,043 - INFO - GPT Analysis: {
  "text_lines": [
    {
      "content": "You have lingered in stillness, but the pulse outside is growing louder. It's time.",
      "top_left": {
        "x": 18,
        "y": 89
      },
      "bottom_right": {
        "x": 466,
        "y": 113
      }
    },
    {
      "content": "The cave served its purpose, but now it threatens to swallow you whole.",
      "top_left": {
        "x": 34,
        "y": 120
      },
      "bottom_right": {
        "x": 468,
        "y": 144
      }
    }
  ]
}
2024-09-11 08:31:14,045 - INFO - Text block 1: Content: 'You have lingered in stillness, but the pulse outside is growing louder. It's time.', API position: [x=18, y=89, w=448, h=24]
2024-09-11 08:31:14,045 - INFO - Text block 2: Content: 'The cave served its purpose, but now it threatens to swallow you whole.', API position: [x=34, y=120, w=434, h=24]
2024-09-11 08:31:14,045 - INFO - Detected 2 text blocks
2024-09-11 08:31:14,046 - INFO - Analyzed frame 153/5 in group. Detected 2 text blocks.
2024-09-11 08:31:14,046 - INFO - Original frame size: 1440x1080
2024-09-11 08:31:14,047 - INFO - Resized frame for API: 512x384
2024-09-11 08:31:18,830 - INFO - GPT Analysis: {
  "text_lines": [
    {
      "content": "You have lingered in stillness, but the pulse outside is growing louder. It's time.",
      "top_left": {
        "x": 19,
        "y": 191
      },
      "bottom_right": {
        "x": 492,
        "y": 222
      }
    },
    {
      "content": "The cave served its purpose, but now it threatens to swallow you whole.",
      "top_left": {
        "x": 43,
        "y": 230
      },
      "bottom_right": {
        "x": 508,
        "y": 261
      }
    }
  ]
}
2024-09-11 08:31:18,832 - INFO - Text block 1: Content: 'You have lingered in stillness, but the pulse outside is growing louder. It's time.', API position: [x=19, y=191, w=473, h=31]
2024-09-11 08:31:18,832 - INFO - Text block 2: Content: 'The cave served its purpose, but now it threatens to swallow you whole.', API position: [x=43, y=230, w=465, h=31]
2024-09-11 08:31:18,832 - INFO - Detected 2 text blocks
2024-09-11 08:31:18,833 - INFO - Analyzed frame 229/5 in group. Detected 2 text blocks.
2024-09-11 08:31:18,833 - INFO - Original frame size: 1440x1080
2024-09-11 08:31:18,833 - INFO - Resized frame for API: 512x384
2024-09-11 08:31:27,562 - INFO - GPT Analysis: {
  "text_lines": [
    {
      "content": "You have lingered in stillness, but the pulse outside is growing louder. It's time.",
      "top_left": {
        "x": 40,
        "y": 185
      },
      "bottom_right": {
        "x": 660,
        "y": 225
      }
    },
    {
      "content": "The cave served its purpose, but now it threatens to swallow you whole.",
      "top_left": {
        "x": 80,
        "y": 235
      },
      "bottom_right": {
        "x": 600,
        "y": 275
      }
    }
  ]
}
2024-09-11 08:31:27,564 - INFO - Text block 1: Content: 'You have lingered in stillness, but the pulse outside is growing louder. It's time.', API position: [x=40, y=185, w=620, h=40]
2024-09-11 08:31:27,564 - INFO - Text block 2: Content: 'The cave served its purpose, but now it threatens to swallow you whole.', API position: [x=80, y=235, w=520, h=40]
2024-09-11 08:31:27,564 - INFO - Detected 2 text blocks
2024-09-11 08:31:27,564 - INFO - Analyzed frame 305/5 in group. Detected 2 text blocks.
2024-09-11 08:31:27,565 - INFO - Averaged text block: 'You have lingered in stillness, but the pulse outside is growing louder. It's time.', Position: x=27, y=167, w=487, h=29
2024-09-11 08:31:27,565 - INFO - Averaged text block: 'The cave served its purpose, but now it threatens to swallow you whole.', Position: x=52, y=204, w=446, h=29
2024-09-11 08:31:27,565 - INFO - Total averaged text blocks: 2
2024-09-11 08:31:30,009 - INFO - Original text: You have lingered in stillness, but the pulse outside is growing louder. It's time.
2024-09-11 08:31:30,010 - INFO - Translated text: Ты задержался в тишине, но пульс снаружи становится громче. Пора.
2024-09-11 08:31:30,010 - INFO - Processed text block: Original: 'You have lingered in stillness, but the pulse outside is growing louder. It's time.', Translated: 'Ты задержался в тишине, но пульс снаружи становится громче. Пора.', Position: [x=0, y=445, w=1440, h=97]
2024-09-11 08:31:32,018 - INFO - Original text: The cave served its purpose, but now it threatens to swallow you whole.
2024-09-11 08:31:32,018 - INFO - Translated text: Пещера выполнила свое предназначение, но теперь угрожает поглотить тебя целиком.
2024-09-11 08:31:32,018 - INFO - Processed text block: Original: 'The cave served its purpose, but now it threatens to swallow you whole.', Translated: 'Пещера выполнила свое предназначение, но теперь угрожает поглотить тебя целиком.', Position: [x=0, y=549, w=1440, h=97]
2024-09-11 08:31:32,018 - INFO - Group 9: Processed 2 text blocks
2024-09-11 08:31:32,019 - INFO - Analyzing group 10 with 256 frames
2024-09-11 08:31:32,019 - INFO - Original frame size: 1440x1080
2024-09-11 08:31:32,020 - INFO - Resized frame for API: 512x384
2024-09-11 08:31:38,735 - INFO - GPT Analysis: {
  "text_lines": [
    {
      "content": "Do not fear the light, nor the cold wind that greets you. They are not",
      "top_left": {
        "x": 52,
        "y": 180
      },
      "bottom_right": {
        "x": 462,
        "y": 210
      }
    },
    {
      "content": "enemies. They are the forces you must ride. The forces that will carry you",
      "top_left": {
        "x": 50,
        "y": 215
      },
      "bottom_right": {
        "x": 464,
        "y": 245
      }
    },
    {
      "content": "further than your patience ever could.",
      "top_left": {
        "x": 135,
        "y": 250
      },
      "bottom_right": {
        "x": 394,
        "y": 280
      }
    },
    {
      "content": "One step... then another. You were never meant to stay.",
      "top_left": {
        "x": 120,
        "y": 305
      },
      "bottom_right": {
        "x": 431,
        "y": 335
      }
    }
  ]
}
2024-09-11 08:31:38,735 - INFO - Text block 1: Content: 'Do not fear the light, nor the cold wind that greets you. They are not', API position: [x=52, y=180, w=410, h=30]
2024-09-11 08:31:38,735 - INFO - Text block 2: Content: 'enemies. They are the forces you must ride. The forces that will carry you', API position: [x=50, y=215, w=414, h=30]
2024-09-11 08:31:38,735 - INFO - Text block 3: Content: 'further than your patience ever could.', API position: [x=135, y=250, w=259, h=30]
2024-09-11 08:31:38,735 - INFO - Text block 4: Content: 'One step... then another. You were never meant to stay.', API position: [x=120, y=305, w=311, h=30]
2024-09-11 08:31:38,735 - INFO - Detected 4 text blocks
2024-09-11 08:31:38,736 - INFO - Original frame size: 1440x1080
2024-09-11 08:31:38,736 - INFO - Resized frame for API: 512x384
2024-09-11 08:31:49,592 - INFO - GPT Analysis: {
  "text_lines": [
    {
      "content": "Do not fear the light, nor the cold wind that greets you. They are not",
      "top_left": {
        "x": 40,
        "y": 220
      },
      "bottom_right": {
        "x": 470,
        "y": 250
      }
    },
    {
      "content": "enemies. They are the forces you must ride. The forces that will carry you",
      "top_left": {
        "x": 40,
        "y": 255
      },
      "bottom_right": {
        "x": 470,
        "y": 285
      }
    },
    {
      "content": "further than your patience ever could.",
      "top_left": {
        "x": 40,
        "y": 290
      },
      "bottom_right": {
        "x": 470,
        "y": 320
      }
    },
    {
      "content": "One step... then another. You were never meant to stay.",
      "top_left": {
        "x": 40,
        "y": 340
      },
      "bottom_right": {
        "x": 470,
        "y": 370
      }
    }
  ]
}
2024-09-11 08:31:49,593 - INFO - Text block 1: Content: 'Do not fear the light, nor the cold wind that greets you. They are not', API position: [x=40, y=220, w=430, h=30]
2024-09-11 08:31:49,593 - INFO - Text block 2: Content: 'enemies. They are the forces you must ride. The forces that will carry you', API position: [x=40, y=255, w=430, h=30]
2024-09-11 08:31:49,593 - INFO - Text block 3: Content: 'further than your patience ever could.', API position: [x=40, y=290, w=430, h=30]
2024-09-11 08:31:49,593 - INFO - Text block 4: Content: 'One step... then another. You were never meant to stay.', API position: [x=40, y=340, w=430, h=30]
2024-09-11 08:31:49,593 - INFO - Detected 4 text blocks
2024-09-11 08:31:49,594 - INFO - Analyzed frame 1/5 in group. Detected 4 text blocks.
2024-09-11 08:31:49,594 - INFO - Original frame size: 1440x1080
2024-09-11 08:31:49,594 - INFO - Resized frame for API: 512x384
2024-09-11 08:32:07,460 - INFO - GPT Analysis: {
  "text_lines": [
    {
      "content": "Do not fear the light, nor the cold wind that greets you. They are not",
      "top_left": {
        "x": 43,
        "y": 172
      },
      "bottom_right": {
        "x": 468,
        "y": 191
      }
    },
    {
      "content": "enemies. They are the forces you must ride. The forces that will carry you",
      "top_left": {
        "x": 43,
        "y": 192
      },
      "bottom_right": {
        "x": 466,
        "y": 211
      }
    },
    {
      "content": "further than your patience ever could.",
      "top_left": {
        "x": 43,
        "y": 211
      },
      "bottom_right": {
        "x": 373,
        "y": 230
      }
    },
    {
      "content": "One step. . . then another. You were never meant to stay.",
      "top_left": {
        "x": 88,
        "y": 242
      },
      "bottom_right": {
        "x": 430,
        "y": 261
      }
    }
  ]
}
2024-09-11 08:32:07,464 - INFO - Text block 1: Content: 'Do not fear the light, nor the cold wind that greets you. They are not', API position: [x=43, y=172, w=425, h=19]
2024-09-11 08:32:07,464 - INFO - Text block 2: Content: 'enemies. They are the forces you must ride. The forces that will carry you', API position: [x=43, y=192, w=423, h=19]
2024-09-11 08:32:07,464 - INFO - Text block 3: Content: 'further than your patience ever could.', API position: [x=43, y=211, w=330, h=19]
2024-09-11 08:32:07,464 - INFO - Text block 4: Content: 'One step. . . then another. You were never meant to stay.', API position: [x=88, y=242, w=342, h=19]
2024-09-11 08:32:07,465 - INFO - Detected 4 text blocks
2024-09-11 08:32:07,465 - INFO - Analyzed frame 64/5 in group. Detected 4 text blocks.
2024-09-11 08:32:07,466 - INFO - Original frame size: 1440x1080
2024-09-11 08:32:07,467 - INFO - Resized frame for API: 512x384
2024-09-11 08:32:15,760 - INFO - GPT Analysis: {
  "text_lines": [
    {
      "content": "Do not fear the light, nor the cold wind that greets you.",
      "top_left": {
        "x": 45,
        "y": 165
      },
      "bottom_right": {
        "x": 460,
        "y": 195
      }
    },
    {
      "content": "They are not enemies. They are the forces you must ride.",
      "top_left": {
        "x": 55,
        "y": 200
      },
      "bottom_right": {
        "x": 455,
        "y": 230
      }
    },
    {
      "content": "The forces that will carry you further than your patience ever could.",
      "top_left": {
        "x": 45,
        "y": 235
      },
      "bottom_right": {
        "x": 510,
        "y": 265
      }
    },
    {
      "content": "One step... then another. You were never meant to stay.",
      "top_left": {
        "x": 85,
        "y": 285
      },
      "bottom_right": {
        "x": 475,
        "y": 315
      }
    }
  ]
}
2024-09-11 08:32:15,762 - INFO - Text block 1: Content: 'Do not fear the light, nor the cold wind that greets you.', API position: [x=45, y=165, w=415, h=30]
2024-09-11 08:32:15,763 - INFO - Text block 2: Content: 'They are not enemies. They are the forces you must ride.', API position: [x=55, y=200, w=400, h=30]
2024-09-11 08:32:15,763 - INFO - Text block 3: Content: 'The forces that will carry you further than your patience ever could.', API position: [x=45, y=235, w=465, h=30]
2024-09-11 08:32:15,763 - INFO - Text block 4: Content: 'One step... then another. You were never meant to stay.', API position: [x=85, y=285, w=390, h=30]
2024-09-11 08:32:15,763 - INFO - Detected 4 text blocks
2024-09-11 08:32:15,764 - INFO - Analyzed frame 128/5 in group. Detected 4 text blocks.
2024-09-11 08:32:15,764 - INFO - Original frame size: 1440x1080
2024-09-11 08:32:15,765 - INFO - Resized frame for API: 512x384
2024-09-11 08:32:49,224 - INFO - GPT Analysis: {
  "text_lines": [
    {
      "content": "Do not fear the light, nor the cold wind that greets you. They are not",
      "top_left": {
        "x": 34,
        "y": 172
      },
      "bottom_right": {
        "x": 471,
        "y": 195
      }
    },
    {
      "content": "enemies. They are the forces you must ride. The forces that will carry you",
      "top_left": {
        "x": 34,
        "y": 196
      },
      "bottom_right": {
        "x": 501,
        "y": 219
      }
    },
    {
      "content": "further than your patience ever could.",
      "top_left": {
        "x": 34,
        "y": 220
      },
      "bottom_right": {
        "x": 345,
        "y": 243
      }
    },
    {
      "content": "One step. . . then another. You were never meant to stay.",
      "top_left": {
        "x": 34,
        "y": 259
      },
      "bottom_right": {
        "x": 459,
        "y": 282
      }
    }
  ]
}
2024-09-11 08:32:49,225 - INFO - Text block 1: Content: 'Do not fear the light, nor the cold wind that greets you. They are not', API position: [x=34, y=172, w=437, h=23]
2024-09-11 08:32:49,225 - INFO - Text block 2: Content: 'enemies. They are the forces you must ride. The forces that will carry you', API position: [x=34, y=196, w=467, h=23]
2024-09-11 08:32:49,225 - INFO - Text block 3: Content: 'further than your patience ever could.', API position: [x=34, y=220, w=311, h=23]
2024-09-11 08:32:49,225 - INFO - Text block 4: Content: 'One step. . . then another. You were never meant to stay.', API position: [x=34, y=259, w=425, h=23]
2024-09-11 08:32:49,225 - INFO - Detected 4 text blocks
2024-09-11 08:32:49,225 - INFO - Analyzed frame 192/5 in group. Detected 4 text blocks.
2024-09-11 08:32:49,225 - INFO - Original frame size: 1440x1080
2024-09-11 08:32:49,226 - INFO - Resized frame for API: 512x384
2024-09-11 08:32:59,109 - INFO - GPT Analysis: {
  "text_lines": [
    {
      "content": "Do not fear the light, nor the cold wind that greets you.",
      "top_left": {
        "x": 65,
        "y": 150
      },
      "bottom_right": {
        "x": 445,
        "y": 180
      }
    },
    {
      "content": "They are not enemies. They are the forces you must ride.",
      "top_left": {
        "x": 85,
        "y": 185
      },
      "bottom_right": {
        "x": 420,
        "y": 215
      }
    },
    {
      "content": "The forces that will carry you further than your patience ever could.",
      "top_left": {
        "x": 35,
        "y": 220
      },
      "bottom_right": {
        "x": 470,
        "y": 250
      }
    },
    {
      "content": "One step... then another. You were never meant to stay.",
      "top_left": {
        "x": 75,
        "y": 260
      },
      "bottom_right": {
        "x": 405,
        "y": 290
      }
    }
  ]
}
2024-09-11 08:32:59,109 - INFO - Text block 1: Content: 'Do not fear the light, nor the cold wind that greets you.', API position: [x=65, y=150, w=380, h=30]
2024-09-11 08:32:59,109 - INFO - Text block 2: Content: 'They are not enemies. They are the forces you must ride.', API position: [x=85, y=185, w=335, h=30]
2024-09-11 08:32:59,109 - INFO - Text block 3: Content: 'The forces that will carry you further than your patience ever could.', API position: [x=35, y=220, w=435, h=30]
2024-09-11 08:32:59,109 - INFO - Text block 4: Content: 'One step... then another. You were never meant to stay.', API position: [x=75, y=260, w=330, h=30]
2024-09-11 08:32:59,109 - INFO - Detected 4 text blocks
2024-09-11 08:32:59,109 - INFO - Analyzed frame 256/5 in group. Detected 4 text blocks.
2024-09-11 08:32:59,110 - INFO - Averaged text block: 'Do not fear the light, nor the cold wind that greets you. They are not', Position: x=39, y=188, w=430, h=24
2024-09-11 08:32:59,110 - INFO - Averaged text block: 'enemies. They are the forces you must ride. The forces that will carry you', Position: x=39, y=214, w=440, h=24
2024-09-11 08:32:59,110 - INFO - Averaged text block: 'further than your patience ever could.', Position: x=39, y=240, w=357, h=24
2024-09-11 08:32:59,110 - INFO - Averaged text block: 'One step... then another. You were never meant to stay.', Position: x=66, y=295, w=383, h=30
2024-09-11 08:32:59,111 - INFO - Averaged text block: 'One step. . . then another. You were never meant to stay.', Position: x=61, y=250, w=383, h=21
2024-09-11 08:32:59,111 - INFO - Averaged text block: 'Do not fear the light, nor the cold wind that greets you.', Position: x=55, y=157, w=397, h=30
2024-09-11 08:32:59,111 - INFO - Averaged text block: 'They are not enemies. They are the forces you must ride.', Position: x=70, y=192, w=367, h=30
2024-09-11 08:32:59,111 - INFO - Averaged text block: 'The forces that will carry you further than your patience ever could.', Position: x=40, y=227, w=450, h=30
2024-09-11 08:32:59,111 - INFO - Total averaged text blocks: 8
2024-09-11 08:33:00,046 - INFO - Original text: Do not fear the light, nor the cold wind that greets you. They are not
2024-09-11 08:33:00,046 - INFO - Translated text: Не бойся света и холодного ветра, который встречает тебя. Они не
2024-09-11 08:33:00,046 - INFO - Processed text block: Original: 'Do not fear the light, nor the cold wind that greets you. They are not', Translated: 'Не бойся света и холодного ветра, который встречает тебя. Они не', Position: [x=0, y=509, w=1440, h=80]
2024-09-11 08:33:01,532 - INFO - Original text: enemies. They are the forces you must ride. The forces that will carry you
2024-09-11 08:33:01,532 - INFO - Translated text: враги. Это силы, которыми ты должен управлять. Силы, которые понесут тебя.
2024-09-11 08:33:01,532 - INFO - Processed text block: Original: 'enemies. They are the forces you must ride. The forces that will carry you', Translated: 'враги. Это силы, которыми ты должен управлять. Силы, которые понесут тебя.', Position: [x=0, y=582, w=1440, h=80]
2024-09-11 08:33:03,165 - INFO - Original text: further than your patience ever could.
2024-09-11 08:33:03,165 - INFO - Translated text: дальше, чем могла бы выдержать твоя терпимость.
2024-09-11 08:33:03,165 - INFO - Processed text block: Original: 'further than your patience ever could.', Translated: 'дальше, чем могла бы выдержать твоя терпимость.', Position: [x=9, y=656, w=1204, h=80]
2024-09-11 08:33:03,866 - INFO - Original text: One step... then another. You were never meant to stay.
2024-09-11 08:33:03,867 - INFO - Translated text: Один шаг... затем другой. Ты никогда не был предназначен остаться.
2024-09-11 08:33:03,867 - INFO - Processed text block: Original: 'One step... then another. You were never meant to stay.', Translated: 'Один шаг... затем другой. Ты никогда не был предназначен остаться.', Position: [x=78, y=805, w=1292, h=100]
2024-09-11 08:33:05,006 - INFO - Original text: One step. . . then another. You were never meant to stay.
2024-09-11 08:33:05,007 - INFO - Translated text: Один шаг... затем другой. Тебе никогда не суждено было остаться.
2024-09-11 08:33:05,007 - INFO - Processed text block: Original: 'One step. . . then another. You were never meant to stay.', Translated: 'Один шаг... затем другой. Тебе никогда не суждено было остаться.', Position: [x=64, y=687, w=1292, h=70]
2024-09-11 08:33:05,696 - INFO - Original text: Do not fear the light, nor the cold wind that greets you.
2024-09-11 08:33:05,697 - INFO - Translated text: Не бойся света и холодного ветра, который тебя встречает.
2024-09-11 08:33:05,697 - INFO - Processed text block: Original: 'Do not fear the light, nor the cold wind that greets you.', Translated: 'Не бойся света и холодного ветра, который тебя встречает.', Position: [x=43, y=417, w=1339, h=100]
2024-09-11 08:33:06,585 - INFO - Original text: They are not enemies. They are the forces you must ride.
2024-09-11 08:33:06,586 - INFO - Translated text: Они не враги. Это силы, которые ты должен оседлать.
2024-09-11 08:33:06,586 - INFO - Processed text block: Original: 'They are not enemies. They are the forces you must ride.', Translated: 'Они не враги. Это силы, которые ты должен оседлать.', Position: [x=93, y=516, w=1238, h=100]
2024-09-11 08:33:09,977 - INFO - Original text: The forces that will carry you further than your patience ever could.
2024-09-11 08:33:09,977 - INFO - Translated text: Силы, которые понесут тебя дальше, чем твое терпение когда-либо могло.
2024-09-11 08:33:09,977 - INFO - Processed text block: Original: 'The forces that will carry you further than your patience ever could.', Translated: 'Силы, которые понесут тебя дальше, чем твое терпение когда-либо могло.', Position: [x=0, y=614, w=1440, h=100]
2024-09-11 08:33:09,977 - INFO - Group 10: Processed 8 text blocks
2024-09-11 08:33:09,977 - INFO - Creating output video...
2024-09-11 08:33:09,991 - INFO - No translation for group 1
2024-09-11 08:33:10,130 - INFO - Processed group 1, total frames: 14/734
2024-09-11 08:33:10,130 - INFO - No translation for group 2
2024-09-11 08:33:10,305 - INFO - Processed group 2, total frames: 33/734
2024-09-11 08:33:10,305 - INFO - No translation for group 3
2024-09-11 08:33:10,525 - INFO - Processed group 3, total frames: 57/734
2024-09-11 08:33:10,526 - INFO - No translation for group 4
2024-09-11 08:33:10,703 - INFO - Processed group 4, total frames: 77/734
2024-09-11 08:33:10,703 - INFO - No translation for group 5
2024-09-11 08:33:10,867 - INFO - Processed group 5, total frames: 92/734
2024-09-11 08:33:10,868 - INFO - No translation for group 6
2024-09-11 08:33:11,195 - INFO - Processed group 6, total frames: 120/734
2024-09-11 08:33:11,196 - INFO - No translation for group 7
2024-09-11 08:33:11,760 - INFO - Processed group 7, total frames: 165/734
2024-09-11 08:33:11,761 - INFO - No translation for group 8
2024-09-11 08:33:11,860 - INFO - Processed group 8, total frames: 173/734
2024-09-11 08:33:11,863 - INFO - Frame size for translation: 1440x1080
2024-09-11 08:33:12,022 - INFO - Text block 1 before drawing:
2024-09-11 08:33:12,023 - INFO -   Original: You have lingered in stillness, but the pulse outside is growing louder. It's time.
2024-09-11 08:33:12,023 - INFO -   Translated: Ты задержался в тишине, но пульс снаружи становится громче. Пора.
2024-09-11 08:33:12,023 - INFO -   Position: x=0, y=445, w=1440, h=97
2024-09-11 08:33:12,055 - INFO - Text block 1 translation:
2024-09-11 08:33:12,056 - INFO -   Original: You have lingered in stillness, but the pulse outside is growing louder. It's time.
2024-09-11 08:33:12,056 - INFO -   Translated: Ты задержался в тишине, но пульс снаружи становится громче. Пора.
2024-09-11 08:33:12,056 - INFO -   Original position: x=0, y=445, w=1440, h=97
2024-09-11 08:33:12,056 - INFO -   Translated text size: w=1118, h=30
2024-09-11 08:33:12,056 - INFO -   Translated text position: x=161, y=478
2024-09-11 08:33:12,056 - INFO - Text block 2 before drawing:
2024-09-11 08:33:12,057 - INFO -   Original: The cave served its purpose, but now it threatens to swallow you whole.
2024-09-11 08:33:12,057 - INFO -   Translated: Пещера выполнила свое предназначение, но теперь угрожает поглотить тебя целиком.
2024-09-11 08:33:12,057 - INFO -   Position: x=0, y=549, w=1440, h=97
2024-09-11 08:33:12,085 - INFO - Text block 2 translation:
2024-09-11 08:33:12,085 - INFO -   Original: The cave served its purpose, but now it threatens to swallow you whole.
2024-09-11 08:33:12,085 - INFO -   Translated: Пещера выполнила свое предназначение, но теперь угрожает поглотить тебя целиком.
2024-09-11 08:33:12,085 - INFO -   Original position: x=0, y=549, w=1440, h=97
2024-09-11 08:33:12,085 - INFO -   Translated text size: w=1398, h=32
2024-09-11 08:33:12,086 - INFO -   Translated text position: x=21, y=581
2024-09-11 08:33:12,086 - INFO - Created translated frame for group 9
2024-09-11 08:33:14,644 - INFO - Processed group 9, total frames: 478/734
2024-09-11 08:33:14,645 - INFO - Frame size for translation: 1440x1080
2024-09-11 08:33:15,131 - INFO - Text block 1 before drawing:
2024-09-11 08:33:15,132 - INFO -   Original: Do not fear the light, nor the cold wind that greets you. They are not
2024-09-11 08:33:15,132 - INFO -   Translated: Не бойся света и холодного ветра, который встречает тебя. Они не
2024-09-11 08:33:15,132 - INFO -   Position: x=0, y=509, w=1440, h=80
2024-09-11 08:33:15,158 - INFO - Text block 1 translation:
2024-09-11 08:33:15,158 - INFO -   Original: Do not fear the light, nor the cold wind that greets you. They are not
2024-09-11 08:33:15,158 - INFO -   Translated: Не бойся света и холодного ветра, который встречает тебя. Они не
2024-09-11 08:33:15,158 - INFO -   Original position: x=0, y=509, w=1440, h=80
2024-09-11 08:33:15,159 - INFO -   Translated text size: w=1204, h=35
2024-09-11 08:33:15,159 - INFO -   Translated text position: x=118, y=531
2024-09-11 08:33:15,159 - INFO - Text block 2 before drawing:
2024-09-11 08:33:15,159 - INFO -   Original: enemies. They are the forces you must ride. The forces that will carry you
2024-09-11 08:33:15,159 - INFO -   Translated: враги. Это силы, которыми ты должен управлять. Силы, которые понесут тебя.
2024-09-11 08:33:15,159 - INFO -   Position: x=0, y=582, w=1440, h=80
2024-09-11 08:33:15,184 - INFO - Text block 2 translation:
2024-09-11 08:33:15,185 - INFO -   Original: enemies. They are the forces you must ride. The forces that will carry you
2024-09-11 08:33:15,185 - INFO -   Translated: враги. Это силы, которыми ты должен управлять. Силы, которые понесут тебя.
2024-09-11 08:33:15,185 - INFO -   Original position: x=0, y=582, w=1440, h=80
2024-09-11 08:33:15,185 - INFO -   Translated text size: w=1417, h=35
2024-09-11 08:33:15,185 - INFO -   Translated text position: x=11, y=604
2024-09-11 08:33:15,185 - INFO - Text block 3 before drawing:
2024-09-11 08:33:15,186 - INFO -   Original: further than your patience ever could.
2024-09-11 08:33:15,186 - INFO -   Translated: дальше, чем могла бы выдержать твоя терпимость.
2024-09-11 08:33:15,186 - INFO -   Position: x=9, y=656, w=1204, h=80
2024-09-11 08:33:15,205 - INFO - Text block 3 translation:
2024-09-11 08:33:15,206 - INFO -   Original: further than your patience ever could.
2024-09-11 08:33:15,206 - INFO -   Translated: дальше, чем могла бы выдержать твоя терпимость.
2024-09-11 08:33:15,206 - INFO -   Original position: x=9, y=656, w=1204, h=80
2024-09-11 08:33:15,206 - INFO -   Translated text size: w=920, h=35
2024-09-11 08:33:15,206 - INFO -   Translated text position: x=151, y=678
2024-09-11 08:33:15,206 - INFO - Text block 4 before drawing:
2024-09-11 08:33:15,206 - INFO -   Original: One step... then another. You were never meant to stay.
2024-09-11 08:33:15,207 - INFO -   Translated: Один шаг... затем другой. Ты никогда не был предназначен остаться.
2024-09-11 08:33:15,207 - INFO -   Position: x=78, y=805, w=1292, h=100
2024-09-11 08:33:15,229 - INFO - Text block 4 translation:
2024-09-11 08:33:15,229 - INFO -   Original: One step... then another. You were never meant to stay.
2024-09-11 08:33:15,229 - INFO -   Translated: Один шаг... затем другой. Ты никогда не был предназначен остаться.
2024-09-11 08:33:15,230 - INFO -   Original position: x=78, y=805, w=1292, h=100
2024-09-11 08:33:15,230 - INFO -   Translated text size: w=1233, h=35
2024-09-11 08:33:15,230 - INFO -   Translated text position: x=107, y=837
2024-09-11 08:33:15,230 - INFO - Text block 5 before drawing:
2024-09-11 08:33:15,230 - INFO -   Original: One step. . . then another. You were never meant to stay.
2024-09-11 08:33:15,230 - INFO -   Translated: Один шаг... затем другой. Тебе никогда не суждено было остаться.
2024-09-11 08:33:15,230 - INFO -   Position: x=64, y=687, w=1292, h=70
2024-09-11 08:33:15,256 - INFO - Text block 5 translation:
2024-09-11 08:33:15,256 - INFO -   Original: One step. . . then another. You were never meant to stay.
2024-09-11 08:33:15,256 - INFO -   Translated: Один шаг... затем другой. Тебе никогда не суждено было остаться.
2024-09-11 08:33:15,257 - INFO -   Original position: x=64, y=687, w=1292, h=70
2024-09-11 08:33:15,257 - INFO -   Translated text size: w=1192, h=35
2024-09-11 08:33:15,257 - INFO -   Translated text position: x=114, y=704
2024-09-11 08:33:15,257 - INFO - Text block 6 before drawing:
2024-09-11 08:33:15,257 - INFO -   Original: Do not fear the light, nor the cold wind that greets you.
2024-09-11 08:33:15,258 - INFO -   Translated: Не бойся света и холодного ветра, который тебя встречает.
2024-09-11 08:33:15,258 - INFO -   Position: x=43, y=417, w=1339, h=100
2024-09-11 08:33:15,286 - INFO - Text block 6 translation:
2024-09-11 08:33:15,287 - INFO -   Original: Do not fear the light, nor the cold wind that greets you.
2024-09-11 08:33:15,287 - INFO -   Translated: Не бойся света и холодного ветра, который тебя встречает.
2024-09-11 08:33:15,287 - INFO -   Original position: x=43, y=417, w=1339, h=100
2024-09-11 08:33:15,287 - INFO -   Translated text size: w=1074, h=35
2024-09-11 08:33:15,288 - INFO -   Translated text position: x=175, y=449
2024-09-11 08:33:15,288 - INFO - Text block 7 before drawing:
2024-09-11 08:33:15,288 - INFO -   Original: They are not enemies. They are the forces you must ride.
2024-09-11 08:33:15,288 - INFO -   Translated: Они не враги. Это силы, которые ты должен оседлать.
2024-09-11 08:33:15,288 - INFO -   Position: x=93, y=516, w=1238, h=100
2024-09-11 08:33:15,314 - INFO - Text block 7 translation:
2024-09-11 08:33:15,314 - INFO -   Original: They are not enemies. They are the forces you must ride.
2024-09-11 08:33:15,314 - INFO -   Translated: Они не враги. Это силы, которые ты должен оседлать.
2024-09-11 08:33:15,314 - INFO -   Original position: x=93, y=516, w=1238, h=100
2024-09-11 08:33:15,315 - INFO -   Translated text size: w=970, h=33
2024-09-11 08:33:15,315 - INFO -   Translated text position: x=227, y=549
2024-09-11 08:33:15,315 - INFO - Text block 8 before drawing:
2024-09-11 08:33:15,315 - INFO -   Original: The forces that will carry you further than your patience ever could.
2024-09-11 08:33:15,315 - INFO -   Translated: Силы, которые понесут тебя дальше, чем твое терпение когда-либо могло.
2024-09-11 08:33:15,315 - INFO -   Position: x=0, y=614, w=1440, h=100
2024-09-11 08:33:15,339 - INFO - Text block 8 translation:
2024-09-11 08:33:15,339 - INFO -   Original: The forces that will carry you further than your patience ever could.
2024-09-11 08:33:15,340 - INFO -   Translated: Силы, которые понесут тебя дальше, чем твое терпение когда-либо могло.
2024-09-11 08:33:15,340 - INFO -   Original position: x=0, y=614, w=1440, h=100
2024-09-11 08:33:15,340 - INFO -   Translated text size: w=1341, h=35
2024-09-11 08:33:15,340 - INFO -   Translated text position: x=49, y=646
2024-09-11 08:33:15,342 - INFO - Created translated frame for group 10
2024-09-11 08:33:17,563 - INFO - Processed group 10, total frames: 734/734
2024-09-11 08:33:17,565 - INFO - Adding audio to the output video...
2024-09-11 08:33:31,831 - INFO - Video processing complete!
