2024-09-11 07:52:25,580 - INFO - Starting video processing for tmp/sample1.mp4
2024-09-11 07:52:25,630 - INFO - Grouping frame 0/734
2024-09-11 07:52:26,741 - INFO - Grouping frame 100/734
2024-09-11 07:52:27,896 - INFO - Grouping frame 200/734
2024-09-11 07:52:29,033 - INFO - Grouping frame 300/734
2024-09-11 07:52:30,159 - INFO - Grouping frame 400/734
2024-09-11 07:52:31,305 - INFO - Grouping frame 500/734
2024-09-11 07:52:32,386 - INFO - Grouping frame 600/734
2024-09-11 07:52:33,480 - INFO - Grouping frame 700/734
2024-09-11 07:52:33,799 - INFO - Grouped frames into 10 groups
2024-09-11 07:52:33,809 - INFO - Original video dimensions: 1440x1080
2024-09-11 07:52:33,809 - INFO - Analyzing group 1 with 14 frames
2024-09-11 07:52:33,809 - INFO - Original frame size: 1440x1080
2024-09-11 07:52:33,810 - INFO - Resized frame for API: 512x384
2024-09-11 07:52:34,716 - INFO - GPT Analysis: {
  "text_lines": []
}
2024-09-11 07:52:34,717 - INFO - Detected 0 text blocks
2024-09-11 07:52:34,718 - INFO - Analyzed frame 1/5 in group. Detected 0 text blocks.
2024-09-11 07:52:34,718 - INFO - Original frame size: 1440x1080
2024-09-11 07:52:34,719 - INFO - Resized frame for API: 512x384
2024-09-11 07:52:36,421 - INFO - GPT Analysis: {
  "text_lines": []
}
2024-09-11 07:52:36,421 - INFO - Detected 0 text blocks
2024-09-11 07:52:36,422 - INFO - Analyzed frame 4/5 in group. Detected 0 text blocks.
2024-09-11 07:52:36,422 - INFO - Original frame size: 1440x1080
2024-09-11 07:52:36,422 - INFO - Resized frame for API: 512x384
2024-09-11 07:52:38,992 - INFO - GPT Analysis: {
  "text_lines": []
}
2024-09-11 07:52:38,992 - INFO - Detected 0 text blocks
2024-09-11 07:52:38,993 - INFO - Analyzed frame 7/5 in group. Detected 0 text blocks.
2024-09-11 07:52:38,993 - INFO - Original frame size: 1440x1080
2024-09-11 07:52:38,994 - INFO - Resized frame for API: 512x384
2024-09-11 07:52:40,457 - INFO - GPT Analysis: {
  "text_lines": []
}
2024-09-11 07:52:40,458 - INFO - Detected 0 text blocks
2024-09-11 07:52:40,458 - INFO - Analyzed frame 10/5 in group. Detected 0 text blocks.
2024-09-11 07:52:40,458 - INFO - Original frame size: 1440x1080
2024-09-11 07:52:40,459 - INFO - Resized frame for API: 512x384
2024-09-11 07:52:42,623 - INFO - GPT Analysis: {
  "text_lines": []
}
2024-09-11 07:52:42,624 - INFO - Detected 0 text blocks
2024-09-11 07:52:42,624 - INFO - Analyzed frame 14/5 in group. Detected 0 text blocks.
2024-09-11 07:52:42,624 - INFO - Total averaged text blocks: 0
2024-09-11 07:52:42,625 - INFO - No text detected in group 1
2024-09-11 07:52:42,625 - INFO - Analyzing group 2 with 19 frames
2024-09-11 07:52:42,625 - INFO - Original frame size: 1440x1080
2024-09-11 07:52:42,626 - INFO - Resized frame for API: 512x384
2024-09-11 07:52:44,790 - INFO - GPT Analysis: {
  "text_lines": []
}
2024-09-11 07:52:44,790 - INFO - Detected 0 text blocks
2024-09-11 07:52:44,790 - INFO - Analyzed frame 1/5 in group. Detected 0 text blocks.
2024-09-11 07:52:44,791 - INFO - Original frame size: 1440x1080
2024-09-11 07:52:44,791 - INFO - Resized frame for API: 512x384
2024-09-11 07:52:45,950 - INFO - GPT Analysis: {
  "text_lines": []
}
2024-09-11 07:52:45,950 - INFO - Detected 0 text blocks
2024-09-11 07:52:45,950 - INFO - Analyzed frame 5/5 in group. Detected 0 text blocks.
2024-09-11 07:52:45,950 - INFO - Original frame size: 1440x1080
2024-09-11 07:52:45,951 - INFO - Resized frame for API: 512x384
2024-09-11 07:52:47,751 - INFO - GPT Analysis: {
  "text_lines": []
}
2024-09-11 07:52:47,751 - INFO - Detected 0 text blocks
2024-09-11 07:52:47,751 - INFO - Analyzed frame 10/5 in group. Detected 0 text blocks.
2024-09-11 07:52:47,751 - INFO - Original frame size: 1440x1080
2024-09-11 07:52:47,752 - INFO - Resized frame for API: 512x384
2024-09-11 07:52:48,558 - INFO - GPT Analysis: {
  "text_lines": []
}
2024-09-11 07:52:48,558 - INFO - Detected 0 text blocks
2024-09-11 07:52:48,558 - INFO - Analyzed frame 14/5 in group. Detected 0 text blocks.
2024-09-11 07:52:48,558 - INFO - Original frame size: 1440x1080
2024-09-11 07:52:48,559 - INFO - Resized frame for API: 512x384
2024-09-11 07:52:49,690 - INFO - GPT Analysis: {
  "text_lines": []
}
2024-09-11 07:52:49,690 - INFO - Detected 0 text blocks
2024-09-11 07:52:49,691 - INFO - Analyzed frame 19/5 in group. Detected 0 text blocks.
2024-09-11 07:52:49,691 - INFO - Total averaged text blocks: 0
2024-09-11 07:52:49,691 - INFO - No text detected in group 2
2024-09-11 07:52:49,691 - INFO - Analyzing group 3 with 24 frames
2024-09-11 07:52:49,691 - INFO - Original frame size: 1440x1080
2024-09-11 07:52:49,692 - INFO - Resized frame for API: 512x384
2024-09-11 07:52:51,534 - INFO - GPT Analysis: {
  "text_lines": []
}
2024-09-11 07:52:51,535 - INFO - Detected 0 text blocks
2024-09-11 07:52:51,535 - INFO - Analyzed frame 1/5 in group. Detected 0 text blocks.
2024-09-11 07:52:51,535 - INFO - Original frame size: 1440x1080
2024-09-11 07:52:51,536 - INFO - Resized frame for API: 512x384
2024-09-11 07:52:52,864 - INFO - GPT Analysis: {
  "text_lines": []
}
2024-09-11 07:52:52,864 - INFO - Detected 0 text blocks
2024-09-11 07:52:52,864 - INFO - Analyzed frame 6/5 in group. Detected 0 text blocks.
2024-09-11 07:52:52,864 - INFO - Original frame size: 1440x1080
2024-09-11 07:52:52,865 - INFO - Resized frame for API: 512x384
2024-09-11 07:52:54,542 - INFO - GPT Analysis: {
  "text_lines": []
}
2024-09-11 07:52:54,542 - INFO - Detected 0 text blocks
2024-09-11 07:52:54,542 - INFO - Analyzed frame 12/5 in group. Detected 0 text blocks.
2024-09-11 07:52:54,542 - INFO - Original frame size: 1440x1080
2024-09-11 07:52:54,543 - INFO - Resized frame for API: 512x384
2024-09-11 07:52:57,207 - INFO - GPT Analysis: {
  "text_lines": []
}
2024-09-11 07:52:57,207 - INFO - Detected 0 text blocks
2024-09-11 07:52:57,207 - INFO - Analyzed frame 18/5 in group. Detected 0 text blocks.
2024-09-11 07:52:57,207 - INFO - Original frame size: 1440x1080
2024-09-11 07:52:57,208 - INFO - Resized frame for API: 512x384
2024-09-11 07:52:58,420 - INFO - GPT Analysis: {
  "text_lines": []
}
2024-09-11 07:52:58,421 - INFO - Detected 0 text blocks
2024-09-11 07:52:58,421 - INFO - Analyzed frame 24/5 in group. Detected 0 text blocks.
2024-09-11 07:52:58,421 - INFO - Total averaged text blocks: 0
2024-09-11 07:52:58,421 - INFO - No text detected in group 3
2024-09-11 07:52:58,421 - INFO - Analyzing group 4 with 20 frames
2024-09-11 07:52:58,421 - INFO - Original frame size: 1440x1080
2024-09-11 07:52:58,422 - INFO - Resized frame for API: 512x384
2024-09-11 07:53:00,956 - INFO - GPT Analysis: {
  "text_lines": []
}
2024-09-11 07:53:00,956 - INFO - Detected 0 text blocks
2024-09-11 07:53:00,956 - INFO - Analyzed frame 1/5 in group. Detected 0 text blocks.
2024-09-11 07:53:00,956 - INFO - Original frame size: 1440x1080
2024-09-11 07:53:00,957 - INFO - Resized frame for API: 512x384
2024-09-11 07:53:02,348 - INFO - GPT Analysis: {
  "text_lines": []
}
2024-09-11 07:53:02,349 - INFO - Detected 0 text blocks
2024-09-11 07:53:02,349 - INFO - Analyzed frame 5/5 in group. Detected 0 text blocks.
2024-09-11 07:53:02,349 - INFO - Original frame size: 1440x1080
2024-09-11 07:53:02,350 - INFO - Resized frame for API: 512x384
2024-09-11 07:53:04,782 - INFO - GPT Analysis: {
  "text_lines": []
}
2024-09-11 07:53:04,783 - INFO - Detected 0 text blocks
2024-09-11 07:53:04,783 - INFO - Analyzed frame 10/5 in group. Detected 0 text blocks.
2024-09-11 07:53:04,783 - INFO - Original frame size: 1440x1080
2024-09-11 07:53:04,783 - INFO - Resized frame for API: 512x384
2024-09-11 07:53:07,009 - INFO - GPT Analysis: {
  "text_lines": []
}
2024-09-11 07:53:07,010 - INFO - Detected 0 text blocks
2024-09-11 07:53:07,010 - INFO - Analyzed frame 15/5 in group. Detected 0 text blocks.
2024-09-11 07:53:07,010 - INFO - Original frame size: 1440x1080
2024-09-11 07:53:07,011 - INFO - Resized frame for API: 512x384
2024-09-11 07:53:08,588 - INFO - GPT Analysis: {
  "text_lines": []
}
2024-09-11 07:53:08,589 - INFO - Detected 0 text blocks
2024-09-11 07:53:08,589 - INFO - Analyzed frame 20/5 in group. Detected 0 text blocks.
2024-09-11 07:53:08,589 - INFO - Total averaged text blocks: 0
2024-09-11 07:53:08,589 - INFO - No text detected in group 4
2024-09-11 07:53:08,589 - INFO - Analyzing group 5 with 15 frames
2024-09-11 07:53:08,589 - INFO - Original frame size: 1440x1080
2024-09-11 07:53:08,590 - INFO - Resized frame for API: 512x384
2024-09-11 07:53:09,847 - INFO - GPT Analysis: {
  "text_lines": []
}
2024-09-11 07:53:09,847 - INFO - Detected 0 text blocks
2024-09-11 07:53:09,847 - INFO - Analyzed frame 1/5 in group. Detected 0 text blocks.
2024-09-11 07:53:09,847 - INFO - Original frame size: 1440x1080
2024-09-11 07:53:09,848 - INFO - Resized frame for API: 512x384
2024-09-11 07:53:11,315 - INFO - GPT Analysis: {
  "text_lines": []
}
2024-09-11 07:53:11,315 - INFO - Detected 0 text blocks
2024-09-11 07:53:11,316 - INFO - Analyzed frame 4/5 in group. Detected 0 text blocks.
2024-09-11 07:53:11,316 - INFO - Original frame size: 1440x1080
2024-09-11 07:53:11,317 - INFO - Resized frame for API: 512x384
2024-09-11 07:53:13,100 - INFO - GPT Analysis: {
  "text_lines": []
}
2024-09-11 07:53:13,101 - INFO - Detected 0 text blocks
2024-09-11 07:53:13,101 - INFO - Analyzed frame 8/5 in group. Detected 0 text blocks.
2024-09-11 07:53:13,101 - INFO - Original frame size: 1440x1080
2024-09-11 07:53:13,102 - INFO - Resized frame for API: 512x384
2024-09-11 07:53:14,096 - INFO - GPT Analysis: {
  "text_lines": []
}
2024-09-11 07:53:14,097 - INFO - Detected 0 text blocks
2024-09-11 07:53:14,097 - INFO - Analyzed frame 11/5 in group. Detected 0 text blocks.
2024-09-11 07:53:14,097 - INFO - Original frame size: 1440x1080
2024-09-11 07:53:14,098 - INFO - Resized frame for API: 512x384
2024-09-11 07:53:16,826 - INFO - GPT Analysis: {
  "text_lines": []
}
2024-09-11 07:53:16,826 - INFO - Detected 0 text blocks
2024-09-11 07:53:16,827 - INFO - Analyzed frame 15/5 in group. Detected 0 text blocks.
2024-09-11 07:53:16,827 - INFO - Total averaged text blocks: 0
2024-09-11 07:53:16,827 - INFO - No text detected in group 5
2024-09-11 07:53:16,827 - INFO - Analyzing group 6 with 28 frames
2024-09-11 07:53:16,827 - INFO - Original frame size: 1440x1080
2024-09-11 07:53:16,828 - INFO - Resized frame for API: 512x384
2024-09-11 07:53:19,137 - INFO - GPT Analysis: {
  "text_lines": []
}
2024-09-11 07:53:19,137 - INFO - Detected 0 text blocks
2024-09-11 07:53:19,137 - INFO - Analyzed frame 1/5 in group. Detected 0 text blocks.
2024-09-11 07:53:19,137 - INFO - Original frame size: 1440x1080
2024-09-11 07:53:19,138 - INFO - Resized frame for API: 512x384
2024-09-11 07:53:20,880 - INFO - GPT Analysis: {
  "text_lines": []
}
2024-09-11 07:53:20,881 - INFO - Detected 0 text blocks
2024-09-11 07:53:20,881 - INFO - Analyzed frame 7/5 in group. Detected 0 text blocks.
2024-09-11 07:53:20,881 - INFO - Original frame size: 1440x1080
2024-09-11 07:53:20,882 - INFO - Resized frame for API: 512x384
2024-09-11 07:53:23,522 - INFO - GPT Analysis: {
  "text_lines": []
}
2024-09-11 07:53:23,522 - INFO - Detected 0 text blocks
2024-09-11 07:53:23,522 - INFO - Analyzed frame 14/5 in group. Detected 0 text blocks.
2024-09-11 07:53:23,523 - INFO - Original frame size: 1440x1080
2024-09-11 07:53:23,523 - INFO - Resized frame for API: 512x384
2024-09-11 07:53:25,843 - INFO - GPT Analysis: {
  "text_lines": []
}
2024-09-11 07:53:25,843 - INFO - Detected 0 text blocks
2024-09-11 07:53:25,844 - INFO - Analyzed frame 21/5 in group. Detected 0 text blocks.
2024-09-11 07:53:25,844 - INFO - Original frame size: 1440x1080
2024-09-11 07:53:25,844 - INFO - Resized frame for API: 512x384
2024-09-11 07:53:26,958 - INFO - GPT Analysis: {
  "text_lines": []
}
2024-09-11 07:53:26,958 - INFO - Detected 0 text blocks
2024-09-11 07:53:26,958 - INFO - Analyzed frame 28/5 in group. Detected 0 text blocks.
2024-09-11 07:53:26,959 - INFO - Total averaged text blocks: 0
2024-09-11 07:53:26,959 - INFO - No text detected in group 6
2024-09-11 07:53:26,959 - INFO - Analyzing group 7 with 45 frames
2024-09-11 07:53:26,959 - INFO - Original frame size: 1440x1080
2024-09-11 07:53:26,960 - INFO - Resized frame for API: 512x384
2024-09-11 07:53:28,412 - INFO - GPT Analysis: {
  "text_lines": []
}
2024-09-11 07:53:28,412 - INFO - Detected 0 text blocks
2024-09-11 07:53:28,412 - INFO - Analyzed frame 1/5 in group. Detected 0 text blocks.
2024-09-11 07:53:28,412 - INFO - Original frame size: 1440x1080
2024-09-11 07:53:28,413 - INFO - Resized frame for API: 512x384
2024-09-11 07:53:29,963 - INFO - GPT Analysis: {
  "text_lines": []
}
2024-09-11 07:53:29,963 - INFO - Detected 0 text blocks
2024-09-11 07:53:29,963 - INFO - Analyzed frame 12/5 in group. Detected 0 text blocks.
2024-09-11 07:53:29,963 - INFO - Original frame size: 1440x1080
2024-09-11 07:53:29,964 - INFO - Resized frame for API: 512x384
2024-09-11 07:53:31,040 - INFO - GPT Analysis: {
  "text_lines": []
}
2024-09-11 07:53:31,041 - INFO - Detected 0 text blocks
2024-09-11 07:53:31,041 - INFO - Analyzed frame 23/5 in group. Detected 0 text blocks.
2024-09-11 07:53:31,041 - INFO - Original frame size: 1440x1080
2024-09-11 07:53:31,042 - INFO - Resized frame for API: 512x384
2024-09-11 07:53:33,515 - INFO - GPT Analysis: {
  "text_lines": []
}
2024-09-11 07:53:33,515 - INFO - Detected 0 text blocks
2024-09-11 07:53:33,515 - INFO - Analyzed frame 34/5 in group. Detected 0 text blocks.
2024-09-11 07:53:33,515 - INFO - Original frame size: 1440x1080
2024-09-11 07:53:33,516 - INFO - Resized frame for API: 512x384
2024-09-11 07:53:35,233 - INFO - GPT Analysis: {
  "text_lines": []
}
2024-09-11 07:53:35,233 - INFO - Detected 0 text blocks
2024-09-11 07:53:35,233 - INFO - Analyzed frame 45/5 in group. Detected 0 text blocks.
2024-09-11 07:53:35,233 - INFO - Total averaged text blocks: 0
2024-09-11 07:53:35,233 - INFO - No text detected in group 7
2024-09-11 07:53:35,234 - INFO - Analyzing group 8 with 8 frames
2024-09-11 07:53:35,234 - INFO - Original frame size: 1440x1080
2024-09-11 07:53:35,235 - INFO - Resized frame for API: 512x384
2024-09-11 07:53:38,438 - INFO - GPT Analysis: {
  "text_lines": []
}
2024-09-11 07:53:38,438 - INFO - Detected 0 text blocks
2024-09-11 07:53:38,439 - INFO - Analyzed frame 1/5 in group. Detected 0 text blocks.
2024-09-11 07:53:38,439 - INFO - Original frame size: 1440x1080
2024-09-11 07:53:38,439 - INFO - Resized frame for API: 512x384
2024-09-11 07:53:39,739 - INFO - GPT Analysis: {
  "text_lines": []
}
2024-09-11 07:53:39,739 - INFO - Detected 0 text blocks
2024-09-11 07:53:39,740 - INFO - Analyzed frame 2/5 in group. Detected 0 text blocks.
2024-09-11 07:53:39,740 - INFO - Original frame size: 1440x1080
2024-09-11 07:53:39,741 - INFO - Resized frame for API: 512x384
2024-09-11 07:53:41,047 - INFO - GPT Analysis: {
  "text_lines": []
}
2024-09-11 07:53:41,048 - INFO - Detected 0 text blocks
2024-09-11 07:53:41,048 - INFO - Analyzed frame 4/5 in group. Detected 0 text blocks.
2024-09-11 07:53:41,048 - INFO - Original frame size: 1440x1080
2024-09-11 07:53:41,048 - INFO - Resized frame for API: 512x384
2024-09-11 07:53:42,219 - INFO - GPT Analysis: {
  "text_lines": []
}
2024-09-11 07:53:42,220 - INFO - Detected 0 text blocks
2024-09-11 07:53:42,220 - INFO - Analyzed frame 6/5 in group. Detected 0 text blocks.
2024-09-11 07:53:42,220 - INFO - Original frame size: 1440x1080
2024-09-11 07:53:42,221 - INFO - Resized frame for API: 512x384
2024-09-11 07:53:43,925 - INFO - GPT Analysis: {
  "text_lines": []
}
2024-09-11 07:53:43,926 - INFO - Detected 0 text blocks
2024-09-11 07:53:43,926 - INFO - Analyzed frame 8/5 in group. Detected 0 text blocks.
2024-09-11 07:53:43,926 - INFO - Total averaged text blocks: 0
2024-09-11 07:53:43,926 - INFO - No text detected in group 8
2024-09-11 07:53:43,926 - INFO - Analyzing group 9 with 305 frames
2024-09-11 07:53:43,926 - INFO - Original frame size: 1440x1080
2024-09-11 07:53:43,927 - INFO - Resized frame for API: 512x384
2024-09-11 07:53:47,810 - INFO - GPT Analysis: {
  "text_lines": [
    {
      "content": "You have lingered in stillness, but the pulse outside is growing louder. It's time.",
      "top_left": {
        "x": 45,
        "y": 175
      },
      "bottom_right": {
        "x": 470,
        "y": 200
      }
    },
    {
      "content": "The cave served its purpose, but now it threatens to swallow you whole.",
      "top_left": {
        "x": 65,
        "y": 205
      },
      "bottom_right": {
        "x": 470,
        "y": 230
      }
    }
  ]
}
2024-09-11 07:53:47,811 - INFO - Text block 1: Content: 'You have lingered in stillness, but the pulse outside is growing louder. It's time.', API position: [x=45, y=175, w=425, h=25]
2024-09-11 07:53:47,811 - INFO - Text block 2: Content: 'The cave served its purpose, but now it threatens to swallow you whole.', API position: [x=65, y=205, w=405, h=25]
2024-09-11 07:53:47,811 - INFO - Detected 2 text blocks
2024-09-11 07:53:47,811 - INFO - Analyzed frame 1/5 in group. Detected 2 text blocks.
2024-09-11 07:53:47,811 - INFO - Original frame size: 1440x1080
2024-09-11 07:53:47,812 - INFO - Resized frame for API: 512x384
2024-09-11 07:53:53,220 - INFO - GPT Analysis: {
  "text_lines": [
    {
      "content": "You have lingered in stillness, but the pulse outside is growing louder. It's time.",
      "top_left": {
        "x": 10,
        "y": 95
      },
      "bottom_right": {
        "x": 470,
        "y": 125
      }
    },
    {
      "content": "The cave served its purpose, but now it threatens to swallow you whole.",
      "top_left": {
        "x": 10,
        "y": 140
      },
      "bottom_right": {
        "x": 450,
        "y": 170
      }
    }
  ]
}
2024-09-11 07:53:53,220 - INFO - Text block 1: Content: 'You have lingered in stillness, but the pulse outside is growing louder. It's time.', API position: [x=10, y=95, w=460, h=30]
2024-09-11 07:53:53,220 - INFO - Text block 2: Content: 'The cave served its purpose, but now it threatens to swallow you whole.', API position: [x=10, y=140, w=440, h=30]
2024-09-11 07:53:53,220 - INFO - Detected 2 text blocks
2024-09-11 07:53:53,220 - INFO - Analyzed frame 77/5 in group. Detected 2 text blocks.
2024-09-11 07:53:53,220 - INFO - Original frame size: 1440x1080
2024-09-11 07:53:53,221 - INFO - Resized frame for API: 512x384
2024-09-11 07:53:58,452 - INFO - GPT Analysis: {
  "text_lines": [
    {
      "content": "You have lingered in stillness, but the pulse outside is growing louder. It's time.",
      "top_left": {
        "x": 65,
        "y": 95
      },
      "bottom_right": {
        "x": 465,
        "y": 120
      }
    },
    {
      "content": "The cave served its purpose, but now it threatens to swallow you whole.",
      "top_left": {
        "x": 85,
        "y": 125
      },
      "bottom_right": {
        "x": 440,
        "y": 150
      }
    }
  ]
}
2024-09-11 07:53:58,452 - INFO - Text block 1: Content: 'You have lingered in stillness, but the pulse outside is growing louder. It's time.', API position: [x=65, y=95, w=400, h=25]
2024-09-11 07:53:58,453 - INFO - Text block 2: Content: 'The cave served its purpose, but now it threatens to swallow you whole.', API position: [x=85, y=125, w=355, h=25]
2024-09-11 07:53:58,453 - INFO - Detected 2 text blocks
2024-09-11 07:53:58,453 - INFO - Analyzed frame 153/5 in group. Detected 2 text blocks.
2024-09-11 07:53:58,453 - INFO - Original frame size: 1440x1080
2024-09-11 07:53:58,454 - INFO - Resized frame for API: 512x384
2024-09-11 07:54:02,963 - INFO - GPT Analysis: {
  "text_lines": [
    {
      "content": "You have lingered in stillness, but the pulse outside is growing louder. It's time.",
      "top_left": {
        "x": 15,
        "y": 150
      },
      "bottom_right": {
        "x": 500,
        "y": 180
      }
    },
    {
      "content": "The cave served its purpose, but now it threatens to swallow you whole.",
      "top_left": {
        "x": 15,
        "y": 190
      },
      "bottom_right": {
        "x": 465,
        "y": 220
      }
    }
  ]
}
2024-09-11 07:54:02,964 - INFO - Text block 1: Content: 'You have lingered in stillness, but the pulse outside is growing louder. It's time.', API position: [x=15, y=150, w=485, h=30]
2024-09-11 07:54:02,964 - INFO - Text block 2: Content: 'The cave served its purpose, but now it threatens to swallow you whole.', API position: [x=15, y=190, w=450, h=30]
2024-09-11 07:54:02,964 - INFO - Detected 2 text blocks
2024-09-11 07:54:02,964 - INFO - Analyzed frame 229/5 in group. Detected 2 text blocks.
2024-09-11 07:54:02,964 - INFO - Original frame size: 1440x1080
2024-09-11 07:54:02,965 - INFO - Resized frame for API: 512x384
2024-09-11 07:54:09,368 - INFO - GPT Analysis: {
  "text_lines": [
    {
      "content": "You have lingered in stillness, but the pulse outside is growing louder. It's time.",
      "top_left": {
        "x": 40,
        "y": 150
      },
      "bottom_right": {
        "x": 470,
        "y": 180
      }
    },
    {
      "content": "The cave served its purpose, but now it threatens to swallow you whole.",
      "top_left": {
        "x": 50,
        "y": 185
      },
      "bottom_right": {
        "x": 460,
        "y": 215
      }
    }
  ]
}
2024-09-11 07:54:09,369 - INFO - Text block 1: Content: 'You have lingered in stillness, but the pulse outside is growing louder. It's time.', API position: [x=40, y=150, w=430, h=30]
2024-09-11 07:54:09,369 - INFO - Text block 2: Content: 'The cave served its purpose, but now it threatens to swallow you whole.', API position: [x=50, y=185, w=410, h=30]
2024-09-11 07:54:09,369 - INFO - Detected 2 text blocks
2024-09-11 07:54:09,370 - INFO - Analyzed frame 305/5 in group. Detected 2 text blocks.
2024-09-11 07:54:09,373 - INFO - Averaged text block: 'You have lingered in stillness, but the pulse outside is growing louder. It's time.', Position: x=35, y=133, w=440, h=28
2024-09-11 07:54:09,376 - INFO - Averaged text block: 'The cave served its purpose, but now it threatens to swallow you whole.', Position: x=45, y=169, w=412, h=28
2024-09-11 07:54:09,376 - INFO - Total averaged text blocks: 2
2024-09-11 07:54:10,409 - INFO - Original text: You have lingered in stillness, but the pulse outside is growing louder. It's time.
2024-09-11 07:54:10,409 - INFO - Translated text: Ты пребывал в тишине, но пульс снаружи становится все громче. Пора.
2024-09-11 07:54:10,409 - INFO - Processed text block: Original: 'You have lingered in stillness, but the pulse outside is growing louder. It's time.', Translated: 'Ты пребывал в тишине, но пульс снаружи становится все громче. Пора.', Position: [x=35, y=133, w=440, h=28]
2024-09-11 07:54:11,449 - INFO - Original text: The cave served its purpose, but now it threatens to swallow you whole.
2024-09-11 07:54:11,450 - INFO - Translated text: Пещера выполнила свою функцию, но теперь она грозит поглотить тебя целиком.
2024-09-11 07:54:11,450 - INFO - Processed text block: Original: 'The cave served its purpose, but now it threatens to swallow you whole.', Translated: 'Пещера выполнила свою функцию, но теперь она грозит поглотить тебя целиком.', Position: [x=45, y=169, w=412, h=28]
2024-09-11 07:54:11,450 - INFO - Group 9: Processed 2 text blocks
2024-09-11 07:54:11,450 - INFO - Analyzing group 10 with 256 frames
2024-09-11 07:54:11,450 - INFO - Original frame size: 1440x1080
2024-09-11 07:54:11,451 - INFO - Resized frame for API: 512x384
2024-09-11 07:54:18,363 - INFO - GPT Analysis: {
  "text_lines": [
    {
      "content": "Do not fear the light, nor the cold wind that greets you. They are not",
      "top_left": {
        "x": 20,
        "y": 160
      },
      "bottom_right": {
        "x": 370,
        "y": 180
      }
    },
    {
      "content": "enemies. They are the forces you must ride. The forces that will carry you",
      "top_left": {
        "x": 20,
        "y": 180
      },
      "bottom_right": {
        "x": 380,
        "y": 200
      }
    },
    {
      "content": "further than your patience ever could.",
      "top_left": {
        "x": 20,
        "y": 200
      },
      "bottom_right": {
        "x": 270,
        "y": 220
      }
    },
    {
      "content": "One step... then another. You were never meant to stay.",
      "top_left": {
        "x": 20,
        "y": 240
      },
      "bottom_right": {
        "x": 350,
        "y": 260
      }
    }
  ]
}
2024-09-11 07:54:18,363 - INFO - Text block 1: Content: 'Do not fear the light, nor the cold wind that greets you. They are not', API position: [x=20, y=160, w=350, h=20]
2024-09-11 07:54:18,363 - INFO - Text block 2: Content: 'enemies. They are the forces you must ride. The forces that will carry you', API position: [x=20, y=180, w=360, h=20]
2024-09-11 07:54:18,364 - INFO - Text block 3: Content: 'further than your patience ever could.', API position: [x=20, y=200, w=250, h=20]
2024-09-11 07:54:18,364 - INFO - Text block 4: Content: 'One step... then another. You were never meant to stay.', API position: [x=20, y=240, w=330, h=20]
2024-09-11 07:54:18,364 - INFO - Detected 4 text blocks
2024-09-11 07:54:18,364 - INFO - Analyzed frame 1/5 in group. Detected 4 text blocks.
2024-09-11 07:54:18,364 - INFO - Original frame size: 1440x1080
2024-09-11 07:54:18,365 - INFO - Resized frame for API: 512x384
2024-09-11 07:54:28,121 - INFO - GPT Analysis: {
  "text_lines": [
    {
      "content": "Do not fear the light, nor the cold wind that greets you. They are not",
      "top_left": {
        "x": 25,
        "y": 100
      },
      "bottom_right": {
        "x": 345,
        "y": 125
      }
    },
    {
      "content": "enemies. They are the forces you must ride. The forces that will carry you",
      "top_left": {
        "x": 25,
        "y": 130
      },
      "bottom_right": {
        "x": 370,
        "y": 155
      }
    },
    {
      "content": "further than your patience ever could.",
      "top_left": {
        "x": 25,
        "y": 160
      },
      "bottom_right": {
        "x": 270,
        "y": 185
      }
    },
    {
      "content": "One step... then another. You were never meant to stay.",
      "top_left": {
        "x": 25,
        "y": 200
      },
      "bottom_right": {
        "x": 330,
        "y": 225
      }
    }
  ]
}
2024-09-11 07:54:28,121 - INFO - Text block 1: Content: 'Do not fear the light, nor the cold wind that greets you. They are not', API position: [x=25, y=100, w=320, h=25]
2024-09-11 07:54:28,121 - INFO - Text block 2: Content: 'enemies. They are the forces you must ride. The forces that will carry you', API position: [x=25, y=130, w=345, h=25]
2024-09-11 07:54:28,121 - INFO - Text block 3: Content: 'further than your patience ever could.', API position: [x=25, y=160, w=245, h=25]
2024-09-11 07:54:28,121 - INFO - Text block 4: Content: 'One step... then another. You were never meant to stay.', API position: [x=25, y=200, w=305, h=25]
2024-09-11 07:54:28,121 - INFO - Detected 4 text blocks
2024-09-11 07:54:28,122 - INFO - Analyzed frame 64/5 in group. Detected 4 text blocks.
2024-09-11 07:54:28,122 - INFO - Original frame size: 1440x1080
2024-09-11 07:54:28,122 - INFO - Resized frame for API: 512x384
2024-09-11 07:54:37,302 - INFO - GPT Analysis: {
  "text_lines": [
    {
      "content": "Do not fear the light, nor the cold wind that greets you. They are not",
      "top_left": {
        "x": 32,
        "y": 150
      },
      "bottom_right": {
        "x": 479,
        "y": 180
      }
    },
    {
      "content": "enemies. They are the forces you must ride. The forces that will carry you",
      "top_left": {
        "x": 32,
        "y": 180
      },
      "bottom_right": {
        "x": 474,
        "y": 210
      }
    },
    {
      "content": "further than your patience ever could.",
      "top_left": {
        "x": 32,
        "y": 210
      },
      "bottom_right": {
        "x": 375,
        "y": 240
      }
    },
    {
      "content": "One step... then another. You were never meant to stay.",
      "top_left": {
        "x": 82,
        "y": 270
      },
      "bottom_right": {
        "x": 425,
        "y": 300
      }
    }
  ]
}
2024-09-11 07:54:37,303 - INFO - Text block 1: Content: 'Do not fear the light, nor the cold wind that greets you. They are not', API position: [x=32, y=150, w=447, h=30]
2024-09-11 07:54:37,303 - INFO - Text block 2: Content: 'enemies. They are the forces you must ride. The forces that will carry you', API position: [x=32, y=180, w=442, h=30]
2024-09-11 07:54:37,303 - INFO - Text block 3: Content: 'further than your patience ever could.', API position: [x=32, y=210, w=343, h=30]
2024-09-11 07:54:37,303 - INFO - Text block 4: Content: 'One step... then another. You were never meant to stay.', API position: [x=82, y=270, w=343, h=30]
2024-09-11 07:54:37,303 - INFO - Detected 4 text blocks
2024-09-11 07:54:37,303 - INFO - Analyzed frame 128/5 in group. Detected 4 text blocks.
2024-09-11 07:54:37,303 - INFO - Original frame size: 1440x1080
2024-09-11 07:54:37,304 - INFO - Resized frame for API: 512x384
2024-09-11 07:54:56,738 - INFO - GPT Analysis: {
  "text_lines": [
    {
      "content": "Do not fear the light, nor the cold wind that greets you. They are not",
      "top_left": {
        "x": 30,
        "y": 200
      },
      "bottom_right": {
        "x": 470,
        "y": 225
      }
    },
    {
      "content": "enemies. They are the forces you must ride. The forces that will carry you",
      "top_left": {
        "x": 30,
        "y": 230
      },
      "bottom_right": {
        "x": 480,
        "y": 255
      }
    },
    {
      "content": "further than your patience ever could.",
      "top_left": {
        "x": 30,
        "y": 260
      },
      "bottom_right": {
        "x": 325,
        "y": 285
      }
    },
    {
      "content": "One step... then another. You were never meant to stay.",
      "top_left": {
        "x": 30,
        "y": 290
      },
      "bottom_right": {
        "x": 455,
        "y": 315
      }
    }
  ]
}
2024-09-11 07:54:56,738 - INFO - Text block 1: Content: 'Do not fear the light, nor the cold wind that greets you. They are not', API position: [x=30, y=200, w=440, h=25]
2024-09-11 07:54:56,738 - INFO - Text block 2: Content: 'enemies. They are the forces you must ride. The forces that will carry you', API position: [x=30, y=230, w=450, h=25]
2024-09-11 07:54:56,738 - INFO - Text block 3: Content: 'further than your patience ever could.', API position: [x=30, y=260, w=295, h=25]
2024-09-11 07:54:56,738 - INFO - Text block 4: Content: 'One step... then another. You were never meant to stay.', API position: [x=30, y=290, w=425, h=25]
2024-09-11 07:54:56,738 - INFO - Detected 4 text blocks
2024-09-11 07:54:56,739 - INFO - Analyzed frame 192/5 in group. Detected 4 text blocks.
2024-09-11 07:54:56,739 - INFO - Original frame size: 1440x1080
2024-09-11 07:54:56,739 - INFO - Resized frame for API: 512x384
2024-09-11 07:55:13,496 - INFO - GPT Analysis: {
  "text_lines": [
    {
      "content": "Do not fear the light, nor the cold wind that greets you. They are not",
      "top_left": {
        "x": 55,
        "y": 130
      },
      "bottom_right": {
        "x": 470,
        "y": 160
      }
    },
    {
      "content": "enemies. They are the forces you must ride. The forces that will carry you",
      "top_left": {
        "x": 55,
        "y": 165
      },
      "bottom_right": {
        "x": 470,
        "y": 195
      }
    },
    {
      "content": "further than your patience ever could.",
      "top_left": {
        "x": 55,
        "y": 200
      },
      "bottom_right": {
        "x": 470,
        "y": 230
      }
    },
    {
      "content": "One step... then another. You were never meant to stay.",
      "top_left": {
        "x": 55,
        "y": 250
      },
      "bottom_right": {
        "x": 470,
        "y": 280
      }
    }
  ]
}
2024-09-11 07:55:13,496 - INFO - Text block 1: Content: 'Do not fear the light, nor the cold wind that greets you. They are not', API position: [x=55, y=130, w=415, h=30]
2024-09-11 07:55:13,496 - INFO - Text block 2: Content: 'enemies. They are the forces you must ride. The forces that will carry you', API position: [x=55, y=165, w=415, h=30]
2024-09-11 07:55:13,496 - INFO - Text block 3: Content: 'further than your patience ever could.', API position: [x=55, y=200, w=415, h=30]
2024-09-11 07:55:13,496 - INFO - Text block 4: Content: 'One step... then another. You were never meant to stay.', API position: [x=55, y=250, w=415, h=30]
2024-09-11 07:55:13,496 - INFO - Detected 4 text blocks
2024-09-11 07:55:13,497 - INFO - Analyzed frame 256/5 in group. Detected 4 text blocks.
2024-09-11 07:55:13,500 - INFO - Averaged text block: 'Do not fear the light, nor the cold wind that greets you. They are not', Position: x=26, y=152, w=389, h=25
2024-09-11 07:55:13,503 - INFO - Averaged text block: 'enemies. They are the forces you must ride. The forces that will carry you', Position: x=26, y=180, w=401, h=25
2024-09-11 07:55:13,506 - INFO - Averaged text block: 'further than your patience ever could.', Position: x=26, y=205, w=296, h=25
2024-09-11 07:55:13,508 - INFO - Averaged text block: 'One step... then another. You were never meant to stay.', Position: x=42, y=250, w=363, h=26
2024-09-11 07:55:13,509 - INFO - Total averaged text blocks: 4
2024-09-11 07:55:14,202 - INFO - Original text: Do not fear the light, nor the cold wind that greets you. They are not
2024-09-11 07:55:14,202 - INFO - Translated text: Не бойся света, ни холодного ветра, который тебя встречает. Они не
2024-09-11 07:55:14,202 - INFO - Processed text block: Original: 'Do not fear the light, nor the cold wind that greets you. They are not', Translated: 'Не бойся света, ни холодного ветра, который тебя встречает. Они не', Position: [x=26, y=152, w=389, h=25]
2024-09-11 07:55:15,055 - INFO - Original text: enemies. They are the forces you must ride. The forces that will carry you
2024-09-11 07:55:15,056 - INFO - Translated text: враги. Это силы, которые ты должен оседлать. Силы, которые понесут тебя.
2024-09-11 07:55:15,056 - INFO - Processed text block: Original: 'enemies. They are the forces you must ride. The forces that will carry you', Translated: 'враги. Это силы, которые ты должен оседлать. Силы, которые понесут тебя.', Position: [x=26, y=180, w=401, h=25]
2024-09-11 07:55:15,720 - INFO - Original text: further than your patience ever could.
2024-09-11 07:55:15,720 - INFO - Translated text: дальше, чем могла бы твоя терпимость.
2024-09-11 07:55:15,720 - INFO - Processed text block: Original: 'further than your patience ever could.', Translated: 'дальше, чем могла бы твоя терпимость.', Position: [x=26, y=205, w=296, h=25]
2024-09-11 07:55:17,150 - INFO - Original text: One step... then another. You were never meant to stay.
2024-09-11 07:55:17,150 - INFO - Translated text: Один шаг... затем другой. Тебе никогда не суждено было остаться.
2024-09-11 07:55:17,150 - INFO - Processed text block: Original: 'One step... then another. You were never meant to stay.', Translated: 'Один шаг... затем другой. Тебе никогда не суждено было остаться.', Position: [x=42, y=250, w=363, h=26]
2024-09-11 07:55:17,150 - INFO - Group 10: Processed 4 text blocks
2024-09-11 07:55:17,150 - INFO - Creating output video...
2024-09-11 07:55:17,174 - INFO - No translation for group 1
2024-09-11 07:55:17,441 - INFO - Processed group 1, total frames: 14/734
2024-09-11 07:55:17,442 - INFO - No translation for group 2
2024-09-11 07:55:17,761 - INFO - Processed group 2, total frames: 33/734
2024-09-11 07:55:17,762 - INFO - No translation for group 3
2024-09-11 07:55:18,086 - INFO - Processed group 3, total frames: 57/734
2024-09-11 07:55:18,086 - INFO - No translation for group 4
2024-09-11 07:55:18,436 - INFO - Processed group 4, total frames: 77/734
2024-09-11 07:55:18,437 - INFO - No translation for group 5
2024-09-11 07:55:18,698 - INFO - Processed group 5, total frames: 92/734
2024-09-11 07:55:18,698 - INFO - No translation for group 6
2024-09-11 07:55:19,099 - INFO - Processed group 6, total frames: 120/734
2024-09-11 07:55:19,100 - INFO - No translation for group 7
2024-09-11 07:55:19,760 - INFO - Processed group 7, total frames: 165/734
2024-09-11 07:55:19,760 - INFO - No translation for group 8
2024-09-11 07:55:19,850 - INFO - Processed group 8, total frames: 173/734
2024-09-11 07:55:19,853 - INFO - Frame size for translation: 1440x1080
2024-09-11 07:55:19,853 - INFO - Text block 1 before drawing:
2024-09-11 07:55:19,853 - INFO -   Original: You have lingered in stillness, but the pulse outside is growing louder. It's time.
2024-09-11 07:55:19,853 - INFO -   Translated: Ты пребывал в тишине, но пульс снаружи становится все громче. Пора.
2024-09-11 07:55:19,853 - INFO -   Position: x=35, y=133, w=440, h=28
2024-09-11 07:55:19,974 - INFO - Text block 1 translation:
2024-09-11 07:55:19,974 - INFO -   Original: You have lingered in stillness, but the pulse outside is growing louder. It's time.
2024-09-11 07:55:19,974 - INFO -   Translated: Ты пребывал в тишине, но пульс снаружи становится все громче. Пора.
2024-09-11 07:55:19,974 - INFO -   Original position: x=35, y=133, w=440, h=28
2024-09-11 07:55:19,974 - INFO -   Translated text size: w=429, h=13
2024-09-11 07:55:19,974 - INFO -   Translated text position: x=40, y=133
2024-09-11 07:55:19,974 - INFO - Text block 2 before drawing:
2024-09-11 07:55:19,974 - INFO -   Original: The cave served its purpose, but now it threatens to swallow you whole.
2024-09-11 07:55:19,974 - INFO -   Translated: Пещера выполнила свою функцию, но теперь она грозит поглотить тебя целиком.
2024-09-11 07:55:19,974 - INFO -   Position: x=45, y=169, w=412, h=28
2024-09-11 07:55:20,197 - INFO - Text block 2 translation:
2024-09-11 07:55:20,197 - INFO -   Original: The cave served its purpose, but now it threatens to swallow you whole.
2024-09-11 07:55:20,197 - INFO -   Translated: Пещера выполнила свою функцию, но теперь она грозит поглотить тебя целиком.
2024-09-11 07:55:20,197 - INFO -   Original position: x=45, y=169, w=412, h=28
2024-09-11 07:55:20,197 - INFO -   Translated text size: w=409, h=10
2024-09-11 07:55:20,197 - INFO -   Translated text position: x=46, y=169
2024-09-11 07:55:20,197 - INFO - Created translated frame for group 9
2024-09-11 07:55:24,442 - INFO - Processed group 9, total frames: 478/734
2024-09-11 07:55:24,444 - INFO - Frame size for translation: 1440x1080
2024-09-11 07:55:24,444 - INFO - Text block 1 before drawing:
2024-09-11 07:55:24,445 - INFO -   Original: Do not fear the light, nor the cold wind that greets you. They are not
2024-09-11 07:55:24,445 - INFO -   Translated: Не бойся света, ни холодного ветра, который тебя встречает. Они не
2024-09-11 07:55:24,445 - INFO -   Position: x=26, y=152, w=389, h=25
2024-09-11 07:55:24,662 - INFO - Text block 1 translation:
2024-09-11 07:55:24,662 - INFO -   Original: Do not fear the light, nor the cold wind that greets you. They are not
2024-09-11 07:55:24,662 - INFO -   Translated: Не бойся света, ни холодного ветра, который тебя встречает. Они не
2024-09-11 07:55:24,663 - INFO -   Original position: x=26, y=152, w=389, h=25
2024-09-11 07:55:24,663 - INFO -   Translated text size: w=378, h=12
2024-09-11 07:55:24,663 - INFO -   Translated text position: x=31, y=152
2024-09-11 07:55:24,663 - INFO - Text block 2 before drawing:
2024-09-11 07:55:24,663 - INFO -   Original: enemies. They are the forces you must ride. The forces that will carry you
2024-09-11 07:55:24,663 - INFO -   Translated: враги. Это силы, которые ты должен оседлать. Силы, которые понесут тебя.
2024-09-11 07:55:24,663 - INFO -   Position: x=26, y=180, w=401, h=25
2024-09-11 07:55:24,844 - INFO - Text block 2 translation:
2024-09-11 07:55:24,844 - INFO -   Original: enemies. They are the forces you must ride. The forces that will carry you
2024-09-11 07:55:24,844 - INFO -   Translated: враги. Это силы, которые ты должен оседлать. Силы, которые понесут тебя.
2024-09-11 07:55:24,844 - INFO -   Original position: x=26, y=180, w=401, h=25
2024-09-11 07:55:24,844 - INFO -   Translated text size: w=381, h=10
2024-09-11 07:55:24,845 - INFO -   Translated text position: x=36, y=180
2024-09-11 07:55:24,845 - INFO - Text block 3 before drawing:
2024-09-11 07:55:24,845 - INFO -   Original: further than your patience ever could.
2024-09-11 07:55:24,845 - INFO -   Translated: дальше, чем могла бы твоя терпимость.
2024-09-11 07:55:24,845 - INFO -   Position: x=26, y=205, w=296, h=25
2024-09-11 07:55:25,013 - INFO - Text block 3 translation:
2024-09-11 07:55:25,013 - INFO -   Original: further than your patience ever could.
2024-09-11 07:55:25,013 - INFO -   Translated: дальше, чем могла бы твоя терпимость.
2024-09-11 07:55:25,013 - INFO -   Original position: x=26, y=205, w=296, h=25
2024-09-11 07:55:25,013 - INFO -   Translated text size: w=295, h=15
2024-09-11 07:55:25,013 - INFO -   Translated text position: x=26, y=205
2024-09-11 07:55:25,013 - INFO - Text block 4 before drawing:
2024-09-11 07:55:25,013 - INFO -   Original: One step... then another. You were never meant to stay.
2024-09-11 07:55:25,013 - INFO -   Translated: Один шаг... затем другой. Тебе никогда не суждено было остаться.
2024-09-11 07:55:25,014 - INFO -   Position: x=42, y=250, w=363, h=26
2024-09-11 07:55:25,243 - INFO - Text block 4 translation:
2024-09-11 07:55:25,243 - INFO -   Original: One step... then another. You were never meant to stay.
2024-09-11 07:55:25,243 - INFO -   Translated: Один шаг... затем другой. Тебе никогда не суждено было остаться.
2024-09-11 07:55:25,244 - INFO -   Original position: x=42, y=250, w=363, h=26
2024-09-11 07:55:25,244 - INFO -   Translated text size: w=331, h=10
2024-09-11 07:55:25,244 - INFO -   Translated text position: x=58, y=250
2024-09-11 07:55:25,248 - INFO - Created translated frame for group 10
2024-09-11 07:55:27,970 - INFO - Processed group 10, total frames: 734/734
2024-09-11 07:55:27,972 - INFO - Adding audio to the output video...
2024-09-11 07:55:40,939 - INFO - Video processing complete!
