2024-09-11 10:33:18,066 - INFO - Starting video processing for tmp/sample1.mp4
2024-09-11 10:33:18,120 - INFO - Grouping frame 0/734
2024-09-11 10:33:19,178 - INFO - Grouping frame 100/734
2024-09-11 10:33:20,200 - INFO - Grouping frame 200/734
2024-09-11 10:33:21,174 - INFO - Grouping frame 300/734
2024-09-11 10:33:22,196 - INFO - Grouping frame 400/734
2024-09-11 10:33:23,226 - INFO - Grouping frame 500/734
2024-09-11 10:33:24,195 - INFO - Grouping frame 600/734
2024-09-11 10:33:25,180 - INFO - Grouping frame 700/734
2024-09-11 10:33:25,513 - INFO - Grouped frames into 10 groups
2024-09-11 10:33:25,523 - INFO - Original video dimensions: 1440x1080
2024-09-11 10:33:25,523 - INFO - Analyzing group 1 with 14 frames
2024-09-11 10:33:25,523 - INFO - Original frame size: 1440x1080
2024-09-11 10:33:25,524 - INFO - Resized frame for API: 512x384
2024-09-11 10:33:26,948 - INFO - GPT Analysis: {
  "text_lines": []
}
2024-09-11 10:33:26,948 - INFO - Detected 0 text blocks
2024-09-11 10:33:26,948 - INFO - No text detected in group 1, skipping further analysis
2024-09-11 10:33:26,948 - INFO - Analyzing group 2 with 19 frames
2024-09-11 10:33:26,948 - INFO - Original frame size: 1440x1080
2024-09-11 10:33:26,949 - INFO - Resized frame for API: 512x384
2024-09-11 10:33:28,274 - INFO - GPT Analysis: {
  "text_lines": []
}
2024-09-11 10:33:28,274 - INFO - Detected 0 text blocks
2024-09-11 10:33:28,274 - INFO - No text detected in group 2, skipping further analysis
2024-09-11 10:33:28,275 - INFO - Analyzing group 3 with 24 frames
2024-09-11 10:33:28,275 - INFO - Original frame size: 1440x1080
2024-09-11 10:33:28,276 - INFO - Resized frame for API: 512x384
2024-09-11 10:33:29,603 - INFO - GPT Analysis: {
  "text_lines": []
}
2024-09-11 10:33:29,604 - INFO - Detected 0 text blocks
2024-09-11 10:33:29,604 - INFO - No text detected in group 3, skipping further analysis
2024-09-11 10:33:29,604 - INFO - Analyzing group 4 with 20 frames
2024-09-11 10:33:29,604 - INFO - Original frame size: 1440x1080
2024-09-11 10:33:29,604 - INFO - Resized frame for API: 512x384
2024-09-11 10:33:30,572 - INFO - GPT Analysis: {
  "text_lines": []
}
2024-09-11 10:33:30,572 - INFO - Detected 0 text blocks
2024-09-11 10:33:30,572 - INFO - No text detected in group 4, skipping further analysis
2024-09-11 10:33:30,572 - INFO - Analyzing group 5 with 15 frames
2024-09-11 10:33:30,572 - INFO - Original frame size: 1440x1080
2024-09-11 10:33:30,573 - INFO - Resized frame for API: 512x384
2024-09-11 10:33:31,844 - INFO - GPT Analysis: {
  "text_lines": []
}
2024-09-11 10:33:31,844 - INFO - Detected 0 text blocks
2024-09-11 10:33:31,844 - INFO - No text detected in group 5, skipping further analysis
2024-09-11 10:33:31,845 - INFO - Analyzing group 6 with 28 frames
2024-09-11 10:33:31,845 - INFO - Original frame size: 1440x1080
2024-09-11 10:33:31,845 - INFO - Resized frame for API: 512x384
2024-09-11 10:33:33,073 - INFO - GPT Analysis: {
  "text_lines": []
}
2024-09-11 10:33:33,073 - INFO - Detected 0 text blocks
2024-09-11 10:33:33,074 - INFO - No text detected in group 6, skipping further analysis
2024-09-11 10:33:33,074 - INFO - Analyzing group 7 with 45 frames
2024-09-11 10:33:33,074 - INFO - Original frame size: 1440x1080
2024-09-11 10:33:33,075 - INFO - Resized frame for API: 512x384
2024-09-11 10:33:35,257 - INFO - GPT Analysis: {
  "text_lines": []
}
2024-09-11 10:33:35,257 - INFO - Detected 0 text blocks
2024-09-11 10:33:35,258 - INFO - No text detected in group 7, skipping further analysis
2024-09-11 10:33:35,258 - INFO - Analyzing group 8 with 8 frames
2024-09-11 10:33:35,258 - INFO - Original frame size: 1440x1080
2024-09-11 10:33:35,259 - INFO - Resized frame for API: 512x384
2024-09-11 10:33:36,340 - INFO - GPT Analysis: {
  "text_lines": []
}
2024-09-11 10:33:36,341 - INFO - Detected 0 text blocks
2024-09-11 10:33:36,341 - INFO - No text detected in group 8, skipping further analysis
2024-09-11 10:33:36,341 - INFO - Analyzing group 9 with 305 frames
2024-09-11 10:33:36,341 - INFO - Original frame size: 1440x1080
2024-09-11 10:33:36,341 - INFO - Resized frame for API: 512x384
2024-09-11 10:33:45,971 - INFO - GPT Analysis: {
  "text_lines": [
    {
      "content": "You have lingered in stillness, but the pulse outside is growing louder. It's time.",
      "top_left_corner": {
        "x": 45,
        "y": 180
      },
      "bottom_right_corner": {
        "x": 470,
        "y": 205
      }
    },
    {
      "content": "The cave served its purpose, but now it threatens to swallow you whole.",
      "top_left_corner": {
        "x": 85,
        "y": 210
      },
      "bottom_right_corner": {
        "x": 470,
        "y": 235
      }
    }
  ]
}
2024-09-11 10:33:45,972 - INFO - Text block 1: Content: 'You have lingered in stillness, but the pulse outside is growing louder. It's time.', API position: [x=45, y=180, w=425, h=25]
2024-09-11 10:33:45,972 - INFO - Text block 2: Content: 'The cave served its purpose, but now it threatens to swallow you whole.', API position: [x=85, y=210, w=385, h=25]
2024-09-11 10:33:45,973 - INFO - Detected 2 text blocks
2024-09-11 10:33:45,973 - INFO - Original frame size: 1440x1080
2024-09-11 10:33:45,974 - INFO - Resized frame for API: 512x384
2024-09-11 10:33:51,125 - INFO - GPT Analysis: {
  "text_lines": [
    {
      "content": "You have lingered in stillness, but the pulse outside is growing louder. It's time.",
      "top_left_corner": {
        "x": 40,
        "y": 220
      },
      "bottom_right_corner": {
        "x": 472,
        "y": 245
      }
    },
    {
      "content": "The cave served its purpose, but now it threatens to swallow you whole.",
      "top_left_corner": {
        "x": 80,
        "y": 250
      },
      "bottom_right_corner": {
        "x": 465,
        "y": 275
      }
    }
  ]
}
2024-09-11 10:33:51,125 - INFO - Text block 1: Content: 'You have lingered in stillness, but the pulse outside is growing louder. It's time.', API position: [x=40, y=220, w=432, h=25]
2024-09-11 10:33:51,126 - INFO - Text block 2: Content: 'The cave served its purpose, but now it threatens to swallow you whole.', API position: [x=80, y=250, w=385, h=25]
2024-09-11 10:33:51,126 - INFO - Detected 2 text blocks
2024-09-11 10:33:51,126 - INFO - Analyzed frame 1/5 in group. Detected 2 text blocks.
2024-09-11 10:33:51,126 - INFO - Original frame size: 1440x1080
2024-09-11 10:33:51,127 - INFO - Resized frame for API: 512x384
2024-09-11 10:33:57,755 - INFO - GPT Analysis: {
  "text_lines": [
    {
      "content": "You have lingered in stillness, but the pulse outside is growing louder. It's time.",
      "top_left_corner": {
        "x": 50,
        "y": 200
      },
      "bottom_right_corner": {
        "x": 460,
        "y": 220
      }
    },
    {
      "content": "The cave served its purpose, but now it threatens to swallow you whole.",
      "top_left_corner": {
        "x": 60,
        "y": 220
      },
      "bottom_right_corner": {
        "x": 450,
        "y": 240
      }
    }
  ]
}
2024-09-11 10:33:57,756 - INFO - Text block 1: Content: 'You have lingered in stillness, but the pulse outside is growing louder. It's time.', API position: [x=50, y=200, w=410, h=20]
2024-09-11 10:33:57,756 - INFO - Text block 2: Content: 'The cave served its purpose, but now it threatens to swallow you whole.', API position: [x=60, y=220, w=390, h=20]
2024-09-11 10:33:57,756 - INFO - Detected 2 text blocks
2024-09-11 10:33:57,756 - INFO - Analyzed frame 77/5 in group. Detected 2 text blocks.
2024-09-11 10:33:57,756 - INFO - Original frame size: 1440x1080
2024-09-11 10:33:57,757 - INFO - Resized frame for API: 512x384
2024-09-11 10:34:01,839 - INFO - GPT Analysis: {
  "text_lines": [
    {
      "content": "You have lingered in stillness, but the pulse outside is growing louder. It's time.",
      "top_left_corner": {
        "x": 10,
        "y": 180
      },
      "bottom_right_corner": {
        "x": 500,
        "y": 210
      }
    },
    {
      "content": "The cave served its purpose, but now it threatens to swallow you whole.",
      "top_left_corner": {
        "x": 50,
        "y": 220
      },
      "bottom_right_corner": {
        "x": 500,
        "y": 250
      }
    }
  ]
}
2024-09-11 10:34:01,840 - INFO - Text block 1: Content: 'You have lingered in stillness, but the pulse outside is growing louder. It's time.', API position: [x=10, y=180, w=490, h=30]
2024-09-11 10:34:01,840 - INFO - Text block 2: Content: 'The cave served its purpose, but now it threatens to swallow you whole.', API position: [x=50, y=220, w=450, h=30]
2024-09-11 10:34:01,840 - INFO - Detected 2 text blocks
2024-09-11 10:34:01,840 - INFO - Analyzed frame 153/5 in group. Detected 2 text blocks.
2024-09-11 10:34:01,840 - INFO - Original frame size: 1440x1080
2024-09-11 10:34:01,841 - INFO - Resized frame for API: 512x384
2024-09-11 10:34:05,923 - INFO - GPT Analysis: {
  "text_lines": [
    {
      "content": "You have lingered in stillness, but the pulse outside is growing louder. It's time.",
      "top_left_corner": {
        "x": 35,
        "y": 220
      },
      "bottom_right_corner": {
        "x": 475,
        "y": 250
      }
    },
    {
      "content": "The cave served its purpose, but now it threatens to swallow you whole.",
      "top_left_corner": {
        "x": 38,
        "y": 260
      },
      "bottom_right_corner": {
        "x": 465,
        "y": 290
      }
    }
  ]
}
2024-09-11 10:34:05,924 - INFO - Text block 1: Content: 'You have lingered in stillness, but the pulse outside is growing louder. It's time.', API position: [x=35, y=220, w=440, h=30]
2024-09-11 10:34:05,924 - INFO - Text block 2: Content: 'The cave served its purpose, but now it threatens to swallow you whole.', API position: [x=38, y=260, w=427, h=30]
2024-09-11 10:34:05,924 - INFO - Detected 2 text blocks
2024-09-11 10:34:05,924 - INFO - Analyzed frame 229/5 in group. Detected 2 text blocks.
2024-09-11 10:34:05,924 - INFO - Original frame size: 1440x1080
2024-09-11 10:34:05,925 - INFO - Resized frame for API: 512x384
2024-09-11 10:34:10,348 - INFO - GPT Analysis: {
  "text_lines": [
    {
      "content": "You have lingered in stillness, but the pulse outside is growing louder. It's time.",
      "top_left_corner": {
        "x": 46,
        "y": 200
      },
      "bottom_right_corner": {
        "x": 474,
        "y": 230
      }
    },
    {
      "content": "The cave served its purpose, but now it threatens to swallow you whole.",
      "top_left_corner": {
        "x": 82,
        "y": 240
      },
      "bottom_right_corner": {
        "x": 473,
        "y": 268
      }
    }
  ]
}
2024-09-11 10:34:10,349 - INFO - Text block 1: Content: 'You have lingered in stillness, but the pulse outside is growing louder. It's time.', API position: [x=46, y=200, w=428, h=30]
2024-09-11 10:34:10,349 - INFO - Text block 2: Content: 'The cave served its purpose, but now it threatens to swallow you whole.', API position: [x=82, y=240, w=391, h=28]
2024-09-11 10:34:10,349 - INFO - Detected 2 text blocks
2024-09-11 10:34:10,349 - INFO - Analyzed frame 305/5 in group. Detected 2 text blocks.
2024-09-11 10:34:10,349 - INFO - Averaged text block: 'You have lingered in stillness, but the pulse outside is growing louder. It's time.', Position: x=36, y=204, w=440, h=27
2024-09-11 10:34:10,350 - INFO - Averaged text block: 'The cave served its purpose, but now it threatens to swallow you whole.', Position: x=62, y=238, w=408, h=26
2024-09-11 10:34:10,350 - INFO - Total averaged text blocks: 2
2024-09-11 10:34:11,696 - INFO - Original text: You have lingered in stillness, but the pulse outside is growing louder. It's time.
2024-09-11 10:34:11,696 - INFO - Translated text: Ты задержался в тишине, но пульс снаружи становится всё громче. Пора.
2024-09-11 10:34:12,465 - INFO - Original text: The cave served its purpose, but now it threatens to swallow you whole.
2024-09-11 10:34:12,466 - INFO - Translated text: Пещера выполнила свою задачу, но теперь она грозит поглотить тебя целиком.
2024-09-11 10:34:12,466 - INFO - Processed text block: Original: 'You have lingered in stillness, but the pulse outside is growing louder. It's time.', Translated: 'Ты задержался в тишине, но пульс снаружи становится всё громче. Пора.', Position: [x=0, y=551, w=1440, h=90]
2024-09-11 10:34:12,466 - INFO - Processed text block: Original: 'The cave served its purpose, but now it threatens to swallow you whole.', Translated: 'Пещера выполнила свою задачу, но теперь она грозит поглотить тебя целиком.', Position: [x=60, y=648, w=1376, h=87]
2024-09-11 10:34:12,466 - INFO - Group 9: Processed 1 unique text block with averaged position
2024-09-11 10:34:12,466 - INFO - Analyzing group 10 with 256 frames
2024-09-11 10:34:12,466 - INFO - Original frame size: 1440x1080
2024-09-11 10:34:12,467 - INFO - Resized frame for API: 512x384
2024-09-11 10:34:28,667 - INFO - GPT Analysis: {
  "text_lines": [
    {
      "content": "Do not fear the light, nor the cold wind that greets you. They are not",
      "top_left_corner": {
        "x": 55,
        "y": 100
      },
      "bottom_right_corner": {
        "x": 455,
        "y": 125
      }
    },
    {
      "content": "enemies. They are the forces you must ride. The forces that will carry you",
      "top_left_corner": {
        "x": 55,
        "y": 130
      },
      "bottom_right_corner": {
        "x": 455,
        "y": 155
      }
    },
    {
      "content": "further than your patience ever could.",
      "top_left_corner": {
        "x": 55,
        "y": 160
      },
      "bottom_right_corner": {
        "x": 455,
        "y": 185
      }
    },
    {
      "content": "One step... then another. You were never meant to stay.",
      "top_left_corner": {
        "x": 55,
        "y": 210
      },
      "bottom_right_corner": {
        "x": 455,
        "y": 235
      }
    }
  ]
}
2024-09-11 10:34:28,667 - INFO - Text block 1: Content: 'Do not fear the light, nor the cold wind that greets you. They are not', API position: [x=55, y=100, w=400, h=25]
2024-09-11 10:34:28,667 - INFO - Text block 2: Content: 'enemies. They are the forces you must ride. The forces that will carry you', API position: [x=55, y=130, w=400, h=25]
2024-09-11 10:34:28,668 - INFO - Text block 3: Content: 'further than your patience ever could.', API position: [x=55, y=160, w=400, h=25]
2024-09-11 10:34:28,668 - INFO - Text block 4: Content: 'One step... then another. You were never meant to stay.', API position: [x=55, y=210, w=400, h=25]
2024-09-11 10:34:28,668 - INFO - Detected 4 text blocks
2024-09-11 10:34:28,668 - INFO - Original frame size: 1440x1080
2024-09-11 10:34:28,668 - INFO - Resized frame for API: 512x384
2024-09-11 10:34:37,373 - INFO - GPT Analysis: {
  "text_lines": [
    {
      "content": "Do not fear the light, nor the cold wind that greets you. They are not",
      "top_left_corner": {
        "x": 35,
        "y": 160
      },
      "bottom_right_corner": {
        "x": 481,
        "y": 180
      }
    },
    {
      "content": "enemies. They are the forces you must ride. The forces that will carry you",
      "top_left_corner": {
        "x": 35,
        "y": 185
      },
      "bottom_right_corner": {
        "x": 481,
        "y": 205
      }
    },
    {
      "content": "further than your patience ever could.",
      "top_left_corner": {
        "x": 35,
        "y": 210
      },
      "bottom_right_corner": {
        "x": 481,
        "y": 230
      }
    },
    {
      "content": "One step... then another. You were never meant to stay.",
      "top_left_corner": {
        "x": 35,
        "y": 235
      },
      "bottom_right_corner": {
        "x": 481,
        "y": 255
      }
    }
  ]
}
2024-09-11 10:34:37,374 - INFO - Text block 1: Content: 'Do not fear the light, nor the cold wind that greets you. They are not', API position: [x=35, y=160, w=446, h=20]
2024-09-11 10:34:37,374 - INFO - Text block 2: Content: 'enemies. They are the forces you must ride. The forces that will carry you', API position: [x=35, y=185, w=446, h=20]
2024-09-11 10:34:37,374 - INFO - Text block 3: Content: 'further than your patience ever could.', API position: [x=35, y=210, w=446, h=20]
2024-09-11 10:34:37,374 - INFO - Text block 4: Content: 'One step... then another. You were never meant to stay.', API position: [x=35, y=235, w=446, h=20]
2024-09-11 10:34:37,374 - INFO - Detected 4 text blocks
2024-09-11 10:34:37,375 - INFO - Analyzed frame 1/5 in group. Detected 4 text blocks.
2024-09-11 10:34:37,375 - INFO - Original frame size: 1440x1080
2024-09-11 10:34:37,376 - INFO - Resized frame for API: 512x384
2024-09-11 10:34:43,598 - INFO - GPT Analysis: {
  "text_lines": [
    {
      "content": "Do not fear the light, nor the cold wind that greets you. They are not",
      "top_left_corner": {
        "x": 30,
        "y": 190
      },
      "bottom_right_corner": {
        "x": 485,
        "y": 215
      }
    },
    {
      "content": "enemies. They are the forces you must ride. The forces that will carry you",
      "top_left_corner": {
        "x": 40,
        "y": 220
      },
      "bottom_right_corner": {
        "x": 485,
        "y": 245
      }
    },
    {
      "content": "further than your patience ever could.",
      "top_left_corner": {
        "x": 145,
        "y": 250
      },
      "bottom_right_corner": {
        "x": 450,
        "y": 275
      }
    },
    {
      "content": "One step... then another. You were never meant to stay.",
      "top_left_corner": {
        "x": 115,
        "y": 290
      },
      "bottom_right_corner": {
        "x": 470,
        "y": 315
      }
    }
  ]
}
2024-09-11 10:34:43,598 - INFO - Text block 1: Content: 'Do not fear the light, nor the cold wind that greets you. They are not', API position: [x=30, y=190, w=455, h=25]
2024-09-11 10:34:43,598 - INFO - Text block 2: Content: 'enemies. They are the forces you must ride. The forces that will carry you', API position: [x=40, y=220, w=445, h=25]
2024-09-11 10:34:43,599 - INFO - Text block 3: Content: 'further than your patience ever could.', API position: [x=145, y=250, w=305, h=25]
2024-09-11 10:34:43,599 - INFO - Text block 4: Content: 'One step... then another. You were never meant to stay.', API position: [x=115, y=290, w=355, h=25]
2024-09-11 10:34:43,599 - INFO - Detected 4 text blocks
2024-09-11 10:34:43,599 - INFO - Analyzed frame 64/5 in group. Detected 4 text blocks.
2024-09-11 10:34:43,599 - INFO - Original frame size: 1440x1080
2024-09-11 10:34:43,600 - INFO - Resized frame for API: 512x384
2024-09-11 10:34:49,335 - INFO - GPT Analysis: {
  "text_lines": [
    {
      "content": "Do not fear the light, nor the cold wind that greets you. They are not",
      "top_left_corner": {
        "x": 50,
        "y": 100
      },
      "bottom_right_corner": {
        "x": 460,
        "y": 130
      }
    },
    {
      "content": "enemies. They are the forces you must ride. The forces that will carry you",
      "top_left_corner": {
        "x": 50,
        "y": 140
      },
      "bottom_right_corner": {
        "x": 460,
        "y": 170
      }
    },
    {
      "content": "further than your patience ever could.",
      "top_left_corner": {
        "x": 50,
        "y": 180
      },
      "bottom_right_corner": {
        "x": 460,
        "y": 210
      }
    },
    {
      "content": "One step... then another. You were never meant to stay.",
      "top_left_corner": {
        "x": 50,
        "y": 230
      },
      "bottom_right_corner": {
        "x": 460,
        "y": 260
      }
    }
  ]
}
2024-09-11 10:34:49,336 - INFO - Text block 1: Content: 'Do not fear the light, nor the cold wind that greets you. They are not', API position: [x=50, y=100, w=410, h=30]
2024-09-11 10:34:49,336 - INFO - Text block 2: Content: 'enemies. They are the forces you must ride. The forces that will carry you', API position: [x=50, y=140, w=410, h=30]
2024-09-11 10:34:49,336 - INFO - Text block 3: Content: 'further than your patience ever could.', API position: [x=50, y=180, w=410, h=30]
2024-09-11 10:34:49,336 - INFO - Text block 4: Content: 'One step... then another. You were never meant to stay.', API position: [x=50, y=230, w=410, h=30]
2024-09-11 10:34:49,336 - INFO - Detected 4 text blocks
2024-09-11 10:34:49,336 - INFO - Analyzed frame 128/5 in group. Detected 4 text blocks.
2024-09-11 10:34:49,336 - INFO - Original frame size: 1440x1080
2024-09-11 10:34:49,337 - INFO - Resized frame for API: 512x384
2024-09-11 10:34:56,449 - INFO - GPT Analysis: {
  "text_lines": [
    {
      "content": "Do not fear the light, nor the cold wind that greets you. They are not",
      "top_left_corner": {
        "x": 40,
        "y": 150
      },
      "bottom_right_corner": {
        "x": 470,
        "y": 175
      }
    },
    {
      "content": "enemies. They are the forces you must ride. The forces that will carry you",
      "top_left_corner": {
        "x": 40,
        "y": 180
      },
      "bottom_right_corner": {
        "x": 470,
        "y": 205
      }
    },
    {
      "content": "further than your patience ever could.",
      "top_left_corner": {
        "x": 40,
        "y": 210
      },
      "bottom_right_corner": {
        "x": 470,
        "y": 235
      }
    },
    {
      "content": "One step... then another. You were never meant to stay.",
      "top_left_corner": {
        "x": 40,
        "y": 240
      },
      "bottom_right_corner": {
        "x": 470,
        "y": 265
      }
    }
  ]
}
2024-09-11 10:34:56,449 - INFO - Text block 1: Content: 'Do not fear the light, nor the cold wind that greets you. They are not', API position: [x=40, y=150, w=430, h=25]
2024-09-11 10:34:56,449 - INFO - Text block 2: Content: 'enemies. They are the forces you must ride. The forces that will carry you', API position: [x=40, y=180, w=430, h=25]
2024-09-11 10:34:56,449 - INFO - Text block 3: Content: 'further than your patience ever could.', API position: [x=40, y=210, w=430, h=25]
2024-09-11 10:34:56,449 - INFO - Text block 4: Content: 'One step... then another. You were never meant to stay.', API position: [x=40, y=240, w=430, h=25]
2024-09-11 10:34:56,449 - INFO - Detected 4 text blocks
2024-09-11 10:34:56,450 - INFO - Analyzed frame 192/5 in group. Detected 4 text blocks.
2024-09-11 10:34:56,450 - INFO - Original frame size: 1440x1080
2024-09-11 10:34:56,450 - INFO - Resized frame for API: 512x384
2024-09-11 10:35:07,651 - INFO - GPT Analysis: {
  "text_lines": [
    {
      "content": "Do not fear the light, nor the cold wind that greets you. They are not",
      "top_left_corner": {
        "x": 10,
        "y": 100
      },
      "bottom_right_corner": {
        "x": 490,
        "y": 120
      }
    },
    {
      "content": "enemies. They are the forces you must ride. The forces that will carry you",
      "top_left_corner": {
        "x": 10,
        "y": 130
      },
      "bottom_right_corner": {
        "x": 490,
        "y": 150
      }
    },
    {
      "content": "further than your patience ever could.",
      "top_left_corner": {
        "x": 10,
        "y": 160
      },
      "bottom_right_corner": {
        "x": 490,
        "y": 180
      }
    },
    {
      "content": "One step... then another. You were never meant to stay.",
      "top_left_corner": {
        "x": 10,
        "y": 200
      },
      "bottom_right_corner": {
        "x": 490,
        "y": 220
      }
    }
  ]
}
2024-09-11 10:35:07,652 - INFO - Text block 1: Content: 'Do not fear the light, nor the cold wind that greets you. They are not', API position: [x=10, y=100, w=480, h=20]
2024-09-11 10:35:07,652 - INFO - Text block 2: Content: 'enemies. They are the forces you must ride. The forces that will carry you', API position: [x=10, y=130, w=480, h=20]
2024-09-11 10:35:07,652 - INFO - Text block 3: Content: 'further than your patience ever could.', API position: [x=10, y=160, w=480, h=20]
2024-09-11 10:35:07,652 - INFO - Text block 4: Content: 'One step... then another. You were never meant to stay.', API position: [x=10, y=200, w=480, h=20]
2024-09-11 10:35:07,652 - INFO - Detected 4 text blocks
2024-09-11 10:35:07,652 - INFO - Analyzed frame 256/5 in group. Detected 4 text blocks.
2024-09-11 10:35:07,652 - INFO - Averaged text block: 'Do not fear the light, nor the cold wind that greets you. They are not', Position: x=33, y=140, w=444, h=24
2024-09-11 10:35:07,653 - INFO - Averaged text block: 'enemies. They are the forces you must ride. The forces that will carry you', Position: x=35, y=171, w=442, h=24
2024-09-11 10:35:07,653 - INFO - Averaged text block: 'further than your patience ever could.', Position: x=56, y=202, w=414, h=24
2024-09-11 10:35:07,653 - INFO - Averaged text block: 'One step... then another. You were never meant to stay.', Position: x=50, y=239, w=424, h=24
2024-09-11 10:35:07,653 - INFO - Total averaged text blocks: 4
2024-09-11 10:35:08,648 - INFO - Original text: Do not fear the light, nor the cold wind that greets you. They are not
2024-09-11 10:35:08,648 - INFO - Translated text: Не бойся света, ни холодного ветра, который встречает тебя. Они не
2024-09-11 10:35:09,413 - INFO - Original text: One step... then another. You were never meant to stay.
2024-09-11 10:35:09,413 - INFO - Translated text: Один шаг... затем другой. Ты никогда не должен был оставаться.
2024-09-11 10:35:10,755 - INFO - Original text: further than your patience ever could.
2024-09-11 10:35:10,755 - INFO - Translated text: дальше, чем твое терпение когда-либо могло.
2024-09-11 10:35:11,551 - INFO - Original text: enemies. They are the forces you must ride. The forces that will carry you
2024-09-11 10:35:11,551 - INFO - Translated text: враги. Это силы, на которых ты должен ехать. Силы, которые понесут тебя.
2024-09-11 10:35:11,551 - INFO - Processed text block: Original: 'Do not fear the light, nor the cold wind that greets you. They are not', Translated: 'Не бойся света, ни холодного ветра, который встречает тебя. Они не', Position: [x=0, y=374, w=1440, h=80]
2024-09-11 10:35:11,551 - INFO - Processed text block: Original: 'enemies. They are the forces you must ride. The forces that will carry you', Translated: 'враги. Это силы, на которых ты должен ехать. Силы, которые понесут тебя.', Position: [x=0, y=461, w=1440, h=80]
2024-09-11 10:35:11,552 - INFO - Processed text block: Original: 'further than your patience ever could.', Translated: 'дальше, чем твое терпение когда-либо могло.', Position: [x=41, y=549, w=1396, h=80]
2024-09-11 10:35:11,552 - INFO - Processed text block: Original: 'One step... then another. You were never meant to stay.', Translated: 'Один шаг... затем другой. Ты никогда не должен был оставаться.', Position: [x=10, y=653, w=1430, h=80]
2024-09-11 10:35:11,552 - INFO - Group 10: Processed 1 unique text block with averaged position
2024-09-11 10:35:11,552 - INFO - Creating output video...
2024-09-11 10:35:11,565 - INFO - No translation for group 1
2024-09-11 10:35:11,716 - INFO - Processed group 1, total frames: 14/734
2024-09-11 10:35:11,716 - INFO - No translation for group 2
2024-09-11 10:35:11,890 - INFO - Processed group 2, total frames: 33/734
2024-09-11 10:35:11,890 - INFO - No translation for group 3
2024-09-11 10:35:12,115 - INFO - Processed group 3, total frames: 57/734
2024-09-11 10:35:12,115 - INFO - No translation for group 4
2024-09-11 10:35:12,309 - INFO - Processed group 4, total frames: 77/734
2024-09-11 10:35:12,309 - INFO - No translation for group 5
2024-09-11 10:35:12,460 - INFO - Processed group 5, total frames: 92/734
2024-09-11 10:35:12,460 - INFO - No translation for group 6
2024-09-11 10:35:12,826 - INFO - Processed group 6, total frames: 120/734
2024-09-11 10:35:12,827 - INFO - No translation for group 7
2024-09-11 10:35:13,309 - INFO - Processed group 7, total frames: 165/734
2024-09-11 10:35:13,309 - INFO - No translation for group 8
2024-09-11 10:35:13,377 - INFO - Processed group 8, total frames: 173/734
2024-09-11 10:35:13,380 - INFO - Frame size for translation: 1440x1080
2024-09-11 10:35:13,436 - INFO - Text block before drawing:
2024-09-11 10:35:13,436 - INFO -   Original: You have lingered in stillness, but the pulse outside is growing louder. It's time.
2024-09-11 10:35:13,437 - INFO -   Translated: Ты задержался в тишине, но пульс снаружи становится всё громче. Пора.
2024-09-11 10:35:13,437 - INFO -   Position: x=30, y=599, w=1408, h=88
2024-09-11 10:35:13,468 - INFO - Text block translation:
2024-09-11 10:35:13,469 - INFO -   Original: You have lingered in stillness, but the pulse outside is growing louder. It's time.
2024-09-11 10:35:13,469 - INFO -   Translated: Ты задержался в тишине, но пульс снаружи становится всё громче. Пора.
2024-09-11 10:35:13,469 - INFO -   Original position: x=30, y=599, w=1408, h=88
2024-09-11 10:35:13,469 - INFO -   Translated text size: w=1403, h=36
2024-09-11 10:35:13,469 - INFO -   Translated text position: x=32, y=625
2024-09-11 10:35:13,470 - INFO - Created translated frame for group 9
2024-09-11 10:35:16,111 - INFO - Processed group 9, total frames: 478/734
2024-09-11 10:35:16,112 - INFO - Frame size for translation: 1440x1080
2024-09-11 10:35:16,171 - INFO - Text block before drawing:
2024-09-11 10:35:16,171 - INFO -   Original: Do not fear the light, nor the cold wind that greets you. They are not
2024-09-11 10:35:16,171 - INFO -   Translated: Не бойся света, ни холодного ветра, который встречает тебя. Они не
2024-09-11 10:35:16,171 - INFO -   Position: x=12, y=509, w=1426, h=80
2024-09-11 10:35:16,195 - INFO - Text block translation:
2024-09-11 10:35:16,195 - INFO -   Original: Do not fear the light, nor the cold wind that greets you. They are not
2024-09-11 10:35:16,195 - INFO -   Translated: Не бойся света, ни холодного ветра, который встречает тебя. Они не
2024-09-11 10:35:16,195 - INFO -   Original position: x=12, y=509, w=1426, h=80
2024-09-11 10:35:16,195 - INFO -   Translated text size: w=1408, h=40
2024-09-11 10:35:16,195 - INFO -   Translated text position: x=21, y=529
2024-09-11 10:35:16,196 - INFO - Created translated frame for group 10
2024-09-11 10:35:18,281 - INFO - Processed group 10, total frames: 734/734
2024-09-11 10:35:18,282 - INFO - Adding audio to the output video...
2024-09-11 10:35:30,529 - INFO - Video processing complete!
