2024-09-11 06:47:00,459 - INFO - Starting video processing for tmp/sample1.mp4
2024-09-11 06:47:00,507 - INFO - Grouping frame 0/734
2024-09-11 06:47:01,637 - INFO - Grouping frame 100/734
2024-09-11 06:47:02,781 - INFO - Grouping frame 200/734
2024-09-11 06:47:03,844 - INFO - Grouping frame 300/734
2024-09-11 06:47:04,906 - INFO - Grouping frame 400/734
2024-09-11 06:47:05,930 - INFO - Grouping frame 500/734
2024-09-11 06:47:06,921 - INFO - Grouping frame 600/734
2024-09-11 06:47:07,987 - INFO - Grouping frame 700/734
2024-09-11 06:47:08,318 - INFO - Grouped frames into 10 groups
2024-09-11 06:47:08,329 - INFO - Original video dimensions: 1440x1080
2024-09-11 06:47:08,329 - INFO - Analyzing group 1 with 14 frames
2024-09-11 06:47:08,330 - INFO - Original frame size: 1440x1080
2024-09-11 06:47:08,330 - INFO - Resized frame for API: 512x384
2024-09-11 06:47:09,602 - INFO - GPT Analysis: {
  "text": "No text"
}
2024-09-11 06:47:09,602 - WARNING - No valid text blocks were extracted from the analysis
2024-09-11 06:47:13,607 - INFO - Original frame size: 1440x1080
2024-09-11 06:47:13,608 - INFO - Resized frame for API: 512x384
2024-09-11 06:47:15,320 - INFO - GPT Analysis: {
  "text": "No text"
}
2024-09-11 06:47:15,320 - WARNING - No valid text blocks were extracted from the analysis
2024-09-11 06:47:19,325 - INFO - Original frame size: 1440x1080
2024-09-11 06:47:19,328 - INFO - Resized frame for API: 512x384
2024-09-11 06:47:20,592 - INFO - GPT Analysis: {
  "text": "No text"
}
2024-09-11 06:47:20,593 - WARNING - No valid text blocks were extracted from the analysis
2024-09-11 06:47:20,593 - ERROR - Error processing group 1, attempt 1: RetryError[<Future at 0x7fd8f298ae30 state=finished raised ValueError>]
2024-09-11 06:47:21,594 - INFO - Original frame size: 1440x1080
2024-09-11 06:47:21,595 - INFO - Resized frame for API: 512x384
2024-09-11 06:47:23,102 - INFO - GPT Analysis: {
  "text": "No text"
}
2024-09-11 06:47:23,102 - WARNING - No valid text blocks were extracted from the analysis
2024-09-11 06:47:27,107 - INFO - Original frame size: 1440x1080
2024-09-11 06:47:27,108 - INFO - Resized frame for API: 512x384
2024-09-11 06:47:28,192 - INFO - GPT Analysis: {
  "text": "No text"
}
2024-09-11 06:47:28,193 - WARNING - No valid text blocks were extracted from the analysis
2024-09-11 06:47:32,197 - INFO - Original frame size: 1440x1080
2024-09-11 06:47:32,198 - INFO - Resized frame for API: 512x384
2024-09-11 06:47:33,240 - INFO - GPT Analysis: {
  "text": "No text"
}
2024-09-11 06:47:33,240 - WARNING - No valid text blocks were extracted from the analysis
2024-09-11 06:47:33,240 - ERROR - Error processing group 1, attempt 2: RetryError[<Future at 0x7fd8f29964d0 state=finished raised ValueError>]
2024-09-11 06:47:35,243 - INFO - Original frame size: 1440x1080
2024-09-11 06:47:35,244 - INFO - Resized frame for API: 512x384
2024-09-11 06:47:36,388 - INFO - GPT Analysis: {
  "text": "No text"
}
2024-09-11 06:47:36,389 - WARNING - No valid text blocks were extracted from the analysis
2024-09-11 06:47:40,394 - INFO - Original frame size: 1440x1080
2024-09-11 06:47:40,395 - INFO - Resized frame for API: 512x384
2024-09-11 06:47:42,702 - INFO - GPT Analysis: {
  "text": "No text"
}
2024-09-11 06:47:42,703 - WARNING - No valid text blocks were extracted from the analysis
2024-09-11 06:47:46,705 - INFO - Original frame size: 1440x1080
2024-09-11 06:47:46,706 - INFO - Resized frame for API: 512x384
2024-09-11 06:47:47,636 - INFO - GPT Analysis: {
  "text": "No text"
}
2024-09-11 06:47:47,637 - WARNING - No valid text blocks were extracted from the analysis
2024-09-11 06:47:47,637 - ERROR - Error processing group 1, attempt 3: RetryError[<Future at 0x7fd8f29a5ae0 state=finished raised ValueError>]
2024-09-11 06:47:47,637 - ERROR - Max retries reached for group 1, skipping...
2024-09-11 06:47:47,640 - INFO - Analyzing group 2 with 19 frames
2024-09-11 06:47:47,641 - INFO - Original frame size: 1440x1080
2024-09-11 06:47:47,642 - INFO - Resized frame for API: 512x384
2024-09-11 06:47:48,916 - INFO - GPT Analysis: {
  "text": "No text"
}
2024-09-11 06:47:48,916 - WARNING - No valid text blocks were extracted from the analysis
2024-09-11 06:47:52,921 - INFO - Original frame size: 1440x1080
2024-09-11 06:47:52,922 - INFO - Resized frame for API: 512x384
2024-09-11 06:47:55,479 - INFO - GPT Analysis: {
  "text": "No text"
}
2024-09-11 06:47:55,480 - WARNING - No valid text blocks were extracted from the analysis
