2024-09-11 06:51:58,576 - INFO - Starting video processing for tmp/sample1.mp4
2024-09-11 06:51:58,626 - INFO - Grouping frame 0/734
2024-09-11 06:51:59,710 - INFO - Grouping frame 100/734
2024-09-11 06:52:00,846 - INFO - Grouping frame 200/734
2024-09-11 06:52:01,974 - INFO - Grouping frame 300/734
2024-09-11 06:52:03,138 - INFO - Grouping frame 400/734
2024-09-11 06:52:04,264 - INFO - Grouping frame 500/734
2024-09-11 06:52:05,420 - INFO - Grouping frame 600/734
2024-09-11 06:52:06,600 - INFO - Grouping frame 700/734
2024-09-11 06:52:06,946 - INFO - Grouped frames into 10 groups
2024-09-11 06:52:06,955 - INFO - Original video dimensions: 1440x1080
2024-09-11 06:52:06,956 - INFO - Analyzing group 1 with 14 frames
2024-09-11 06:52:06,956 - INFO - Original frame size: 1440x1080
2024-09-11 06:52:06,956 - INFO - Resized frame for API: 512x384
2024-09-11 06:52:10,390 - INFO - GPT Analysis: {
  "text": "No text"
}
2024-09-11 06:52:10,390 - INFO - Detected 0 text blocks
2024-09-11 06:52:10,390 - INFO - No text detected in group 1
2024-09-11 06:52:10,390 - INFO - Analyzing group 2 with 19 frames
2024-09-11 06:52:10,390 - INFO - Original frame size: 1440x1080
2024-09-11 06:52:10,391 - INFO - Resized frame for API: 512x384
2024-09-11 06:52:14,816 - INFO - GPT Analysis: {
  "text": "No text"
}
2024-09-11 06:52:14,816 - INFO - Detected 0 text blocks
2024-09-11 06:52:14,816 - INFO - No text detected in group 2
2024-09-11 06:52:14,816 - INFO - Analyzing group 3 with 24 frames
2024-09-11 06:52:14,816 - INFO - Original frame size: 1440x1080
2024-09-11 06:52:14,817 - INFO - Resized frame for API: 512x384
2024-09-11 06:52:17,238 - INFO - GPT Analysis: {
  "text": "No text"
}
2024-09-11 06:52:17,239 - INFO - Detected 0 text blocks
2024-09-11 06:52:17,239 - INFO - No text detected in group 3
2024-09-11 06:52:17,239 - INFO - Analyzing group 4 with 20 frames
2024-09-11 06:52:17,239 - INFO - Original frame size: 1440x1080
2024-09-11 06:52:17,240 - INFO - Resized frame for API: 512x384
2024-09-11 06:52:18,635 - INFO - GPT Analysis: {
  "text": "No text"
}
2024-09-11 06:52:18,635 - INFO - Detected 0 text blocks
2024-09-11 06:52:18,636 - INFO - No text detected in group 4
2024-09-11 06:52:18,636 - INFO - Analyzing group 5 with 15 frames
2024-09-11 06:52:18,636 - INFO - Original frame size: 1440x1080
2024-09-11 06:52:18,636 - INFO - Resized frame for API: 512x384
2024-09-11 06:52:20,350 - INFO - GPT Analysis: {
  "text": "No text"
}
2024-09-11 06:52:20,350 - INFO - Detected 0 text blocks
2024-09-11 06:52:20,351 - INFO - No text detected in group 5
2024-09-11 06:52:20,351 - INFO - Analyzing group 6 with 28 frames
2024-09-11 06:52:20,351 - INFO - Original frame size: 1440x1080
2024-09-11 06:52:20,351 - INFO - Resized frame for API: 512x384
2024-09-11 06:52:22,997 - INFO - GPT Analysis: {
  "text": "No text"
}
2024-09-11 06:52:22,997 - INFO - Detected 0 text blocks
2024-09-11 06:52:22,997 - INFO - No text detected in group 6
2024-09-11 06:52:22,997 - INFO - Analyzing group 7 with 45 frames
2024-09-11 06:52:22,997 - INFO - Original frame size: 1440x1080
2024-09-11 06:52:22,998 - INFO - Resized frame for API: 512x384
2024-09-11 06:52:25,778 - INFO - GPT Analysis: {
  "text": "No text"
}
2024-09-11 06:52:25,779 - INFO - Detected 0 text blocks
2024-09-11 06:52:25,779 - INFO - No text detected in group 7
2024-09-11 06:52:25,779 - INFO - Analyzing group 8 with 8 frames
2024-09-11 06:52:25,779 - INFO - Original frame size: 1440x1080
2024-09-11 06:52:25,780 - INFO - Resized frame for API: 512x384
2024-09-11 06:52:29,583 - INFO - GPT Analysis: {
  "result": "No text"
}
2024-09-11 06:52:29,583 - INFO - Detected 0 text blocks
2024-09-11 06:52:29,583 - INFO - No text detected in group 8
2024-09-11 06:52:29,583 - INFO - Analyzing group 9 with 305 frames
2024-09-11 06:52:29,583 - INFO - Original frame size: 1440x1080
2024-09-11 06:52:29,584 - INFO - Resized frame for API: 512x384
2024-09-11 06:52:33,917 - INFO - GPT Analysis: {
  "lines": [
    {
      "content": "You have lingered in stillness, but the pulse outside is growing louder. It's time.",
      "coordinates": {
        "x": 25,
        "y": 162
      },
      "width": 460,
      "height": 20
    },
    {
      "content": "The cave served its purpose, but now it threatens to swallow you whole.",
      "coordinates": {
        "x": 55,
        "y": 183
      },
      "width": 408,
      "height": 20
    }
  ]
}
2024-09-11 06:52:33,917 - INFO - Detected 0 text blocks
2024-09-11 06:52:33,918 - INFO - No text detected in group 9
2024-09-11 06:52:33,918 - INFO - Analyzing group 10 with 256 frames
2024-09-11 06:52:33,918 - INFO - Original frame size: 1440x1080
2024-09-11 06:52:33,919 - INFO - Resized frame for API: 512x384
2024-09-11 06:52:39,400 - INFO - GPT Analysis: {
  "text": [
    {
      "content": "Do not fear the light, nor the cold wind that greets you.",
      "top_left_corner": [
        40,
        150
      ],
      "width": 420,
      "height": 20
    },
    {
      "content": "They are not enemies. They are the forces you must ride.",
      "top_left_corner": [
        40,
        175
      ],
      "width": 405,
      "height": 20
    },
    {
      "content": "The forces that will carry you further than your patience ever could.",
      "top_left_corner": [
        40,
        200
      ],
      "width": 520,
      "height": 20
    },
    {
      "content": "One step. . . then another. You were never meant to stay.",
      "top_left_corner": [
        120,
        250
      ],
      "width": 420,
      "height": 20
    }
  ]
}
2024-09-11 06:52:39,400 - INFO - Single text block: Content: '[{'content': 'Do not fear the light, nor the cold wind that greets you.', 'top_left_corner': [40, 150], 'width': 420, 'height': 20}, {'content': 'They are not enemies. They are the forces you must ride.', 'top_left_corner': [40, 175], 'width': 405, 'height': 20}, {'content': 'The forces that will carry you further than your patience ever could.', 'top_left_corner': [40, 200], 'width': 520, 'height': 20}, {'content': 'One step. . . then another. You were never meant to stay.', 'top_left_corner': [120, 250], 'width': 420, 'height': 20}]', Position: [0, 0, 512, 384]
2024-09-11 06:52:39,400 - INFO - Detected 1 text blocks
2024-09-11 06:52:39,400 - INFO - Original frame size: 1440x1080
2024-09-11 06:52:39,401 - INFO - Resized frame for API: 512x384
2024-09-11 06:52:45,568 - INFO - GPT Analysis: {
  "text": [
    {
      "content": "Do not fear the light, nor the cold wind that greets you.",
      "coordinates": {
        "x": 70,
        "y": 140
      },
      "dimensions": {
        "width": 380,
        "height": 20
      }
    },
    {
      "content": "They are not enemies. They are the forces you must ride.",
      "coordinates": {
        "x": 90,
        "y": 170
      },
      "dimensions": {
        "width": 400,
        "height": 20
      }
    },
    {
      "content": "The forces that will carry you further than your patience ever could.",
      "coordinates": {
        "x": 55,
        "y": 200
      },
      "dimensions": {
        "width": 420,
        "height": 20
      }
    },
    {
      "content": "One step... then another. You were never meant to stay.",
      "coordinates": {
        "x": 90,
        "y": 250
      },
      "dimensions": {
        "width": 380,
        "height": 20
      }
    }
  ]
}
2024-09-11 06:52:45,568 - INFO - Single text block: Content: '[{'content': 'Do not fear the light, nor the cold wind that greets you.', 'coordinates': {'x': 70, 'y': 140}, 'dimensions': {'width': 380, 'height': 20}}, {'content': 'They are not enemies. They are the forces you must ride.', 'coordinates': {'x': 90, 'y': 170}, 'dimensions': {'width': 400, 'height': 20}}, {'content': 'The forces that will carry you further than your patience ever could.', 'coordinates': {'x': 55, 'y': 200}, 'dimensions': {'width': 420, 'height': 20}}, {'content': 'One step... then another. You were never meant to stay.', 'coordinates': {'x': 90, 'y': 250}, 'dimensions': {'width': 380, 'height': 20}}]', Position: [0, 0, 512, 384]
2024-09-11 06:52:45,568 - INFO - Detected 1 text blocks
2024-09-11 06:52:45,569 - INFO - Analyzed frame 1/5 in group. Detected 1 text blocks.
2024-09-11 06:52:45,569 - INFO - Original frame size: 1440x1080
2024-09-11 06:52:45,570 - INFO - Resized frame for API: 512x384
2024-09-11 06:52:56,659 - INFO - GPT Analysis: {
  "lines": [
    {
      "content": "Do not fear the light, nor the cold wind that greets you.",
      "coordinates": {
        "x": 50,
        "y": 150
      },
      "width": 420,
      "height": 25
    },
    {
      "content": "They are not enemies. They are the forces you must ride.",
      "coordinates": {
        "x": 50,
        "y": 180
      },
      "width": 420,
      "height": 25
    },
    {
      "content": "The forces that will carry you further than your patience ever could.",
      "coordinates": {
        "x": 50,
        "y": 210
      },
      "width": 460,
      "height": 25
    },
    {
      "content": "One step... then another. You were never meant to stay.",
      "coordinates": {
        "x": 50,
        "y": 250
      },
      "width": 420,
      "height": 25
    }
  ]
}
2024-09-11 06:52:56,659 - INFO - Detected 0 text blocks
2024-09-11 06:52:56,659 - INFO - Analyzed frame 64/5 in group. Detected 0 text blocks.
2024-09-11 06:52:56,659 - INFO - Original frame size: 1440x1080
2024-09-11 06:52:56,660 - INFO - Resized frame for API: 512x384
2024-09-11 06:53:09,645 - INFO - GPT Analysis: {
  "lines": [
    {
      "content": "Do not fear the light, nor the cold wind that greets you. They are not",
      "coordinates": {
        "x": 45,
        "y": 100
      },
      "dimensions": {
        "width": 420,
        "height": 25
      }
    },
    {
      "content": "enemies. They are the forces you must ride. The forces that will carry you",
      "coordinates": {
        "x": 30,
        "y": 125
      },
      "dimensions": {
        "width": 450,
        "height": 25
      }
    },
    {
      "content": "further than your patience ever could.",
      "coordinates": {
        "x": 100,
        "y": 150
      },
      "dimensions": {
        "width": 320,
        "height": 25
      }
    },
    {
      "content": "One step. . . then another. You were never meant to stay.",
      "coordinates": {
        "x": 75,
        "y": 200
      },
      "dimensions": {
        "width": 430,
        "height": 25
      }
    }
  ]
}
2024-09-11 06:53:09,645 - INFO - Detected 0 text blocks
2024-09-11 06:53:09,646 - INFO - Analyzed frame 128/5 in group. Detected 0 text blocks.
2024-09-11 06:53:09,646 - INFO - Original frame size: 1440x1080
2024-09-11 06:53:09,647 - INFO - Resized frame for API: 512x384
2024-09-11 06:53:15,701 - INFO - GPT Analysis: {
  "lines": [
    {
      "content": "Do not fear the light, nor the cold wind that greets you.",
      "top_left_coordinates": [
        27,
        164
      ],
      "width": 459,
      "height": 14
    },
    {
      "content": "They are not enemies. They are the forces you must ride.",
      "top_left_coordinates": [
        28,
        182
      ],
      "width": 437,
      "height": 14
    },
    {
      "content": "The forces that will carry you further than your patience",
      "top_left_coordinates": [
        28,
        200
      ],
      "width": 454,
      "height": 14
    },
    {
      "content": "ever could.",
      "top_left_coordinates": [
        223,
        218
      ],
      "width": 90,
      "height": 14
    },
    {
      "content": "One step... then another. You were never meant to stay.",
      "top_left_coordinates": [
        77,
        270
      ],
      "width": 397,
      "height": 14
    }
  ]
}
2024-09-11 06:53:15,701 - INFO - Detected 0 text blocks
2024-09-11 06:53:15,701 - INFO - Analyzed frame 192/5 in group. Detected 0 text blocks.
2024-09-11 06:53:15,701 - INFO - Original frame size: 1440x1080
2024-09-11 06:53:15,702 - INFO - Resized frame for API: 512x384
2024-09-11 06:53:25,098 - INFO - GPT Analysis: {
  "lines": [
    {
      "content": "Do not fear the light, nor the cold wind that greets you.",
      "top_left": {
        "x": 40,
        "y": 120
      },
      "width": 430,
      "height": 20
    },
    {
      "content": "They are not enemies. They are the forces you must ride.",
      "top_left": {
        "x": 40,
        "y": 140
      },
      "width": 430,
      "height": 20
    },
    {
      "content": "The forces that will carry you further than your patience ever could.",
      "top_left": {
        "x": 40,
        "y": 160
      },
      "width": 450,
      "height": 20
    },
    {
      "content": "One step. . . then another. You were never meant to stay.",
      "top_left": {
        "x": 40,
        "y": 200
      },
      "width": 450,
      "height": 20
    }
  ]
}
2024-09-11 06:53:25,098 - INFO - Detected 0 text blocks
2024-09-11 06:53:25,098 - INFO - Analyzed frame 256/5 in group. Detected 0 text blocks.
2024-09-11 06:53:25,099 - ERROR - Error processing group 10, attempt 1: unhashable type: 'list'
2024-09-11 06:53:26,100 - INFO - Original frame size: 1440x1080
2024-09-11 06:53:26,101 - INFO - Resized frame for API: 512x384
2024-09-11 06:53:32,521 - INFO - GPT Analysis: {
  "text": [
    {
      "content": "Do not fear the light, nor the cold wind that greets you. They are not",
      "coordinates": {
        "x": 30,
        "y": 100
      },
      "dimensions": {
        "width": 450,
        "height": 20
      }
    },
    {
      "content": "enemies. They are the forces you must ride. The forces that will carry you",
      "coordinates": {
        "x": 30,
        "y": 125
      },
      "dimensions": {
        "width": 450,
        "height": 20
      }
    },
    {
      "content": "further than your patience ever could.",
      "coordinates": {
        "x": 30,
        "y": 150
      },
      "dimensions": {
        "width": 300,
        "height": 20
      }
    },
    {
      "content": "One step. . . then another. You were never meant to stay.",
      "coordinates": {
        "x": 30,
        "y": 200
      },
      "dimensions": {
        "width": 400,
        "height": 20
      }
    }
  ]
}
2024-09-11 06:53:32,522 - INFO - Single text block: Content: '[{'content': 'Do not fear the light, nor the cold wind that greets you. They are not', 'coordinates': {'x': 30, 'y': 100}, 'dimensions': {'width': 450, 'height': 20}}, {'content': 'enemies. They are the forces you must ride. The forces that will carry you', 'coordinates': {'x': 30, 'y': 125}, 'dimensions': {'width': 450, 'height': 20}}, {'content': 'further than your patience ever could.', 'coordinates': {'x': 30, 'y': 150}, 'dimensions': {'width': 300, 'height': 20}}, {'content': 'One step. . . then another. You were never meant to stay.', 'coordinates': {'x': 30, 'y': 200}, 'dimensions': {'width': 400, 'height': 20}}]', Position: [0, 0, 512, 384]
2024-09-11 06:53:32,523 - INFO - Detected 1 text blocks
2024-09-11 06:53:32,523 - INFO - Original frame size: 1440x1080
2024-09-11 06:53:32,524 - INFO - Resized frame for API: 512x384
2024-09-11 06:53:50,129 - INFO - GPT Analysis: {
  "text": [
    {
      "content": "Do not fear the light, nor the cold wind that greets you.",
      "top_left_corner": [
        47,
        206
      ],
      "width": 425,
      "height": 18
    },
    {
      "content": "They are not enemies. They are the forces you must ride.",
      "top_left_corner": [
        64,
        230
      ],
      "width": 388,
      "height": 18
    },
    {
      "content": "The forces that will carry you further than your patience ever could.",
      "top_left_corner": [
        19,
        254
      ],
      "width": 473,
      "height": 18
    },
    {
      "content": "One step... then another. You were never meant to stay.",
      "top_left_corner": [
        81,
        292
      ],
      "width": 352,
      "height": 18
    }
  ]
}
2024-09-11 06:53:50,129 - INFO - Single text block: Content: '[{'content': 'Do not fear the light, nor the cold wind that greets you.', 'top_left_corner': [47, 206], 'width': 425, 'height': 18}, {'content': 'They are not enemies. They are the forces you must ride.', 'top_left_corner': [64, 230], 'width': 388, 'height': 18}, {'content': 'The forces that will carry you further than your patience ever could.', 'top_left_corner': [19, 254], 'width': 473, 'height': 18}, {'content': 'One step... then another. You were never meant to stay.', 'top_left_corner': [81, 292], 'width': 352, 'height': 18}]', Position: [0, 0, 512, 384]
2024-09-11 06:53:50,130 - INFO - Detected 1 text blocks
2024-09-11 06:53:50,130 - INFO - Analyzed frame 1/5 in group. Detected 1 text blocks.
2024-09-11 06:53:50,130 - INFO - Original frame size: 1440x1080
2024-09-11 06:53:50,131 - INFO - Resized frame for API: 512x384
2024-09-11 06:54:02,421 - INFO - GPT Analysis: {
  "text_lines": [
    {
      "content": "Do not fear the light, nor the cold wind that greets you.",
      "top_left_corner": {
        "x": 40,
        "y": 160
      },
      "width": 430,
      "height": 20
    },
    {
      "content": "They are not enemies. They are the forces you must ride.",
      "top_left_corner": {
        "x": 40,
        "y": 180
      },
      "width": 400,
      "height": 20
    },
    {
      "content": "The forces that will carry you further than your patience ever could.",
      "top_left_corner": {
        "x": 40,
        "y": 200
      },
      "width": 480,
      "height": 20
    },
    {
      "content": "One step. . . then another. You were never meant to stay.",
      "top_left_corner": {
        "x": 40,
        "y": 240
      },
      "width": 430,
      "height": 20
    }
  ]
}
2024-09-11 06:54:02,421 - INFO - Text block 1: Content: 'Do not fear the light, nor the cold wind that greets you.', API position: [x=40, y=160, w=430, h=20]
2024-09-11 06:54:02,422 - INFO - Text block 2: Content: 'They are not enemies. They are the forces you must ride.', API position: [x=40, y=180, w=400, h=20]
2024-09-11 06:54:02,422 - INFO - Text block 3: Content: 'The forces that will carry you further than your patience ever could.', API position: [x=40, y=200, w=480, h=20]
2024-09-11 06:54:02,422 - INFO - Text block 4: Content: 'One step. . . then another. You were never meant to stay.', API position: [x=40, y=240, w=430, h=20]
2024-09-11 06:54:02,423 - INFO - Detected 4 text blocks
2024-09-11 06:54:02,423 - INFO - Analyzed frame 64/5 in group. Detected 4 text blocks.
2024-09-11 06:54:02,423 - INFO - Original frame size: 1440x1080
2024-09-11 06:54:02,424 - INFO - Resized frame for API: 512x384
2024-09-11 06:54:09,108 - INFO - GPT Analysis: {
  "text_lines": [
    {
      "content": "Do not fear the light, nor the cold wind that greets you.",
      "top_left_corner": {
        "x": 10,
        "y": 50
      },
      "width": 400,
      "height": 30
    },
    {
      "content": "They are not enemies. They are the forces you must ride.",
      "top_left_corner": {
        "x": 10,
        "y": 80
      },
      "width": 380,
      "height": 30
    },
    {
      "content": "The forces that will carry you further than your patience ever could.",
      "top_left_corner": {
        "x": 10,
        "y": 110
      },
      "width": 450,
      "height": 30
    },
    {
      "content": "One step... then another. You were never meant to stay.",
      "top_left_corner": {
        "x": 10,
        "y": 160
      },
      "width": 390,
      "height": 30
    }
  ]
}
2024-09-11 06:54:09,109 - INFO - Text block 1: Content: 'Do not fear the light, nor the cold wind that greets you.', API position: [x=10, y=50, w=400, h=30]
2024-09-11 06:54:09,109 - INFO - Text block 2: Content: 'They are not enemies. They are the forces you must ride.', API position: [x=10, y=80, w=380, h=30]
2024-09-11 06:54:09,110 - INFO - Text block 3: Content: 'The forces that will carry you further than your patience ever could.', API position: [x=10, y=110, w=450, h=30]
2024-09-11 06:54:09,110 - INFO - Text block 4: Content: 'One step... then another. You were never meant to stay.', API position: [x=10, y=160, w=390, h=30]
2024-09-11 06:54:09,110 - INFO - Detected 4 text blocks
2024-09-11 06:54:09,111 - INFO - Analyzed frame 128/5 in group. Detected 4 text blocks.
2024-09-11 06:54:09,111 - INFO - Original frame size: 1440x1080
2024-09-11 06:54:09,112 - INFO - Resized frame for API: 512x384
2024-09-11 06:54:14,611 - INFO - GPT Analysis: {
  "lines": [
    {
      "content": "Do not fear the light, nor the cold wind that greets you.",
      "coordinates": {
        "x": 42,
        "y": 182
      },
      "dimensions": {
        "width": 427,
        "height": 15
      }
    },
    {
      "content": "They are not enemies. They are the forces you must ride.",
      "coordinates": {
        "x": 58,
        "y": 203
      },
      "dimensions": {
        "width": 390,
        "height": 13
      }
    },
    {
      "content": "The forces that will carry you further than your patience ever could.",
      "coordinates": {
        "x": 15,
        "y": 223
      },
      "dimensions": {
        "width": 466,
        "height": 15
      }
    },
    {
      "content": "One step... then another. You were never meant to stay.",
      "coordinates": {
        "x": 99,
        "y": 256
      },
      "dimensions": {
        "width": 303,
        "height": 13
      }
    }
  ]
}
2024-09-11 06:54:14,612 - INFO - Detected 0 text blocks
2024-09-11 06:54:14,613 - INFO - Analyzed frame 192/5 in group. Detected 0 text blocks.
2024-09-11 06:54:14,613 - INFO - Original frame size: 1440x1080
2024-09-11 06:54:14,614 - INFO - Resized frame for API: 512x384
2024-09-11 06:54:21,695 - INFO - GPT Analysis: {
  "text": [
    {
      "content": "Do not fear the light, nor the cold wind that greets you.",
      "top_left_coordinates": [
        50,
        120
      ],
      "width": 400,
      "height": 30
    },
    {
      "content": "They are not enemies. They are the forces you must ride.",
      "top_left_coordinates": [
        50,
        150
      ],
      "width": 400,
      "height": 30
    },
    {
      "content": "The forces that will carry you further than your patience ever could.",
      "top_left_coordinates": [
        50,
        180
      ],
      "width": 460,
      "height": 30
    },
    {
      "content": "One step... then another. You were never meant to stay.",
      "top_left_coordinates": [
        50,
        220
      ],
      "width": 400,
      "height": 30
    }
  ]
}
2024-09-11 06:54:21,695 - INFO - Single text block: Content: '[{'content': 'Do not fear the light, nor the cold wind that greets you.', 'top_left_coordinates': [50, 120], 'width': 400, 'height': 30}, {'content': 'They are not enemies. They are the forces you must ride.', 'top_left_coordinates': [50, 150], 'width': 400, 'height': 30}, {'content': 'The forces that will carry you further than your patience ever could.', 'top_left_coordinates': [50, 180], 'width': 460, 'height': 30}, {'content': 'One step... then another. You were never meant to stay.', 'top_left_coordinates': [50, 220], 'width': 400, 'height': 30}]', Position: [0, 0, 512, 384]
2024-09-11 06:54:21,696 - INFO - Detected 1 text blocks
2024-09-11 06:54:21,696 - INFO - Analyzed frame 256/5 in group. Detected 1 text blocks.
2024-09-11 06:54:21,696 - ERROR - Error processing group 10, attempt 2: unhashable type: 'list'
2024-09-11 06:54:23,698 - INFO - Original frame size: 1440x1080
2024-09-11 06:54:23,699 - INFO - Resized frame for API: 512x384
2024-09-11 06:54:28,767 - INFO - GPT Analysis: {
  "text": [
    {
      "content": "Do not fear the light, nor the cold wind that greets you.",
      "top_left_corner": [
        48,
        90
      ],
      "width": 420,
      "height": 22
    },
    {
      "content": "They are not enemies. They are the forces you must ride.",
      "top_left_corner": [
        70,
        120
      ],
      "width": 388,
      "height": 22
    },
    {
      "content": "The forces that will carry you further than your patience ever could.",
      "top_left_corner": [
        45,
        150
      ],
      "width": 435,
      "height": 23
    },
    {
      "content": "One step... then another. You were never meant to stay.",
      "top_left_corner": [
        100,
        200
      ],
      "width": 337,
      "height": 22
    }
  ]
}
2024-09-11 06:54:28,767 - INFO - Single text block: Content: '[{'content': 'Do not fear the light, nor the cold wind that greets you.', 'top_left_corner': [48, 90], 'width': 420, 'height': 22}, {'content': 'They are not enemies. They are the forces you must ride.', 'top_left_corner': [70, 120], 'width': 388, 'height': 22}, {'content': 'The forces that will carry you further than your patience ever could.', 'top_left_corner': [45, 150], 'width': 435, 'height': 23}, {'content': 'One step... then another. You were never meant to stay.', 'top_left_corner': [100, 200], 'width': 337, 'height': 22}]', Position: [0, 0, 512, 384]
2024-09-11 06:54:28,767 - INFO - Detected 1 text blocks
2024-09-11 06:54:28,768 - INFO - Original frame size: 1440x1080
2024-09-11 06:54:28,768 - INFO - Resized frame for API: 512x384
2024-09-11 06:54:35,167 - INFO - GPT Analysis: {
  "text": [
    {
      "content": "Do not fear the light, nor the cold wind that greets you.",
      "top_left_corner": {
        "x": 20,
        "y": 190
      },
      "width": 470,
      "height": 25
    },
    {
      "content": "They are not enemies. They are the forces you must ride.",
      "top_left_corner": {
        "x": 20,
        "y": 220
      },
      "width": 460,
      "height": 25
    },
    {
      "content": "The forces that will carry you further than your patience ever could.",
      "top_left_corner": {
        "x": 20,
        "y": 250
      },
      "width": 515,
      "height": 25
    },
    {
      "content": "One step... then another. You were never meant to stay.",
      "top_left_corner": {
        "x": 60,
        "y": 290
      },
      "width": 400,
      "height": 25
    }
  ]
}
2024-09-11 06:54:35,167 - INFO - Single text block: Content: '[{'content': 'Do not fear the light, nor the cold wind that greets you.', 'top_left_corner': {'x': 20, 'y': 190}, 'width': 470, 'height': 25}, {'content': 'They are not enemies. They are the forces you must ride.', 'top_left_corner': {'x': 20, 'y': 220}, 'width': 460, 'height': 25}, {'content': 'The forces that will carry you further than your patience ever could.', 'top_left_corner': {'x': 20, 'y': 250}, 'width': 515, 'height': 25}, {'content': 'One step... then another. You were never meant to stay.', 'top_left_corner': {'x': 60, 'y': 290}, 'width': 400, 'height': 25}]', Position: [0, 0, 512, 384]
2024-09-11 06:54:35,167 - INFO - Detected 1 text blocks
2024-09-11 06:54:35,168 - INFO - Analyzed frame 1/5 in group. Detected 1 text blocks.
2024-09-11 06:54:35,168 - INFO - Original frame size: 1440x1080
2024-09-11 06:54:35,168 - INFO - Resized frame for API: 512x384
2024-09-11 06:54:47,366 - INFO - GPT Analysis: {
  "text": [
    {
      "content": "Do not fear the light, nor the cold wind that greets you.",
      "coordinates": {
        "x": 70,
        "y": 160
      },
      "dimensions": {
        "width": 345,
        "height": 20
      }
    },
    {
      "content": "They are not enemies. They are the forces you must ride.",
      "coordinates": {
        "x": 74,
        "y": 180
      },
      "dimensions": {
        "width": 330,
        "height": 20
      }
    },
    {
      "content": "The forces that will carry you further than your patience ever could.",
      "coordinates": {
        "x": 15,
        "y": 200
      },
      "dimensions": {
        "width": 480,
        "height": 20
      }
    },
    {
      "content": "One step. . . then another. You were never meant to stay.",
      "coordinates": {
        "x": 88,
        "y": 240
      },
      "dimensions": {
        "width": 334,
        "height": 20
      }
    }
  ]
}
2024-09-11 06:54:47,366 - INFO - Single text block: Content: '[{'content': 'Do not fear the light, nor the cold wind that greets you.', 'coordinates': {'x': 70, 'y': 160}, 'dimensions': {'width': 345, 'height': 20}}, {'content': 'They are not enemies. They are the forces you must ride.', 'coordinates': {'x': 74, 'y': 180}, 'dimensions': {'width': 330, 'height': 20}}, {'content': 'The forces that will carry you further than your patience ever could.', 'coordinates': {'x': 15, 'y': 200}, 'dimensions': {'width': 480, 'height': 20}}, {'content': 'One step. . . then another. You were never meant to stay.', 'coordinates': {'x': 88, 'y': 240}, 'dimensions': {'width': 334, 'height': 20}}]', Position: [0, 0, 512, 384]
2024-09-11 06:54:47,366 - INFO - Detected 1 text blocks
2024-09-11 06:54:47,366 - INFO - Analyzed frame 64/5 in group. Detected 1 text blocks.
2024-09-11 06:54:47,367 - INFO - Original frame size: 1440x1080
2024-09-11 06:54:47,367 - INFO - Resized frame for API: 512x384
2024-09-11 06:54:52,133 - INFO - GPT Analysis: {
  "text": [
    {
      "content": "Do not fear the light, nor the cold wind that greets you.",
      "top_left_corner": {
        "x": 22,
        "y": 170
      },
      "width": 470,
      "height": 20
    },
    {
      "content": "They are not enemies. They are the forces you must ride.",
      "top_left_corner": {
        "x": 29,
        "y": 190
      },
      "width": 444,
      "height": 18
    },
    {
      "content": "The forces that will carry you further than your patience ever could.",
      "top_left_corner": {
        "x": 27,
        "y": 210
      },
      "width": 483,
      "height": 22
    },
    {
      "content": "One step. . . then another. You were never meant to stay.",
      "top_left_corner": {
        "x": 79,
        "y": 250
      },
      "width": 372,
      "height": 20
    }
  ]
}
2024-09-11 06:54:52,133 - INFO - Single text block: Content: '[{'content': 'Do not fear the light, nor the cold wind that greets you.', 'top_left_corner': {'x': 22, 'y': 170}, 'width': 470, 'height': 20}, {'content': 'They are not enemies. They are the forces you must ride.', 'top_left_corner': {'x': 29, 'y': 190}, 'width': 444, 'height': 18}, {'content': 'The forces that will carry you further than your patience ever could.', 'top_left_corner': {'x': 27, 'y': 210}, 'width': 483, 'height': 22}, {'content': 'One step. . . then another. You were never meant to stay.', 'top_left_corner': {'x': 79, 'y': 250}, 'width': 372, 'height': 20}]', Position: [0, 0, 512, 384]
2024-09-11 06:54:52,133 - INFO - Detected 1 text blocks
2024-09-11 06:54:52,133 - INFO - Analyzed frame 128/5 in group. Detected 1 text blocks.
2024-09-11 06:54:52,134 - INFO - Original frame size: 1440x1080
2024-09-11 06:54:52,134 - INFO - Resized frame for API: 512x384
2024-09-11 06:54:57,136 - INFO - GPT Analysis: {
  "lines": [
    {
      "content": "Do not fear the light, nor the cold wind that greets you.",
      "top_left_corner": [
        65,
        110
      ],
      "width": 385,
      "height": 20
    },
    {
      "content": "They are not enemies. They are the forces you must ride.",
      "top_left_corner": [
        60,
        130
      ],
      "width": 385,
      "height": 20
    },
    {
      "content": "The forces that will carry you further than your patience ever could.",
      "top_left_corner": [
        42,
        150
      ],
      "width": 415,
      "height": 20
    },
    {
      "content": "One step... then another. You were never meant to stay.",
      "top_left_corner": [
        90,
        180
      ],
      "width": 350,
      "height": 20
    }
  ]
}
2024-09-11 06:54:57,136 - INFO - Detected 0 text blocks
2024-09-11 06:54:57,136 - INFO - Analyzed frame 192/5 in group. Detected 0 text blocks.
2024-09-11 06:54:57,136 - INFO - Original frame size: 1440x1080
2024-09-11 06:54:57,137 - INFO - Resized frame for API: 512x384
2024-09-11 06:55:04,778 - INFO - GPT Analysis: {
  "text": [
    {
      "content": "Do not fear the light, nor the cold wind that greets you.",
      "coordinates": {
        "top_left_x": 60,
        "top_left_y": 120
      },
      "dimensions": {
        "width": 392,
        "height": 24
      }
    },
    {
      "content": "They are not enemies. They are the forces you must ride.",
      "coordinates": {
        "top_left_x": 60,
        "top_left_y": 150
      },
      "dimensions": {
        "width": 390,
        "height": 24
      }
    },
    {
      "content": "The forces that will carry you further than your patience ever could.",
      "coordinates": {
        "top_left_x": 60,
        "top_left_y": 180
      },
      "dimensions": {
        "width": 472,
        "height": 24
      }
    },
    {
      "content": "One step... then another. You were never meant to stay.",
      "coordinates": {
        "top_left_x": 60,
        "top_left_y": 220
      },
      "dimensions": {
        "width": 370,
        "height": 24
      }
    }
  ]
}
2024-09-11 06:55:04,778 - INFO - Single text block: Content: '[{'content': 'Do not fear the light, nor the cold wind that greets you.', 'coordinates': {'top_left_x': 60, 'top_left_y': 120}, 'dimensions': {'width': 392, 'height': 24}}, {'content': 'They are not enemies. They are the forces you must ride.', 'coordinates': {'top_left_x': 60, 'top_left_y': 150}, 'dimensions': {'width': 390, 'height': 24}}, {'content': 'The forces that will carry you further than your patience ever could.', 'coordinates': {'top_left_x': 60, 'top_left_y': 180}, 'dimensions': {'width': 472, 'height': 24}}, {'content': 'One step... then another. You were never meant to stay.', 'coordinates': {'top_left_x': 60, 'top_left_y': 220}, 'dimensions': {'width': 370, 'height': 24}}]', Position: [0, 0, 512, 384]
2024-09-11 06:55:04,778 - INFO - Detected 1 text blocks
2024-09-11 06:55:04,779 - INFO - Analyzed frame 256/5 in group. Detected 1 text blocks.
2024-09-11 06:55:04,779 - ERROR - Error processing group 10, attempt 3: unhashable type: 'list'
2024-09-11 06:55:04,779 - ERROR - Max retries reached for group 10, skipping...
2024-09-11 06:55:04,779 - INFO - Creating output video...
2024-09-11 06:55:04,795 - INFO - No translation for group 1
2024-09-11 06:55:04,815 - INFO - No translation for group 1
2024-09-11 06:55:04,831 - INFO - No translation for group 1
2024-09-11 06:55:04,841 - INFO - No translation for group 1
2024-09-11 06:55:04,852 - INFO - No translation for group 1
2024-09-11 06:55:04,865 - INFO - No translation for group 1
2024-09-11 06:55:04,875 - INFO - No translation for group 1
2024-09-11 06:55:04,886 - INFO - No translation for group 1
2024-09-11 06:55:04,900 - INFO - No translation for group 1
2024-09-11 06:55:04,910 - INFO - No translation for group 1
2024-09-11 06:55:04,921 - INFO - No translation for group 1
2024-09-11 06:55:04,930 - INFO - No translation for group 1
2024-09-11 06:55:04,939 - INFO - No translation for group 1
2024-09-11 06:55:04,951 - INFO - No translation for group 1
2024-09-11 06:55:04,964 - INFO - Processed group 1, total frames: 14/734
2024-09-11 06:55:04,965 - INFO - No translation for group 2
2024-09-11 06:55:04,979 - INFO - No translation for group 2
2024-09-11 06:55:04,995 - INFO - No translation for group 2
2024-09-11 06:55:05,011 - INFO - No translation for group 2
2024-09-11 06:55:05,024 - INFO - No translation for group 2
2024-09-11 06:55:05,037 - INFO - No translation for group 2
2024-09-11 06:55:05,050 - INFO - No translation for group 2
2024-09-11 06:55:05,063 - INFO - No translation for group 2
2024-09-11 06:55:05,076 - INFO - No translation for group 2
2024-09-11 06:55:05,084 - INFO - No translation for group 2
2024-09-11 06:55:05,093 - INFO - No translation for group 2
2024-09-11 06:55:05,104 - INFO - No translation for group 2
2024-09-11 06:55:05,114 - INFO - No translation for group 2
2024-09-11 06:55:05,123 - INFO - No translation for group 2
2024-09-11 06:55:05,132 - INFO - No translation for group 2
2024-09-11 06:55:05,140 - INFO - No translation for group 2
2024-09-11 06:55:05,151 - INFO - No translation for group 2
2024-09-11 06:55:05,162 - INFO - No translation for group 2
2024-09-11 06:55:05,173 - INFO - No translation for group 2
2024-09-11 06:55:05,188 - INFO - Processed group 2, total frames: 33/734
2024-09-11 06:55:05,188 - INFO - No translation for group 3
2024-09-11 06:55:05,198 - INFO - No translation for group 3
2024-09-11 06:55:05,210 - INFO - No translation for group 3
2024-09-11 06:55:05,226 - INFO - No translation for group 3
2024-09-11 06:55:05,238 - INFO - No translation for group 3
2024-09-11 06:55:05,249 - INFO - No translation for group 3
2024-09-11 06:55:05,262 - INFO - No translation for group 3
2024-09-11 06:55:05,274 - INFO - No translation for group 3
2024-09-11 06:55:05,285 - INFO - No translation for group 3
2024-09-11 06:55:05,299 - INFO - No translation for group 3
2024-09-11 06:55:05,313 - INFO - No translation for group 3
2024-09-11 06:55:05,324 - INFO - No translation for group 3
2024-09-11 06:55:05,340 - INFO - No translation for group 3
2024-09-11 06:55:05,355 - INFO - No translation for group 3
2024-09-11 06:55:05,365 - INFO - No translation for group 3
2024-09-11 06:55:05,378 - INFO - No translation for group 3
2024-09-11 06:55:05,390 - INFO - No translation for group 3
2024-09-11 06:55:05,401 - INFO - No translation for group 3
2024-09-11 06:55:05,412 - INFO - No translation for group 3
2024-09-11 06:55:05,422 - INFO - No translation for group 3
2024-09-11 06:55:05,431 - INFO - No translation for group 3
2024-09-11 06:55:05,440 - INFO - No translation for group 3
2024-09-11 06:55:05,450 - INFO - No translation for group 3
2024-09-11 06:55:05,461 - INFO - No translation for group 3
2024-09-11 06:55:05,471 - INFO - Processed group 3, total frames: 57/734
2024-09-11 06:55:05,472 - INFO - No translation for group 4
2024-09-11 06:55:05,483 - INFO - No translation for group 4
2024-09-11 06:55:05,493 - INFO - No translation for group 4
2024-09-11 06:55:05,504 - INFO - No translation for group 4
2024-09-11 06:55:05,516 - INFO - No translation for group 4
2024-09-11 06:55:05,527 - INFO - No translation for group 4
2024-09-11 06:55:05,536 - INFO - No translation for group 4
2024-09-11 06:55:05,545 - INFO - No translation for group 4
2024-09-11 06:55:05,553 - INFO - No translation for group 4
2024-09-11 06:55:05,562 - INFO - No translation for group 4
2024-09-11 06:55:05,573 - INFO - No translation for group 4
2024-09-11 06:55:05,582 - INFO - No translation for group 4
2024-09-11 06:55:05,594 - INFO - No translation for group 4
2024-09-11 06:55:05,607 - INFO - No translation for group 4
2024-09-11 06:55:05,618 - INFO - No translation for group 4
2024-09-11 06:55:05,629 - INFO - No translation for group 4
2024-09-11 06:55:05,643 - INFO - No translation for group 4
2024-09-11 06:55:05,656 - INFO - No translation for group 4
2024-09-11 06:55:05,668 - INFO - No translation for group 4
2024-09-11 06:55:05,679 - INFO - No translation for group 4
2024-09-11 06:55:05,691 - INFO - Processed group 4, total frames: 77/734
2024-09-11 06:55:05,692 - INFO - No translation for group 5
2024-09-11 06:55:05,704 - INFO - No translation for group 5
2024-09-11 06:55:05,716 - INFO - No translation for group 5
2024-09-11 06:55:05,728 - INFO - No translation for group 5
2024-09-11 06:55:05,740 - INFO - No translation for group 5
2024-09-11 06:55:05,752 - INFO - No translation for group 5
2024-09-11 06:55:05,765 - INFO - No translation for group 5
2024-09-11 06:55:05,776 - INFO - No translation for group 5
2024-09-11 06:55:05,787 - INFO - No translation for group 5
2024-09-11 06:55:05,797 - INFO - No translation for group 5
2024-09-11 06:55:05,806 - INFO - No translation for group 5
2024-09-11 06:55:05,814 - INFO - No translation for group 5
2024-09-11 06:55:05,822 - INFO - No translation for group 5
2024-09-11 06:55:05,831 - INFO - No translation for group 5
2024-09-11 06:55:05,842 - INFO - No translation for group 5
2024-09-11 06:55:05,851 - INFO - Processed group 5, total frames: 92/734
2024-09-11 06:55:05,852 - INFO - No translation for group 6
2024-09-11 06:55:05,860 - INFO - No translation for group 6
2024-09-11 06:55:05,869 - INFO - No translation for group 6
2024-09-11 06:55:05,878 - INFO - No translation for group 6
2024-09-11 06:55:05,887 - INFO - No translation for group 6
2024-09-11 06:55:05,900 - INFO - No translation for group 6
2024-09-11 06:55:05,910 - INFO - No translation for group 6
2024-09-11 06:55:05,921 - INFO - No translation for group 6
2024-09-11 06:55:05,933 - INFO - No translation for group 6
2024-09-11 06:55:05,944 - INFO - No translation for group 6
2024-09-11 06:55:05,952 - INFO - No translation for group 6
2024-09-11 06:55:05,961 - INFO - No translation for group 6
2024-09-11 06:55:05,970 - INFO - No translation for group 6
2024-09-11 06:55:05,979 - INFO - No translation for group 6
2024-09-11 06:55:05,989 - INFO - No translation for group 6
2024-09-11 06:55:05,999 - INFO - No translation for group 6
2024-09-11 06:55:06,008 - INFO - No translation for group 6
2024-09-11 06:55:06,019 - INFO - No translation for group 6
2024-09-11 06:55:06,029 - INFO - No translation for group 6
2024-09-11 06:55:06,038 - INFO - No translation for group 6
2024-09-11 06:55:06,049 - INFO - No translation for group 6
2024-09-11 06:55:06,058 - INFO - No translation for group 6
2024-09-11 06:55:06,066 - INFO - No translation for group 6
2024-09-11 06:55:06,075 - INFO - No translation for group 6
2024-09-11 06:55:06,083 - INFO - No translation for group 6
2024-09-11 06:55:06,092 - INFO - No translation for group 6
2024-09-11 06:55:06,100 - INFO - No translation for group 6
2024-09-11 06:55:06,109 - INFO - No translation for group 6
2024-09-11 06:55:06,118 - INFO - Processed group 6, total frames: 120/734
2024-09-11 06:55:06,118 - INFO - No translation for group 7
2024-09-11 06:55:06,132 - INFO - No translation for group 7
2024-09-11 06:55:06,142 - INFO - No translation for group 7
2024-09-11 06:55:06,151 - INFO - No translation for group 7
2024-09-11 06:55:06,163 - INFO - No translation for group 7
2024-09-11 06:55:06,172 - INFO - No translation for group 7
2024-09-11 06:55:06,184 - INFO - No translation for group 7
2024-09-11 06:55:06,198 - INFO - No translation for group 7
2024-09-11 06:55:06,210 - INFO - No translation for group 7
2024-09-11 06:55:06,221 - INFO - No translation for group 7
2024-09-11 06:55:06,235 - INFO - No translation for group 7
2024-09-11 06:55:06,244 - INFO - No translation for group 7
2024-09-11 06:55:06,252 - INFO - No translation for group 7
2024-09-11 06:55:06,264 - INFO - No translation for group 7
2024-09-11 06:55:06,277 - INFO - No translation for group 7
2024-09-11 06:55:06,285 - INFO - No translation for group 7
2024-09-11 06:55:06,294 - INFO - No translation for group 7
2024-09-11 06:55:06,302 - INFO - No translation for group 7
2024-09-11 06:55:06,314 - INFO - No translation for group 7
2024-09-11 06:55:06,323 - INFO - No translation for group 7
2024-09-11 06:55:06,331 - INFO - No translation for group 7
2024-09-11 06:55:06,343 - INFO - No translation for group 7
2024-09-11 06:55:06,365 - INFO - No translation for group 7
2024-09-11 06:55:06,378 - INFO - No translation for group 7
2024-09-11 06:55:06,392 - INFO - No translation for group 7
2024-09-11 06:55:06,407 - INFO - No translation for group 7
2024-09-11 06:55:06,421 - INFO - No translation for group 7
2024-09-11 06:55:06,433 - INFO - No translation for group 7
2024-09-11 06:55:06,444 - INFO - No translation for group 7
2024-09-11 06:55:06,461 - INFO - No translation for group 7
2024-09-11 06:55:06,477 - INFO - No translation for group 7
2024-09-11 06:55:06,489 - INFO - No translation for group 7
2024-09-11 06:55:06,504 - INFO - No translation for group 7
2024-09-11 06:55:06,516 - INFO - No translation for group 7
2024-09-11 06:55:06,527 - INFO - No translation for group 7
2024-09-11 06:55:06,541 - INFO - No translation for group 7
2024-09-11 06:55:06,553 - INFO - No translation for group 7
2024-09-11 06:55:06,566 - INFO - No translation for group 7
2024-09-11 06:55:06,582 - INFO - No translation for group 7
2024-09-11 06:55:06,592 - INFO - No translation for group 7
2024-09-11 06:55:06,605 - INFO - No translation for group 7
2024-09-11 06:55:06,617 - INFO - No translation for group 7
2024-09-11 06:55:06,629 - INFO - No translation for group 7
2024-09-11 06:55:06,640 - INFO - No translation for group 7
2024-09-11 06:55:06,652 - INFO - No translation for group 7
2024-09-11 06:55:06,666 - INFO - Processed group 7, total frames: 165/734
2024-09-11 06:55:06,667 - INFO - No translation for group 8
2024-09-11 06:55:06,679 - INFO - No translation for group 8
2024-09-11 06:55:06,690 - INFO - No translation for group 8
2024-09-11 06:55:06,702 - INFO - No translation for group 8
2024-09-11 06:55:06,721 - INFO - No translation for group 8
2024-09-11 06:55:06,737 - INFO - No translation for group 8
2024-09-11 06:55:06,749 - INFO - No translation for group 8
2024-09-11 06:55:06,763 - INFO - No translation for group 8
2024-09-11 06:55:06,775 - INFO - Processed group 8, total frames: 173/734
2024-09-11 06:55:06,775 - INFO - No translation for group 9
2024-09-11 06:55:06,788 - INFO - No translation for group 9
2024-09-11 06:55:06,797 - INFO - No translation for group 9
2024-09-11 06:55:06,806 - INFO - No translation for group 9
2024-09-11 06:55:06,816 - INFO - No translation for group 9
2024-09-11 06:55:06,823 - INFO - No translation for group 9
2024-09-11 06:55:06,831 - INFO - No translation for group 9
2024-09-11 06:55:06,842 - INFO - No translation for group 9
2024-09-11 06:55:06,853 - INFO - No translation for group 9
2024-09-11 06:55:06,862 - INFO - No translation for group 9
2024-09-11 06:55:06,871 - INFO - No translation for group 9
2024-09-11 06:55:06,881 - INFO - No translation for group 9
2024-09-11 06:55:06,891 - INFO - No translation for group 9
2024-09-11 06:55:06,901 - INFO - No translation for group 9
2024-09-11 06:55:06,912 - INFO - No translation for group 9
2024-09-11 06:55:06,922 - INFO - No translation for group 9
2024-09-11 06:55:06,933 - INFO - No translation for group 9
2024-09-11 06:55:06,943 - INFO - No translation for group 9
2024-09-11 06:55:06,954 - INFO - No translation for group 9
2024-09-11 06:55:06,967 - INFO - No translation for group 9
2024-09-11 06:55:06,978 - INFO - No translation for group 9
2024-09-11 06:55:06,986 - INFO - No translation for group 9
2024-09-11 06:55:07,000 - INFO - No translation for group 9
2024-09-11 06:55:07,010 - INFO - No translation for group 9
2024-09-11 06:55:07,020 - INFO - No translation for group 9
2024-09-11 06:55:07,028 - INFO - No translation for group 9
2024-09-11 06:55:07,041 - INFO - No translation for group 9
2024-09-11 06:55:07,051 - INFO - No translation for group 9
2024-09-11 06:55:07,059 - INFO - No translation for group 9
2024-09-11 06:55:07,067 - INFO - No translation for group 9
2024-09-11 06:55:07,078 - INFO - No translation for group 9
2024-09-11 06:55:07,089 - INFO - No translation for group 9
2024-09-11 06:55:07,101 - INFO - No translation for group 9
2024-09-11 06:55:07,109 - INFO - No translation for group 9
2024-09-11 06:55:07,123 - INFO - No translation for group 9
2024-09-11 06:55:07,135 - INFO - No translation for group 9
2024-09-11 06:55:07,149 - INFO - No translation for group 9
2024-09-11 06:55:07,162 - INFO - No translation for group 9
2024-09-11 06:55:07,169 - INFO - No translation for group 9
2024-09-11 06:55:07,176 - INFO - No translation for group 9
2024-09-11 06:55:07,184 - INFO - No translation for group 9
2024-09-11 06:55:07,191 - INFO - No translation for group 9
2024-09-11 06:55:07,202 - INFO - No translation for group 9
2024-09-11 06:55:07,210 - INFO - No translation for group 9
2024-09-11 06:55:07,221 - INFO - No translation for group 9
2024-09-11 06:55:07,229 - INFO - No translation for group 9
2024-09-11 06:55:07,236 - INFO - No translation for group 9
2024-09-11 06:55:07,244 - INFO - No translation for group 9
2024-09-11 06:55:07,253 - INFO - No translation for group 9
2024-09-11 06:55:07,262 - INFO - No translation for group 9
2024-09-11 06:55:07,270 - INFO - No translation for group 9
2024-09-11 06:55:07,278 - INFO - No translation for group 9
2024-09-11 06:55:07,285 - INFO - No translation for group 9
2024-09-11 06:55:07,293 - INFO - No translation for group 9
2024-09-11 06:55:07,301 - INFO - No translation for group 9
2024-09-11 06:55:07,310 - INFO - No translation for group 9
2024-09-11 06:55:07,320 - INFO - No translation for group 9
2024-09-11 06:55:07,330 - INFO - No translation for group 9
2024-09-11 06:55:07,339 - INFO - No translation for group 9
2024-09-11 06:55:07,349 - INFO - No translation for group 9
2024-09-11 06:55:07,358 - INFO - No translation for group 9
2024-09-11 06:55:07,368 - INFO - No translation for group 9
2024-09-11 06:55:07,377 - INFO - No translation for group 9
2024-09-11 06:55:07,384 - INFO - No translation for group 9
2024-09-11 06:55:07,393 - INFO - No translation for group 9
2024-09-11 06:55:07,402 - INFO - No translation for group 9
2024-09-11 06:55:07,410 - INFO - No translation for group 9
2024-09-11 06:55:07,418 - INFO - No translation for group 9
2024-09-11 06:55:07,430 - INFO - No translation for group 9
2024-09-11 06:55:07,440 - INFO - No translation for group 9
2024-09-11 06:55:07,449 - INFO - No translation for group 9
2024-09-11 06:55:07,460 - INFO - No translation for group 9
2024-09-11 06:55:07,471 - INFO - No translation for group 9
2024-09-11 06:55:07,480 - INFO - No translation for group 9
2024-09-11 06:55:07,488 - INFO - No translation for group 9
2024-09-11 06:55:07,497 - INFO - No translation for group 9
2024-09-11 06:55:07,506 - INFO - No translation for group 9
2024-09-11 06:55:07,514 - INFO - No translation for group 9
2024-09-11 06:55:07,522 - INFO - No translation for group 9
2024-09-11 06:55:07,530 - INFO - No translation for group 9
2024-09-11 06:55:07,541 - INFO - No translation for group 9
2024-09-11 06:55:07,549 - INFO - No translation for group 9
2024-09-11 06:55:07,557 - INFO - No translation for group 9
2024-09-11 06:55:07,565 - INFO - No translation for group 9
2024-09-11 06:55:07,575 - INFO - No translation for group 9
2024-09-11 06:55:07,585 - INFO - No translation for group 9
2024-09-11 06:55:07,595 - INFO - No translation for group 9
2024-09-11 06:55:07,606 - INFO - No translation for group 9
2024-09-11 06:55:07,617 - INFO - No translation for group 9
2024-09-11 06:55:07,628 - INFO - No translation for group 9
2024-09-11 06:55:07,639 - INFO - No translation for group 9
2024-09-11 06:55:07,649 - INFO - No translation for group 9
2024-09-11 06:55:07,660 - INFO - No translation for group 9
2024-09-11 06:55:07,670 - INFO - No translation for group 9
2024-09-11 06:55:07,679 - INFO - No translation for group 9
2024-09-11 06:55:07,688 - INFO - No translation for group 9
2024-09-11 06:55:07,695 - INFO - No translation for group 9
2024-09-11 06:55:07,704 - INFO - No translation for group 9
2024-09-11 06:55:07,712 - INFO - No translation for group 9
2024-09-11 06:55:07,721 - INFO - No translation for group 9
2024-09-11 06:55:07,728 - INFO - No translation for group 9
2024-09-11 06:55:07,735 - INFO - No translation for group 9
2024-09-11 06:55:07,743 - INFO - No translation for group 9
2024-09-11 06:55:07,751 - INFO - No translation for group 9
2024-09-11 06:55:07,764 - INFO - No translation for group 9
2024-09-11 06:55:07,773 - INFO - No translation for group 9
2024-09-11 06:55:07,781 - INFO - No translation for group 9
2024-09-11 06:55:07,790 - INFO - No translation for group 9
2024-09-11 06:55:07,798 - INFO - No translation for group 9
2024-09-11 06:55:07,806 - INFO - No translation for group 9
2024-09-11 06:55:07,815 - INFO - No translation for group 9
2024-09-11 06:55:07,826 - INFO - No translation for group 9
2024-09-11 06:55:07,836 - INFO - No translation for group 9
2024-09-11 06:55:07,846 - INFO - No translation for group 9
2024-09-11 06:55:07,856 - INFO - No translation for group 9
2024-09-11 06:55:07,866 - INFO - No translation for group 9
2024-09-11 06:55:07,878 - INFO - No translation for group 9
2024-09-11 06:55:07,889 - INFO - No translation for group 9
2024-09-11 06:55:07,898 - INFO - No translation for group 9
2024-09-11 06:55:07,907 - INFO - No translation for group 9
2024-09-11 06:55:07,917 - INFO - No translation for group 9
2024-09-11 06:55:07,927 - INFO - No translation for group 9
2024-09-11 06:55:07,936 - INFO - No translation for group 9
2024-09-11 06:55:07,945 - INFO - No translation for group 9
2024-09-11 06:55:07,954 - INFO - No translation for group 9
2024-09-11 06:55:07,963 - INFO - No translation for group 9
2024-09-11 06:55:07,971 - INFO - No translation for group 9
2024-09-11 06:55:07,978 - INFO - No translation for group 9
2024-09-11 06:55:07,990 - INFO - No translation for group 9
2024-09-11 06:55:07,998 - INFO - No translation for group 9
2024-09-11 06:55:08,005 - INFO - No translation for group 9
2024-09-11 06:55:08,013 - INFO - No translation for group 9
2024-09-11 06:55:08,021 - INFO - No translation for group 9
2024-09-11 06:55:08,029 - INFO - No translation for group 9
2024-09-11 06:55:08,037 - INFO - No translation for group 9
2024-09-11 06:55:08,045 - INFO - No translation for group 9
2024-09-11 06:55:08,053 - INFO - No translation for group 9
2024-09-11 06:55:08,061 - INFO - No translation for group 9
2024-09-11 06:55:08,069 - INFO - No translation for group 9
2024-09-11 06:55:08,077 - INFO - No translation for group 9
2024-09-11 06:55:08,088 - INFO - No translation for group 9
2024-09-11 06:55:08,096 - INFO - No translation for group 9
2024-09-11 06:55:08,105 - INFO - No translation for group 9
2024-09-11 06:55:08,115 - INFO - No translation for group 9
2024-09-11 06:55:08,124 - INFO - No translation for group 9
2024-09-11 06:55:08,133 - INFO - No translation for group 9
2024-09-11 06:55:08,143 - INFO - No translation for group 9
2024-09-11 06:55:08,152 - INFO - No translation for group 9
2024-09-11 06:55:08,159 - INFO - No translation for group 9
2024-09-11 06:55:08,167 - INFO - No translation for group 9
2024-09-11 06:55:08,175 - INFO - No translation for group 9
2024-09-11 06:55:08,185 - INFO - No translation for group 9
2024-09-11 06:55:08,197 - INFO - No translation for group 9
2024-09-11 06:55:08,206 - INFO - No translation for group 9
2024-09-11 06:55:08,214 - INFO - No translation for group 9
2024-09-11 06:55:08,223 - INFO - No translation for group 9
2024-09-11 06:55:08,232 - INFO - No translation for group 9
2024-09-11 06:55:08,240 - INFO - No translation for group 9
2024-09-11 06:55:08,249 - INFO - No translation for group 9
2024-09-11 06:55:08,258 - INFO - No translation for group 9
2024-09-11 06:55:08,266 - INFO - No translation for group 9
2024-09-11 06:55:08,274 - INFO - No translation for group 9
2024-09-11 06:55:08,283 - INFO - No translation for group 9
2024-09-11 06:55:08,290 - INFO - No translation for group 9
2024-09-11 06:55:08,302 - INFO - No translation for group 9
2024-09-11 06:55:08,310 - INFO - No translation for group 9
2024-09-11 06:55:08,319 - INFO - No translation for group 9
2024-09-11 06:55:08,326 - INFO - No translation for group 9
2024-09-11 06:55:08,334 - INFO - No translation for group 9
2024-09-11 06:55:08,341 - INFO - No translation for group 9
2024-09-11 06:55:08,350 - INFO - No translation for group 9
2024-09-11 06:55:08,357 - INFO - No translation for group 9
2024-09-11 06:55:08,365 - INFO - No translation for group 9
2024-09-11 06:55:08,372 - INFO - No translation for group 9
2024-09-11 06:55:08,380 - INFO - No translation for group 9
2024-09-11 06:55:08,387 - INFO - No translation for group 9
2024-09-11 06:55:08,399 - INFO - No translation for group 9
2024-09-11 06:55:08,407 - INFO - No translation for group 9
2024-09-11 06:55:08,414 - INFO - No translation for group 9
2024-09-11 06:55:08,421 - INFO - No translation for group 9
2024-09-11 06:55:08,428 - INFO - No translation for group 9
2024-09-11 06:55:08,436 - INFO - No translation for group 9
2024-09-11 06:55:08,445 - INFO - No translation for group 9
2024-09-11 06:55:08,453 - INFO - No translation for group 9
2024-09-11 06:55:08,463 - INFO - No translation for group 9
2024-09-11 06:55:08,471 - INFO - No translation for group 9
2024-09-11 06:55:08,478 - INFO - No translation for group 9
2024-09-11 06:55:08,485 - INFO - No translation for group 9
2024-09-11 06:55:08,497 - INFO - No translation for group 9
2024-09-11 06:55:08,505 - INFO - No translation for group 9
2024-09-11 06:55:08,513 - INFO - No translation for group 9
2024-09-11 06:55:08,521 - INFO - No translation for group 9
2024-09-11 06:55:08,529 - INFO - No translation for group 9
2024-09-11 06:55:08,536 - INFO - No translation for group 9
2024-09-11 06:55:08,544 - INFO - No translation for group 9
2024-09-11 06:55:08,552 - INFO - No translation for group 9
2024-09-11 06:55:08,560 - INFO - No translation for group 9
2024-09-11 06:55:08,567 - INFO - No translation for group 9
2024-09-11 06:55:08,577 - INFO - No translation for group 9
2024-09-11 06:55:08,587 - INFO - No translation for group 9
2024-09-11 06:55:08,599 - INFO - No translation for group 9
2024-09-11 06:55:08,607 - INFO - No translation for group 9
2024-09-11 06:55:08,614 - INFO - No translation for group 9
2024-09-11 06:55:08,623 - INFO - No translation for group 9
2024-09-11 06:55:08,630 - INFO - No translation for group 9
2024-09-11 06:55:08,637 - INFO - No translation for group 9
2024-09-11 06:55:08,645 - INFO - No translation for group 9
2024-09-11 06:55:08,652 - INFO - No translation for group 9
2024-09-11 06:55:08,660 - INFO - No translation for group 9
2024-09-11 06:55:08,667 - INFO - No translation for group 9
2024-09-11 06:55:08,675 - INFO - No translation for group 9
2024-09-11 06:55:08,683 - INFO - No translation for group 9
2024-09-11 06:55:08,693 - INFO - No translation for group 9
2024-09-11 06:55:08,701 - INFO - No translation for group 9
2024-09-11 06:55:08,708 - INFO - No translation for group 9
2024-09-11 06:55:08,715 - INFO - No translation for group 9
2024-09-11 06:55:08,723 - INFO - No translation for group 9
2024-09-11 06:55:08,730 - INFO - No translation for group 9
2024-09-11 06:55:08,737 - INFO - No translation for group 9
2024-09-11 06:55:08,745 - INFO - No translation for group 9
2024-09-11 06:55:08,753 - INFO - No translation for group 9
2024-09-11 06:55:08,762 - INFO - No translation for group 9
2024-09-11 06:55:08,769 - INFO - No translation for group 9
2024-09-11 06:55:08,777 - INFO - No translation for group 9
2024-09-11 06:55:08,787 - INFO - No translation for group 9
2024-09-11 06:55:08,796 - INFO - No translation for group 9
2024-09-11 06:55:08,803 - INFO - No translation for group 9
2024-09-11 06:55:08,810 - INFO - No translation for group 9
2024-09-11 06:55:08,818 - INFO - No translation for group 9
2024-09-11 06:55:08,825 - INFO - No translation for group 9
2024-09-11 06:55:08,833 - INFO - No translation for group 9
2024-09-11 06:55:08,841 - INFO - No translation for group 9
2024-09-11 06:55:08,848 - INFO - No translation for group 9
2024-09-11 06:55:08,857 - INFO - No translation for group 9
2024-09-11 06:55:08,867 - INFO - No translation for group 9
2024-09-11 06:55:08,877 - INFO - No translation for group 9
2024-09-11 06:55:08,888 - INFO - No translation for group 9
2024-09-11 06:55:08,896 - INFO - No translation for group 9
2024-09-11 06:55:08,903 - INFO - No translation for group 9
2024-09-11 06:55:08,911 - INFO - No translation for group 9
2024-09-11 06:55:08,918 - INFO - No translation for group 9
2024-09-11 06:55:08,926 - INFO - No translation for group 9
2024-09-11 06:55:08,933 - INFO - No translation for group 9
2024-09-11 06:55:08,940 - INFO - No translation for group 9
2024-09-11 06:55:08,947 - INFO - No translation for group 9
2024-09-11 06:55:08,954 - INFO - No translation for group 9
2024-09-11 06:55:08,962 - INFO - No translation for group 9
2024-09-11 06:55:08,969 - INFO - No translation for group 9
2024-09-11 06:55:08,980 - INFO - No translation for group 9
2024-09-11 06:55:08,987 - INFO - No translation for group 9
2024-09-11 06:55:08,995 - INFO - No translation for group 9
2024-09-11 06:55:09,004 - INFO - No translation for group 9
2024-09-11 06:55:09,015 - INFO - No translation for group 9
2024-09-11 06:55:09,023 - INFO - No translation for group 9
2024-09-11 06:55:09,030 - INFO - No translation for group 9
2024-09-11 06:55:09,038 - INFO - No translation for group 9
2024-09-11 06:55:09,045 - INFO - No translation for group 9
2024-09-11 06:55:09,053 - INFO - No translation for group 9
2024-09-11 06:55:09,060 - INFO - No translation for group 9
2024-09-11 06:55:09,068 - INFO - No translation for group 9
2024-09-11 06:55:09,079 - INFO - No translation for group 9
2024-09-11 06:55:09,087 - INFO - No translation for group 9
2024-09-11 06:55:09,095 - INFO - No translation for group 9
2024-09-11 06:55:09,102 - INFO - No translation for group 9
2024-09-11 06:55:09,109 - INFO - No translation for group 9
2024-09-11 06:55:09,117 - INFO - No translation for group 9
2024-09-11 06:55:09,124 - INFO - No translation for group 9
2024-09-11 06:55:09,137 - INFO - No translation for group 9
2024-09-11 06:55:09,145 - INFO - No translation for group 9
2024-09-11 06:55:09,153 - INFO - No translation for group 9
2024-09-11 06:55:09,162 - INFO - No translation for group 9
2024-09-11 06:55:09,171 - INFO - No translation for group 9
2024-09-11 06:55:09,183 - INFO - No translation for group 9
2024-09-11 06:55:09,191 - INFO - No translation for group 9
2024-09-11 06:55:09,198 - INFO - No translation for group 9
2024-09-11 06:55:09,205 - INFO - No translation for group 9
2024-09-11 06:55:09,215 - INFO - No translation for group 9
2024-09-11 06:55:09,222 - INFO - No translation for group 9
2024-09-11 06:55:09,230 - INFO - No translation for group 9
2024-09-11 06:55:09,238 - INFO - No translation for group 9
2024-09-11 06:55:09,245 - INFO - No translation for group 9
2024-09-11 06:55:09,252 - INFO - No translation for group 9
2024-09-11 06:55:09,260 - INFO - No translation for group 9
2024-09-11 06:55:09,268 - INFO - No translation for group 9
2024-09-11 06:55:09,279 - INFO - No translation for group 9
2024-09-11 06:55:09,287 - INFO - No translation for group 9
2024-09-11 06:55:09,295 - INFO - No translation for group 9
2024-09-11 06:55:09,302 - INFO - No translation for group 9
2024-09-11 06:55:09,310 - INFO - No translation for group 9
2024-09-11 06:55:09,317 - INFO - No translation for group 9
2024-09-11 06:55:09,326 - INFO - No translation for group 9
2024-09-11 06:55:09,336 - INFO - No translation for group 9
2024-09-11 06:55:09,348 - INFO - No translation for group 9
2024-09-11 06:55:09,358 - INFO - No translation for group 9
2024-09-11 06:55:09,366 - INFO - No translation for group 9
2024-09-11 06:55:09,375 - INFO - No translation for group 9
2024-09-11 06:55:09,389 - INFO - No translation for group 9
2024-09-11 06:55:09,397 - INFO - No translation for group 9
2024-09-11 06:55:09,406 - INFO - No translation for group 9
2024-09-11 06:55:09,414 - INFO - No translation for group 9
2024-09-11 06:55:09,424 - INFO - No translation for group 9
2024-09-11 06:55:09,431 - INFO - No translation for group 9
2024-09-11 06:55:09,439 - INFO - No translation for group 9
2024-09-11 06:55:09,446 - INFO - No translation for group 9
2024-09-11 06:55:09,453 - INFO - No translation for group 9
2024-09-11 06:55:09,465 - INFO - Processed group 9, total frames: 478/734
2024-09-11 06:55:09,465 - INFO - No translation for group 10
2024-09-11 06:55:09,477 - INFO - No translation for group 10
2024-09-11 06:55:09,486 - INFO - No translation for group 10
2024-09-11 06:55:09,502 - INFO - No translation for group 10
2024-09-11 06:55:09,511 - INFO - No translation for group 10
2024-09-11 06:55:09,520 - INFO - No translation for group 10
2024-09-11 06:55:09,529 - INFO - No translation for group 10
2024-09-11 06:55:09,540 - INFO - No translation for group 10
2024-09-11 06:55:09,549 - INFO - No translation for group 10
2024-09-11 06:55:09,556 - INFO - No translation for group 10
2024-09-11 06:55:09,564 - INFO - No translation for group 10
2024-09-11 06:55:09,571 - INFO - No translation for group 10
2024-09-11 06:55:09,579 - INFO - No translation for group 10
2024-09-11 06:55:09,591 - INFO - No translation for group 10
2024-09-11 06:55:09,599 - INFO - No translation for group 10
2024-09-11 06:55:09,610 - INFO - No translation for group 10
2024-09-11 06:55:09,622 - INFO - No translation for group 10
2024-09-11 06:55:09,632 - INFO - No translation for group 10
2024-09-11 06:55:09,640 - INFO - No translation for group 10
2024-09-11 06:55:09,650 - INFO - No translation for group 10
2024-09-11 06:55:09,662 - INFO - No translation for group 10
2024-09-11 06:55:09,670 - INFO - No translation for group 10
2024-09-11 06:55:09,677 - INFO - No translation for group 10
2024-09-11 06:55:09,685 - INFO - No translation for group 10
2024-09-11 06:55:09,692 - INFO - No translation for group 10
2024-09-11 06:55:09,699 - INFO - No translation for group 10
2024-09-11 06:55:09,708 - INFO - No translation for group 10
2024-09-11 06:55:09,722 - INFO - No translation for group 10
2024-09-11 06:55:09,730 - INFO - No translation for group 10
2024-09-11 06:55:09,739 - INFO - No translation for group 10
2024-09-11 06:55:09,751 - INFO - No translation for group 10
2024-09-11 06:55:09,759 - INFO - No translation for group 10
2024-09-11 06:55:09,768 - INFO - No translation for group 10
2024-09-11 06:55:09,778 - INFO - No translation for group 10
2024-09-11 06:55:09,786 - INFO - No translation for group 10
2024-09-11 06:55:09,797 - INFO - No translation for group 10
2024-09-11 06:55:09,805 - INFO - No translation for group 10
2024-09-11 06:55:09,812 - INFO - No translation for group 10
2024-09-11 06:55:09,820 - INFO - No translation for group 10
2024-09-11 06:55:09,831 - INFO - No translation for group 10
2024-09-11 06:55:09,843 - INFO - No translation for group 10
2024-09-11 06:55:09,852 - INFO - No translation for group 10
2024-09-11 06:55:09,861 - INFO - No translation for group 10
2024-09-11 06:55:09,869 - INFO - No translation for group 10
2024-09-11 06:55:09,878 - INFO - No translation for group 10
2024-09-11 06:55:09,887 - INFO - No translation for group 10
2024-09-11 06:55:09,895 - INFO - No translation for group 10
2024-09-11 06:55:09,902 - INFO - No translation for group 10
2024-09-11 06:55:09,910 - INFO - No translation for group 10
2024-09-11 06:55:09,918 - INFO - No translation for group 10
2024-09-11 06:55:09,928 - INFO - No translation for group 10
2024-09-11 06:55:09,941 - INFO - No translation for group 10
2024-09-11 06:55:09,950 - INFO - No translation for group 10
2024-09-11 06:55:09,957 - INFO - No translation for group 10
2024-09-11 06:55:09,965 - INFO - No translation for group 10
2024-09-11 06:55:09,972 - INFO - No translation for group 10
2024-09-11 06:55:09,980 - INFO - No translation for group 10
2024-09-11 06:55:09,987 - INFO - No translation for group 10
2024-09-11 06:55:09,995 - INFO - No translation for group 10
2024-09-11 06:55:10,002 - INFO - No translation for group 10
2024-09-11 06:55:10,010 - INFO - No translation for group 10
2024-09-11 06:55:10,017 - INFO - No translation for group 10
2024-09-11 06:55:10,024 - INFO - No translation for group 10
2024-09-11 06:55:10,035 - INFO - No translation for group 10
2024-09-11 06:55:10,043 - INFO - No translation for group 10
2024-09-11 06:55:10,050 - INFO - No translation for group 10
2024-09-11 06:55:10,057 - INFO - No translation for group 10
2024-09-11 06:55:10,065 - INFO - No translation for group 10
2024-09-11 06:55:10,073 - INFO - No translation for group 10
2024-09-11 06:55:10,081 - INFO - No translation for group 10
2024-09-11 06:55:10,088 - INFO - No translation for group 10
2024-09-11 06:55:10,096 - INFO - No translation for group 10
2024-09-11 06:55:10,103 - INFO - No translation for group 10
2024-09-11 06:55:10,110 - INFO - No translation for group 10
2024-09-11 06:55:10,118 - INFO - No translation for group 10
2024-09-11 06:55:10,129 - INFO - No translation for group 10
2024-09-11 06:55:10,137 - INFO - No translation for group 10
2024-09-11 06:55:10,145 - INFO - No translation for group 10
2024-09-11 06:55:10,152 - INFO - No translation for group 10
2024-09-11 06:55:10,160 - INFO - No translation for group 10
2024-09-11 06:55:10,167 - INFO - No translation for group 10
2024-09-11 06:55:10,175 - INFO - No translation for group 10
2024-09-11 06:55:10,182 - INFO - No translation for group 10
2024-09-11 06:55:10,191 - INFO - No translation for group 10
2024-09-11 06:55:10,198 - INFO - No translation for group 10
2024-09-11 06:55:10,205 - INFO - No translation for group 10
2024-09-11 06:55:10,213 - INFO - No translation for group 10
2024-09-11 06:55:10,223 - INFO - No translation for group 10
2024-09-11 06:55:10,231 - INFO - No translation for group 10
2024-09-11 06:55:10,239 - INFO - No translation for group 10
2024-09-11 06:55:10,246 - INFO - No translation for group 10
2024-09-11 06:55:10,254 - INFO - No translation for group 10
2024-09-11 06:55:10,261 - INFO - No translation for group 10
2024-09-11 06:55:10,269 - INFO - No translation for group 10
2024-09-11 06:55:10,277 - INFO - No translation for group 10
2024-09-11 06:55:10,285 - INFO - No translation for group 10
2024-09-11 06:55:10,293 - INFO - No translation for group 10
2024-09-11 06:55:10,301 - INFO - No translation for group 10
2024-09-11 06:55:10,309 - INFO - No translation for group 10
2024-09-11 06:55:10,320 - INFO - No translation for group 10
2024-09-11 06:55:10,329 - INFO - No translation for group 10
2024-09-11 06:55:10,337 - INFO - No translation for group 10
2024-09-11 06:55:10,345 - INFO - No translation for group 10
2024-09-11 06:55:10,354 - INFO - No translation for group 10
2024-09-11 06:55:10,364 - INFO - No translation for group 10
2024-09-11 06:55:10,373 - INFO - No translation for group 10
2024-09-11 06:55:10,381 - INFO - No translation for group 10
2024-09-11 06:55:10,390 - INFO - No translation for group 10
2024-09-11 06:55:10,398 - INFO - No translation for group 10
2024-09-11 06:55:10,407 - INFO - No translation for group 10
2024-09-11 06:55:10,414 - INFO - No translation for group 10
2024-09-11 06:55:10,425 - INFO - No translation for group 10
2024-09-11 06:55:10,433 - INFO - No translation for group 10
2024-09-11 06:55:10,441 - INFO - No translation for group 10
2024-09-11 06:55:10,448 - INFO - No translation for group 10
2024-09-11 06:55:10,456 - INFO - No translation for group 10
2024-09-11 06:55:10,464 - INFO - No translation for group 10
2024-09-11 06:55:10,472 - INFO - No translation for group 10
2024-09-11 06:55:10,479 - INFO - No translation for group 10
2024-09-11 06:55:10,488 - INFO - No translation for group 10
2024-09-11 06:55:10,496 - INFO - No translation for group 10
2024-09-11 06:55:10,505 - INFO - No translation for group 10
2024-09-11 06:55:10,513 - INFO - No translation for group 10
2024-09-11 06:55:10,524 - INFO - No translation for group 10
2024-09-11 06:55:10,533 - INFO - No translation for group 10
2024-09-11 06:55:10,541 - INFO - No translation for group 10
2024-09-11 06:55:10,549 - INFO - No translation for group 10
2024-09-11 06:55:10,557 - INFO - No translation for group 10
2024-09-11 06:55:10,564 - INFO - No translation for group 10
2024-09-11 06:55:10,572 - INFO - No translation for group 10
2024-09-11 06:55:10,579 - INFO - No translation for group 10
2024-09-11 06:55:10,586 - INFO - No translation for group 10
2024-09-11 06:55:10,594 - INFO - No translation for group 10
2024-09-11 06:55:10,601 - INFO - No translation for group 10
2024-09-11 06:55:10,609 - INFO - No translation for group 10
2024-09-11 06:55:10,620 - INFO - No translation for group 10
2024-09-11 06:55:10,628 - INFO - No translation for group 10
2024-09-11 06:55:10,635 - INFO - No translation for group 10
2024-09-11 06:55:10,642 - INFO - No translation for group 10
2024-09-11 06:55:10,650 - INFO - No translation for group 10
2024-09-11 06:55:10,657 - INFO - No translation for group 10
2024-09-11 06:55:10,664 - INFO - No translation for group 10
2024-09-11 06:55:10,672 - INFO - No translation for group 10
2024-09-11 06:55:10,679 - INFO - No translation for group 10
2024-09-11 06:55:10,687 - INFO - No translation for group 10
2024-09-11 06:55:10,694 - INFO - No translation for group 10
2024-09-11 06:55:10,701 - INFO - No translation for group 10
2024-09-11 06:55:10,712 - INFO - No translation for group 10
2024-09-11 06:55:10,720 - INFO - No translation for group 10
2024-09-11 06:55:10,727 - INFO - No translation for group 10
2024-09-11 06:55:10,734 - INFO - No translation for group 10
2024-09-11 06:55:10,742 - INFO - No translation for group 10
2024-09-11 06:55:10,749 - INFO - No translation for group 10
2024-09-11 06:55:10,756 - INFO - No translation for group 10
2024-09-11 06:55:10,764 - INFO - No translation for group 10
2024-09-11 06:55:10,771 - INFO - No translation for group 10
2024-09-11 06:55:10,778 - INFO - No translation for group 10
2024-09-11 06:55:10,786 - INFO - No translation for group 10
2024-09-11 06:55:10,793 - INFO - No translation for group 10
2024-09-11 06:55:10,804 - INFO - No translation for group 10
2024-09-11 06:55:10,811 - INFO - No translation for group 10
2024-09-11 06:55:10,819 - INFO - No translation for group 10
2024-09-11 06:55:10,826 - INFO - No translation for group 10
2024-09-11 06:55:10,833 - INFO - No translation for group 10
2024-09-11 06:55:10,840 - INFO - No translation for group 10
2024-09-11 06:55:10,848 - INFO - No translation for group 10
2024-09-11 06:55:10,855 - INFO - No translation for group 10
2024-09-11 06:55:10,862 - INFO - No translation for group 10
2024-09-11 06:55:10,869 - INFO - No translation for group 10
2024-09-11 06:55:10,877 - INFO - No translation for group 10
2024-09-11 06:55:10,884 - INFO - No translation for group 10
2024-09-11 06:55:10,895 - INFO - No translation for group 10
2024-09-11 06:55:10,902 - INFO - No translation for group 10
2024-09-11 06:55:10,910 - INFO - No translation for group 10
2024-09-11 06:55:10,917 - INFO - No translation for group 10
2024-09-11 06:55:10,924 - INFO - No translation for group 10
2024-09-11 06:55:10,932 - INFO - No translation for group 10
2024-09-11 06:55:10,939 - INFO - No translation for group 10
2024-09-11 06:55:10,946 - INFO - No translation for group 10
2024-09-11 06:55:10,953 - INFO - No translation for group 10
2024-09-11 06:55:10,961 - INFO - No translation for group 10
2024-09-11 06:55:10,968 - INFO - No translation for group 10
2024-09-11 06:55:10,975 - INFO - No translation for group 10
2024-09-11 06:55:10,985 - INFO - No translation for group 10
2024-09-11 06:55:10,993 - INFO - No translation for group 10
2024-09-11 06:55:11,001 - INFO - No translation for group 10
2024-09-11 06:55:11,010 - INFO - No translation for group 10
2024-09-11 06:55:11,018 - INFO - No translation for group 10
2024-09-11 06:55:11,025 - INFO - No translation for group 10
2024-09-11 06:55:11,032 - INFO - No translation for group 10
2024-09-11 06:55:11,040 - INFO - No translation for group 10
2024-09-11 06:55:11,047 - INFO - No translation for group 10
2024-09-11 06:55:11,054 - INFO - No translation for group 10
2024-09-11 06:55:11,061 - INFO - No translation for group 10
2024-09-11 06:55:11,069 - INFO - No translation for group 10
2024-09-11 06:55:11,080 - INFO - No translation for group 10
2024-09-11 06:55:11,088 - INFO - No translation for group 10
2024-09-11 06:55:11,095 - INFO - No translation for group 10
2024-09-11 06:55:11,102 - INFO - No translation for group 10
2024-09-11 06:55:11,109 - INFO - No translation for group 10
2024-09-11 06:55:11,117 - INFO - No translation for group 10
2024-09-11 06:55:11,124 - INFO - No translation for group 10
2024-09-11 06:55:11,131 - INFO - No translation for group 10
2024-09-11 06:55:11,139 - INFO - No translation for group 10
2024-09-11 06:55:11,146 - INFO - No translation for group 10
2024-09-11 06:55:11,153 - INFO - No translation for group 10
2024-09-11 06:55:11,161 - INFO - No translation for group 10
2024-09-11 06:55:11,172 - INFO - No translation for group 10
2024-09-11 06:55:11,179 - INFO - No translation for group 10
2024-09-11 06:55:11,187 - INFO - No translation for group 10
2024-09-11 06:55:11,194 - INFO - No translation for group 10
2024-09-11 06:55:11,203 - INFO - No translation for group 10
2024-09-11 06:55:11,212 - INFO - No translation for group 10
2024-09-11 06:55:11,220 - INFO - No translation for group 10
2024-09-11 06:55:11,228 - INFO - No translation for group 10
2024-09-11 06:55:11,235 - INFO - No translation for group 10
2024-09-11 06:55:11,243 - INFO - No translation for group 10
2024-09-11 06:55:11,250 - INFO - No translation for group 10
2024-09-11 06:55:11,257 - INFO - No translation for group 10
2024-09-11 06:55:11,268 - INFO - No translation for group 10
2024-09-11 06:55:11,276 - INFO - No translation for group 10
2024-09-11 06:55:11,284 - INFO - No translation for group 10
2024-09-11 06:55:11,292 - INFO - No translation for group 10
2024-09-11 06:55:11,299 - INFO - No translation for group 10
2024-09-11 06:55:11,308 - INFO - No translation for group 10
2024-09-11 06:55:11,316 - INFO - No translation for group 10
2024-09-11 06:55:11,325 - INFO - No translation for group 10
2024-09-11 06:55:11,334 - INFO - No translation for group 10
2024-09-11 06:55:11,345 - INFO - No translation for group 10
2024-09-11 06:55:11,353 - INFO - No translation for group 10
2024-09-11 06:55:11,361 - INFO - No translation for group 10
2024-09-11 06:55:11,372 - INFO - No translation for group 10
2024-09-11 06:55:11,380 - INFO - No translation for group 10
2024-09-11 06:55:11,389 - INFO - No translation for group 10
2024-09-11 06:55:11,398 - INFO - No translation for group 10
2024-09-11 06:55:11,406 - INFO - No translation for group 10
2024-09-11 06:55:11,414 - INFO - No translation for group 10
2024-09-11 06:55:11,422 - INFO - No translation for group 10
2024-09-11 06:55:11,429 - INFO - No translation for group 10
2024-09-11 06:55:11,438 - INFO - No translation for group 10
2024-09-11 06:55:11,447 - INFO - No translation for group 10
2024-09-11 06:55:11,458 - INFO - No translation for group 10
2024-09-11 06:55:11,467 - INFO - No translation for group 10
2024-09-11 06:55:11,479 - INFO - No translation for group 10
2024-09-11 06:55:11,488 - INFO - No translation for group 10
2024-09-11 06:55:11,496 - INFO - No translation for group 10
2024-09-11 06:55:11,505 - INFO - No translation for group 10
2024-09-11 06:55:11,513 - INFO - No translation for group 10
2024-09-11 06:55:11,522 - INFO - No translation for group 10
2024-09-11 06:55:11,531 - INFO - No translation for group 10
2024-09-11 06:55:11,542 - INFO - No translation for group 10
2024-09-11 06:55:11,552 - INFO - No translation for group 10
2024-09-11 06:55:11,562 - INFO - No translation for group 10
2024-09-11 06:55:11,571 - INFO - No translation for group 10
2024-09-11 06:55:11,580 - INFO - No translation for group 10
2024-09-11 06:55:11,594 - INFO - No translation for group 10
2024-09-11 06:55:11,603 - INFO - Processed group 10, total frames: 734/734
2024-09-11 06:55:11,605 - INFO - Adding audio to the output video...
2024-09-11 06:55:28,384 - INFO - Video processing complete!
